<?xml version="1.0" encoding="UTF-8"?>
<coverage generated="1682702850492" clover="3.2.0">
  <project timestamp="1682702850493" name="All files">
    <metrics statements="289" coveredstatements="187" conditionals="112" coveredconditionals="44" methods="110" coveredmethods="61" elements="511" coveredelements="292" complexity="0" loc="289" ncloc="289" packages="20" files="31" classes="31"/>
    <package name="src">
      <metrics statements="16" coveredstatements="15" conditionals="4" coveredconditionals="3" methods="5" coveredmethods="5"/>
      <file name="App.tsx" path="D:/D/_learning_frontend/_Narnia/2022/_RSS/st3-react-ssr/src/App.tsx">
        <metrics statements="5" coveredstatements="5" conditionals="1" coveredconditionals="1" methods="2" coveredmethods="2"/>
        <line num="1" count="70" type="cond" truecount="1" falsecount="0"/>
        <line num="4" count="10" type="stmt"/>
        <line num="5" count="20" type="stmt"/>
        <line num="10" count="10" type="stmt"/>
        <line num="12" count="10" type="stmt"/>
      </file>
      <file name="main.tsx" path="D:/D/_learning_frontend/_Narnia/2022/_RSS/st3-react-ssr/src/main.tsx">
        <metrics statements="4" coveredstatements="3" conditionals="2" coveredconditionals="1" methods="0" coveredmethods="0"/>
        <line num="10" count="10" type="stmt"/>
        <line num="12" count="10" type="cond" truecount="1" falsecount="1"/>
        <line num="13" count="10" type="stmt"/>
        <line num="23" count="0" type="stmt"/>
      </file>
      <file name="router.tsx" path="D:/D/_learning_frontend/_Narnia/2022/_RSS/st3-react-ssr/src/router.tsx">
        <metrics statements="5" coveredstatements="5" conditionals="1" coveredconditionals="1" methods="2" coveredmethods="2"/>
        <line num="1" count="70" type="cond" truecount="1" falsecount="0"/>
        <line num="9" count="10" type="stmt"/>
        <line num="10" count="20" type="stmt"/>
        <line num="18" count="10" type="stmt"/>
        <line num="20" count="10" type="stmt"/>
      </file>
      <file name="store.tsx" path="D:/D/_learning_frontend/_Narnia/2022/_RSS/st3-react-ssr/src/store.tsx">
        <metrics statements="2" coveredstatements="2" conditionals="0" coveredconditionals="0" methods="1" coveredmethods="1"/>
        <line num="8" count="10" type="stmt"/>
        <line num="15" count="10" type="stmt"/>
      </file>
    </package>
    <package name="src.components.InputCard">
      <metrics statements="6" coveredstatements="3" conditionals="1" coveredconditionals="1" methods="3" coveredmethods="1"/>
      <file name="InputCard.tsx" path="D:/D/_learning_frontend/_Narnia/2022/_RSS/st3-react-ssr/src/components/InputCard/InputCard.tsx">
        <metrics statements="6" coveredstatements="3" conditionals="1" coveredconditionals="1" methods="3" coveredmethods="1"/>
        <line num="1" count="70" type="cond" truecount="1" falsecount="0"/>
        <line num="11" count="10" type="stmt"/>
        <line num="12" count="0" type="stmt"/>
        <line num="13" count="0" type="stmt"/>
        <line num="16" count="0" type="stmt"/>
        <line num="55" count="10" type="stmt"/>
      </file>
    </package>
    <package name="src.components.PlantModal">
      <metrics statements="59" coveredstatements="23" conditionals="33" coveredconditionals="3" methods="20" coveredmethods="9"/>
      <file name="PlantModal.tsx" path="D:/D/_learning_frontend/_Narnia/2022/_RSS/st3-react-ssr/src/components/PlantModal/PlantModal.tsx">
        <metrics statements="31" coveredstatements="18" conditionals="27" coveredconditionals="3" methods="12" coveredmethods="8"/>
        <line num="16" count="10" type="stmt"/>
        <line num="18" count="20" type="stmt"/>
        <line num="19" count="20" type="stmt"/>
        <line num="20" count="92" type="stmt"/>
        <line num="21" count="92" type="stmt"/>
        <line num="22" count="92" type="stmt"/>
        <line num="23" count="92" type="stmt"/>
        <line num="24" count="20" type="stmt"/>
        <line num="26" count="20" type="stmt"/>
        <line num="27" count="20" type="cond" truecount="0" falsecount="1"/>
        <line num="28" count="0" type="stmt"/>
        <line num="32" count="20" type="stmt"/>
        <line num="33" count="20" type="cond" truecount="0" falsecount="1"/>
        <line num="34" count="0" type="cond" truecount="0" falsecount="1"/>
        <line num="35" count="0" type="stmt"/>
        <line num="40" count="20" type="cond" truecount="1" falsecount="2"/>
        <line num="41" count="0" type="stmt"/>
        <line num="48" count="20" type="cond" truecount="1" falsecount="2"/>
        <line num="49" count="0" type="stmt"/>
        <line num="56" count="20" type="cond" truecount="1" falsecount="0"/>
        <line num="57" count="20" type="stmt"/>
        <line num="60" count="0" type="stmt"/>
        <line num="61" count="0" type="stmt"/>
        <line num="62" count="0" type="stmt"/>
        <line num="65" count="0" type="stmt"/>
        <line num="66" count="0" type="cond" truecount="0" falsecount="1"/>
        <line num="67" count="0" type="stmt"/>
        <line num="69" count="0" type="stmt"/>
        <line num="72" count="0" type="stmt"/>
        <line num="141" count="10" type="stmt"/>
        <line num="143" count="10" type="stmt"/>
      </file>
      <file name="plant-slice.tsx" path="D:/D/_learning_frontend/_Narnia/2022/_RSS/st3-react-ssr/src/components/PlantModal/plant-slice.tsx">
        <metrics statements="14" coveredstatements="4" conditionals="2" coveredconditionals="0" methods="7" coveredmethods="1"/>
        <line num="11" count="10" type="stmt"/>
        <line num="17" count="10" type="stmt"/>
        <line num="22" count="0" type="stmt"/>
        <line num="25" count="0" type="stmt"/>
        <line num="28" count="0" type="stmt"/>
        <line num="32" count="10" type="stmt"/>
        <line num="34" count="0" type="stmt"/>
        <line num="35" count="0" type="stmt"/>
        <line num="38" count="0" type="stmt"/>
        <line num="42" count="0" type="stmt"/>
        <line num="43" count="0" type="stmt"/>
        <line num="46" count="0" type="stmt"/>
        <line num="47" count="0" type="cond" truecount="0" falsecount="2"/>
        <line num="52" count="10" type="stmt"/>
      </file>
      <file name="plant-thunk.tsx" path="D:/D/_learning_frontend/_Narnia/2022/_RSS/st3-react-ssr/src/components/PlantModal/plant-thunk.tsx">
        <metrics statements="14" coveredstatements="1" conditionals="4" coveredconditionals="0" methods="1" coveredmethods="0"/>
        <line num="6" count="10" type="stmt"/>
        <line num="14" count="0" type="stmt"/>
        <line num="16" count="0" type="stmt"/>
        <line num="17" count="0" type="stmt"/>
        <line num="18" count="0" type="stmt"/>
        <line num="19" count="0" type="cond" truecount="0" falsecount="1"/>
        <line num="20" count="0" type="stmt"/>
        <line num="22" count="0" type="stmt"/>
        <line num="23" count="0" type="cond" truecount="0" falsecount="3"/>
        <line num="24" count="0" type="stmt"/>
        <line num="26" count="0" type="stmt"/>
        <line num="27" count="0" type="stmt"/>
        <line num="29" count="0" type="stmt"/>
        <line num="30" count="0" type="stmt"/>
      </file>
    </package>
    <package name="src.components.UI.checkbox">
      <metrics statements="5" coveredstatements="3" conditionals="1" coveredconditionals="1" methods="2" coveredmethods="1"/>
      <file name="Checkbox.tsx" path="D:/D/_learning_frontend/_Narnia/2022/_RSS/st3-react-ssr/src/components/UI/checkbox/Checkbox.tsx">
        <metrics statements="5" coveredstatements="3" conditionals="1" coveredconditionals="1" methods="2" coveredmethods="1"/>
        <line num="1" count="70" type="cond" truecount="1" falsecount="0"/>
        <line num="17" count="10" type="stmt"/>
        <line num="18" count="0" type="stmt"/>
        <line num="20" count="0" type="stmt"/>
        <line num="44" count="10" type="stmt"/>
      </file>
    </package>
    <package name="src.components.UI.radioBtn">
      <metrics statements="6" coveredstatements="3" conditionals="1" coveredconditionals="1" methods="3" coveredmethods="1"/>
      <file name="Radio.tsx" path="D:/D/_learning_frontend/_Narnia/2022/_RSS/st3-react-ssr/src/components/UI/radioBtn/Radio.tsx">
        <metrics statements="6" coveredstatements="3" conditionals="1" coveredconditionals="1" methods="3" coveredmethods="1"/>
        <line num="1" count="70" type="cond" truecount="1" falsecount="0"/>
        <line num="17" count="10" type="stmt"/>
        <line num="18" count="0" type="stmt"/>
        <line num="19" count="0" type="stmt"/>
        <line num="27" count="0" type="stmt"/>
        <line num="45" count="10" type="stmt"/>
      </file>
    </package>
    <package name="src.components.UI.select">
      <metrics statements="6" coveredstatements="3" conditionals="1" coveredconditionals="1" methods="3" coveredmethods="1"/>
      <file name="Select.tsx" path="D:/D/_learning_frontend/_Narnia/2022/_RSS/st3-react-ssr/src/components/UI/select/Select.tsx">
        <metrics statements="6" coveredstatements="3" conditionals="1" coveredconditionals="1" methods="3" coveredmethods="1"/>
        <line num="1" count="70" type="cond" truecount="1" falsecount="0"/>
        <line num="19" count="10" type="stmt"/>
        <line num="29" count="0" type="stmt"/>
        <line num="30" count="0" type="stmt"/>
        <line num="38" count="0" type="stmt"/>
        <line num="45" count="10" type="stmt"/>
      </file>
    </package>
    <package name="src.components.card">
      <metrics statements="9" coveredstatements="8" conditionals="4" coveredconditionals="4" methods="3" coveredmethods="2"/>
      <file name="Card.tsx" path="D:/D/_learning_frontend/_Narnia/2022/_RSS/st3-react-ssr/src/components/card/Card.tsx">
        <metrics statements="9" coveredstatements="8" conditionals="4" coveredconditionals="4" methods="3" coveredmethods="2"/>
        <line num="25" count="332" type="stmt"/>
        <line num="26" count="332" type="stmt"/>
        <line num="27" count="332" type="stmt"/>
        <line num="29" count="332" type="cond" truecount="2" falsecount="0"/>
        <line num="39" count="332" type="cond" truecount="2" falsecount="0"/>
        <line num="49" count="332" type="stmt"/>
        <line num="50" count="0" type="stmt"/>
        <line num="53" count="332" type="stmt"/>
        <line num="66" count="10" type="stmt"/>
      </file>
    </package>
    <package name="src.components.cards">
      <metrics statements="55" coveredstatements="51" conditionals="18" coveredconditionals="15" methods="19" coveredmethods="15"/>
      <file name="Cards.tsx" path="D:/D/_learning_frontend/_Narnia/2022/_RSS/st3-react-ssr/src/components/cards/Cards.tsx">
        <metrics statements="25" coveredstatements="25" conditionals="12" coveredconditionals="12" methods="9" coveredmethods="7"/>
        <line num="12" count="10" type="stmt"/>
        <line num="14" count="112" type="stmt"/>
        <line num="15" count="112" type="stmt"/>
        <line num="16" count="230" type="stmt"/>
        <line num="17" count="112" type="stmt"/>
        <line num="18" count="112" type="stmt"/>
        <line num="19" count="204" type="stmt"/>
        <line num="20" count="228" type="stmt"/>
        <line num="22" count="112" type="stmt"/>
        <line num="23" count="24" type="stmt"/>
        <line num="24" count="24" type="cond" truecount="2" falsecount="0"/>
        <line num="25" count="4" type="stmt"/>
        <line num="27" count="20" type="stmt"/>
        <line num="31" count="112" type="cond" truecount="1" falsecount="0"/>
        <line num="32" count="28" type="stmt"/>
        <line num="39" count="84" type="cond" truecount="1" falsecount="0"/>
        <line num="40" count="4" type="stmt"/>
        <line num="49" count="80" type="cond" truecount="4" falsecount="0"/>
        <line num="50" count="4" type="stmt"/>
        <line num="55" count="76" type="cond" truecount="2" falsecount="0"/>
        <line num="56" count="48" type="stmt"/>
        <line num="58" count="28" type="stmt"/>
        <line num="61" count="76" type="stmt"/>
        <line num="65" count="332" type="stmt"/>
        <line num="77" count="10" type="stmt"/>
      </file>
      <file name="cards-slice.tsx" path="D:/D/_learning_frontend/_Narnia/2022/_RSS/st3-react-ssr/src/components/cards/cards-slice.tsx">
        <metrics statements="16" coveredstatements="14" conditionals="2" coveredconditionals="1" methods="9" coveredmethods="7"/>
        <line num="13" count="10" type="stmt"/>
        <line num="20" count="10" type="stmt"/>
        <line num="25" count="0" type="stmt"/>
        <line num="28" count="42" type="stmt"/>
        <line num="31" count="0" type="stmt"/>
        <line num="35" count="10" type="stmt"/>
        <line num="36" count="24" type="stmt"/>
        <line num="38" count="10" type="stmt"/>
        <line num="39" count="14" type="stmt"/>
        <line num="40" count="14" type="stmt"/>
        <line num="42" count="10" type="stmt"/>
        <line num="43" count="4" type="stmt"/>
        <line num="44" count="4" type="cond" truecount="1" falsecount="1"/>
        <line num="49" count="10" type="stmt"/>
        <line num="51" count="266" type="stmt"/>
        <line num="52" count="90" type="stmt"/>
      </file>
      <file name="thunk.tsx" path="D:/D/_learning_frontend/_Narnia/2022/_RSS/st3-react-ssr/src/components/cards/thunk.tsx">
        <metrics statements="14" coveredstatements="12" conditionals="4" coveredconditionals="2" methods="1" coveredmethods="1"/>
        <line num="6" count="10" type="stmt"/>
        <line num="14" count="24" type="cond" truecount="2" falsecount="0"/>
        <line num="18" count="24" type="stmt"/>
        <line num="19" count="24" type="stmt"/>
        <line num="20" count="24" type="stmt"/>
        <line num="21" count="14" type="cond" truecount="0" falsecount="1"/>
        <line num="22" count="0" type="stmt"/>
        <line num="24" count="14" type="stmt"/>
        <line num="25" count="14" type="cond" truecount="0" falsecount="1"/>
        <line num="26" count="0" type="stmt"/>
        <line num="28" count="14" type="stmt"/>
        <line num="29" count="14" type="stmt"/>
        <line num="31" count="4" type="stmt"/>
        <line num="32" count="4" type="stmt"/>
      </file>
    </package>
    <package name="src.components.form">
      <metrics statements="39" coveredstatements="8" conditionals="30" coveredconditionals="0" methods="13" coveredmethods="0"/>
      <file name="Form.tsx" path="D:/D/_learning_frontend/_Narnia/2022/_RSS/st3-react-ssr/src/components/form/Form.tsx">
        <metrics statements="24" coveredstatements="3" conditionals="18" coveredconditionals="0" methods="8" coveredmethods="0"/>
        <line num="20" count="10" type="stmt"/>
        <line num="21" count="0" type="stmt"/>
        <line num="22" count="0" type="stmt"/>
        <line num="23" count="0" type="stmt"/>
        <line num="30" count="10" type="stmt"/>
        <line num="35" count="0" type="stmt"/>
        <line num="36" count="0" type="cond" truecount="0" falsecount="1"/>
        <line num="37" count="0" type="stmt"/>
        <line num="38" count="0" type="stmt"/>
        <line num="39" count="0" type="stmt"/>
        <line num="42" count="0" type="stmt"/>
        <line num="43" count="0" type="stmt"/>
        <line num="46" count="0" type="stmt"/>
        <line num="47" count="0" type="stmt"/>
        <line num="48" count="0" type="stmt"/>
        <line num="49" count="0" type="stmt"/>
        <line num="50" count="0" type="stmt"/>
        <line num="53" count="0" type="stmt"/>
        <line num="54" count="0" type="cond" truecount="0" falsecount="1"/>
        <line num="55" count="0" type="stmt"/>
        <line num="56" count="0" type="stmt"/>
        <line num="58" count="0" type="stmt"/>
        <line num="62" count="0" type="stmt"/>
        <line num="202" count="10" type="stmt"/>
      </file>
      <file name="form-utils.tsx" path="D:/D/_learning_frontend/_Narnia/2022/_RSS/st3-react-ssr/src/components/form/form-utils.tsx">
        <metrics statements="15" coveredstatements="5" conditionals="12" coveredconditionals="0" methods="5" coveredmethods="0"/>
        <line num="1" count="10" type="stmt"/>
        <line num="2" count="0" type="stmt"/>
        <line num="3" count="0" type="stmt"/>
        <line num="9" count="10" type="stmt"/>
        <line num="10" count="0" type="stmt"/>
        <line num="11" count="0" type="cond" truecount="0" falsecount="2"/>
        <line num="14" count="10" type="stmt"/>
        <line num="15" count="0" type="stmt"/>
        <line num="16" count="0" type="stmt"/>
        <line num="17" count="0" type="stmt"/>
        <line num="23" count="10" type="stmt"/>
        <line num="24" count="0" type="cond" truecount="0" falsecount="2"/>
        <line num="27" count="10" type="stmt"/>
        <line num="28" count="0" type="stmt"/>
        <line num="29" count="0" type="stmt"/>
      </file>
    </package>
    <package name="src.components.header">
      <metrics statements="4" coveredstatements="4" conditionals="1" coveredconditionals="1" methods="2" coveredmethods="2"/>
      <file name="Header.tsx" path="D:/D/_learning_frontend/_Narnia/2022/_RSS/st3-react-ssr/src/components/header/Header.tsx">
        <metrics statements="4" coveredstatements="4" conditionals="1" coveredconditionals="1" methods="2" coveredmethods="2"/>
        <line num="1" count="70" type="cond" truecount="1" falsecount="0"/>
        <line num="9" count="10" type="stmt"/>
        <line num="10" count="20" type="stmt"/>
        <line num="20" count="10" type="stmt"/>
      </file>
    </package>
    <package name="src.components.input-cards-list">
      <metrics statements="9" coveredstatements="3" conditionals="0" coveredconditionals="0" methods="6" coveredmethods="0"/>
      <file name="InputCardslist.tsx" path="D:/D/_learning_frontend/_Narnia/2022/_RSS/st3-react-ssr/src/components/input-cards-list/InputCardslist.tsx">
        <metrics statements="9" coveredstatements="3" conditionals="0" coveredconditionals="0" methods="6" coveredmethods="0"/>
        <line num="7" count="10" type="stmt"/>
        <line num="8" count="0" type="stmt"/>
        <line num="9" count="10" type="stmt"/>
        <line num="11" count="0" type="stmt"/>
        <line num="13" count="0" type="stmt"/>
        <line num="14" count="0" type="stmt"/>
        <line num="17" count="0" type="stmt"/>
        <line num="21" count="0" type="stmt"/>
        <line num="28" count="10" type="stmt"/>
      </file>
    </package>
    <package name="src.components.layout">
      <metrics statements="4" coveredstatements="4" conditionals="1" coveredconditionals="1" methods="2" coveredmethods="2"/>
      <file name="Layout.tsx" path="D:/D/_learning_frontend/_Narnia/2022/_RSS/st3-react-ssr/src/components/layout/Layout.tsx">
        <metrics statements="4" coveredstatements="4" conditionals="1" coveredconditionals="1" methods="2" coveredmethods="2"/>
        <line num="1" count="70" type="cond" truecount="1" falsecount="0"/>
        <line num="9" count="10" type="stmt"/>
        <line num="10" count="20" type="stmt"/>
        <line num="19" count="10" type="stmt"/>
      </file>
    </package>
    <package name="src.components.loader">
      <metrics statements="5" coveredstatements="5" conditionals="1" coveredconditionals="1" methods="2" coveredmethods="2"/>
      <file name="Loader.tsx" path="D:/D/_learning_frontend/_Narnia/2022/_RSS/st3-react-ssr/src/components/loader/Loader.tsx">
        <metrics statements="5" coveredstatements="5" conditionals="1" coveredconditionals="1" methods="2" coveredmethods="2"/>
        <line num="1" count="70" type="cond" truecount="1" falsecount="0"/>
        <line num="4" count="10" type="stmt"/>
        <line num="5" count="28" type="stmt"/>
        <line num="11" count="10" type="stmt"/>
        <line num="13" count="10" type="stmt"/>
      </file>
    </package>
    <package name="src.components.nav">
      <metrics statements="8" coveredstatements="8" conditionals="3" coveredconditionals="3" methods="3" coveredmethods="3"/>
      <file name="Nav.tsx" path="D:/D/_learning_frontend/_Narnia/2022/_RSS/st3-react-ssr/src/components/nav/Nav.tsx">
        <metrics statements="4" coveredstatements="4" conditionals="1" coveredconditionals="1" methods="2" coveredmethods="2"/>
        <line num="1" count="70" type="cond" truecount="1" falsecount="0"/>
        <line num="5" count="10" type="stmt"/>
        <line num="6" count="20" type="stmt"/>
        <line num="21" count="10" type="stmt"/>
      </file>
      <file name="nav-type.tsx" path="D:/D/_learning_frontend/_Narnia/2022/_RSS/st3-react-ssr/src/components/nav/nav-type.tsx">
        <metrics statements="4" coveredstatements="4" conditionals="2" coveredconditionals="2" methods="1" coveredmethods="1"/>
        <line num="1" count="10" type="cond" truecount="2" falsecount="0"/>
        <line num="2" count="10" type="stmt"/>
        <line num="3" count="10" type="stmt"/>
        <line num="4" count="10" type="stmt"/>
      </file>
    </package>
    <package name="src.components.search">
      <metrics statements="12" coveredstatements="12" conditionals="1" coveredconditionals="1" methods="5" coveredmethods="5"/>
      <file name="Search.tsx" path="D:/D/_learning_frontend/_Narnia/2022/_RSS/st3-react-ssr/src/components/search/Search.tsx">
        <metrics statements="12" coveredstatements="12" conditionals="1" coveredconditionals="1" methods="5" coveredmethods="5"/>
        <line num="7" count="80" type="stmt"/>
        <line num="8" count="80" type="stmt"/>
        <line num="9" count="202" type="stmt"/>
        <line num="10" count="80" type="stmt"/>
        <line num="12" count="80" type="stmt"/>
        <line num="13" count="30" type="cond" truecount="1" falsecount="0"/>
        <line num="14" count="4" type="stmt"/>
        <line num="18" count="80" type="stmt"/>
        <line num="19" count="26" type="stmt"/>
        <line num="22" count="80" type="stmt"/>
        <line num="36" count="10" type="stmt"/>
        <line num="38" count="10" type="stmt"/>
      </file>
    </package>
    <package name="src.components.slider">
      <metrics statements="12" coveredstatements="11" conditionals="2" coveredconditionals="1" methods="5" coveredmethods="5"/>
      <file name="Slider.tsx" path="D:/D/_learning_frontend/_Narnia/2022/_RSS/st3-react-ssr/src/components/slider/Slider.tsx">
        <metrics statements="12" coveredstatements="11" conditionals="2" coveredconditionals="1" methods="5" coveredmethods="5"/>
        <line num="8" count="348" type="stmt"/>
        <line num="9" count="348" type="stmt"/>
        <line num="10" count="348" type="stmt"/>
        <line num="12" count="348" type="stmt"/>
        <line num="13" count="220" type="cond" truecount="1" falsecount="0"/>
        <line num="14" count="220" type="stmt"/>
        <line num="15" count="12" type="stmt"/>
        <line num="18" count="220" type="stmt"/>
        <line num="22" count="348" type="cond" truecount="0" falsecount="1"/>
        <line num="23" count="0" type="stmt"/>
        <line num="26" count="348" type="stmt"/>
        <line num="42" count="10" type="stmt"/>
      </file>
    </package>
    <package name="src.pages">
      <metrics statements="8" coveredstatements="6" conditionals="2" coveredconditionals="2" methods="4" coveredmethods="2"/>
      <file name="page-about.tsx" path="D:/D/_learning_frontend/_Narnia/2022/_RSS/st3-react-ssr/src/pages/page-about.tsx">
        <metrics statements="4" coveredstatements="3" conditionals="1" coveredconditionals="1" methods="2" coveredmethods="1"/>
        <line num="1" count="70" type="cond" truecount="1" falsecount="0"/>
        <line num="3" count="10" type="stmt"/>
        <line num="4" count="0" type="stmt"/>
        <line num="5" count="10" type="stmt"/>
      </file>
      <file name="page-notfound.tsx" path="D:/D/_learning_frontend/_Narnia/2022/_RSS/st3-react-ssr/src/pages/page-notfound.tsx">
        <metrics statements="4" coveredstatements="3" conditionals="1" coveredconditionals="1" methods="2" coveredmethods="1"/>
        <line num="1" count="70" type="cond" truecount="1" falsecount="0"/>
        <line num="3" count="10" type="stmt"/>
        <line num="4" count="0" type="stmt"/>
        <line num="9" count="10" type="stmt"/>
      </file>
    </package>
    <package name="src.pages.page-form">
      <metrics statements="4" coveredstatements="3" conditionals="1" coveredconditionals="1" methods="2" coveredmethods="1"/>
      <file name="form-type.tsx" path="D:/D/_learning_frontend/_Narnia/2022/_RSS/st3-react-ssr/src/pages/page-form/form-type.tsx">
        <metrics statements="0" coveredstatements="0" conditionals="0" coveredconditionals="0" methods="0" coveredmethods="0"/>
      </file>
      <file name="page-form.tsx" path="D:/D/_learning_frontend/_Narnia/2022/_RSS/st3-react-ssr/src/pages/page-form/page-form.tsx">
        <metrics statements="4" coveredstatements="3" conditionals="1" coveredconditionals="1" methods="2" coveredmethods="1"/>
        <line num="1" count="70" type="cond" truecount="1" falsecount="0"/>
        <line num="6" count="10" type="stmt"/>
        <line num="7" count="0" type="stmt"/>
        <line num="13" count="10" type="stmt"/>
      </file>
    </package>
    <package name="src.pages.page-home">
      <metrics statements="4" coveredstatements="4" conditionals="1" coveredconditionals="1" methods="2" coveredmethods="2"/>
      <file name="page-home.tsx" path="D:/D/_learning_frontend/_Narnia/2022/_RSS/st3-react-ssr/src/pages/page-home/page-home.tsx">
        <metrics statements="4" coveredstatements="4" conditionals="1" coveredconditionals="1" methods="2" coveredmethods="2"/>
        <line num="1" count="70" type="cond" truecount="1" falsecount="0"/>
        <line num="7" count="10" type="stmt"/>
        <line num="8" count="20" type="stmt"/>
        <line num="19" count="10" type="stmt"/>
      </file>
    </package>
    <package name="src.redux">
      <metrics statements="18" coveredstatements="10" conditionals="6" coveredconditionals="3" methods="6" coveredmethods="2"/>
      <file name="reducer.tsx" path="D:/D/_learning_frontend/_Narnia/2022/_RSS/st3-react-ssr/src/redux/reducer.tsx">
        <metrics statements="18" coveredstatements="10" conditionals="6" coveredconditionals="3" methods="6" coveredmethods="2"/>
        <line num="4" count="10" type="stmt"/>
        <line num="5" count="10" type="stmt"/>
        <line num="6" count="10" type="stmt"/>
        <line num="7" count="10" type="stmt"/>
        <line num="10" count="28" type="stmt"/>
        <line num="14" count="0" type="stmt"/>
        <line num="18" count="0" type="stmt"/>
        <line num="22" count="0" type="stmt"/>
        <line num="23" count="0" type="stmt"/>
        <line num="27" count="0" type="stmt"/>
        <line num="36" count="10" type="stmt"/>
        <line num="63" count="10" type="cond" truecount="1" falsecount="0"/>
        <line num="64" count="142" type="cond" truecount="2" falsecount="3"/>
        <line num="66" count="28" type="stmt"/>
        <line num="68" count="0" type="stmt"/>
        <line num="70" count="0" type="stmt"/>
        <line num="72" count="0" type="stmt"/>
        <line num="74" count="114" type="stmt"/>
      </file>
    </package>
  </project>
</coverage>
