{"total": {"lines":{"total":209,"covered":201,"skipped":0,"pct":96.17},"statements":{"total":267,"covered":251,"skipped":0,"pct":94},"functions":{"total":85,"covered":75,"skipped":0,"pct":88.23},"branches":{"total":93,"covered":78,"skipped":0,"pct":83.87},"branchesTrue":{"total":0,"covered":0,"skipped":0,"pct":100}}
,"C:/Users/Tricky/Desktop/nastya-test/rs-school-react-react-ssr/src/App.tsx": {"lines":{"total":5,"covered":5,"skipped":0,"pct":100},"functions":{"total":2,"covered":2,"skipped":0,"pct":100},"statements":{"total":5,"covered":5,"skipped":0,"pct":100},"branches":{"total":1,"covered":1,"skipped":0,"pct":100}}
,"C:/Users/Tricky/Desktop/nastya-test/rs-school-react-react-ssr/src/main.tsx": {"lines":{"total":4,"covered":3,"skipped":0,"pct":75},"functions":{"total":0,"covered":0,"skipped":0,"pct":100},"statements":{"total":4,"covered":3,"skipped":0,"pct":75},"branches":{"total":2,"covered":1,"skipped":0,"pct":50}}
,"C:/Users/Tricky/Desktop/nastya-test/rs-school-react-react-ssr/src/router.tsx": {"lines":{"total":5,"covered":5,"skipped":0,"pct":100},"functions":{"total":2,"covered":2,"skipped":0,"pct":100},"statements":{"total":5,"covered":5,"skipped":0,"pct":100},"branches":{"total":1,"covered":1,"skipped":0,"pct":100}}
,"C:/Users/Tricky/Desktop/nastya-test/rs-school-react-react-ssr/src/store.tsx": {"lines":{"total":2,"covered":2,"skipped":0,"pct":100},"functions":{"total":1,"covered":1,"skipped":0,"pct":100},"statements":{"total":2,"covered":2,"skipped":0,"pct":100},"branches":{"total":0,"covered":0,"skipped":0,"pct":100}}
,"C:/Users/Tricky/Desktop/nastya-test/rs-school-react-react-ssr/src/components/InputCard/InputCard.tsx": {"lines":{"total":6,"covered":5,"skipped":0,"pct":83.33},"functions":{"total":3,"covered":2,"skipped":0,"pct":66.66},"statements":{"total":7,"covered":6,"skipped":0,"pct":85.71},"branches":{"total":1,"covered":1,"skipped":0,"pct":100}}
,"C:/Users/Tricky/Desktop/nastya-test/rs-school-react-react-ssr/src/components/PlantModal/PlantModal.tsx": {"lines":{"total":31,"covered":30,"skipped":0,"pct":96.77},"functions":{"total":12,"covered":10,"skipped":0,"pct":83.33},"statements":{"total":42,"covered":38,"skipped":0,"pct":90.47},"branches":{"total":27,"covered":20,"skipped":0,"pct":74.07}}
,"C:/Users/Tricky/Desktop/nastya-test/rs-school-react-react-ssr/src/components/UI/checkbox/Checkbox.tsx": {"lines":{"total":5,"covered":5,"skipped":0,"pct":100},"functions":{"total":2,"covered":2,"skipped":0,"pct":100},"statements":{"total":6,"covered":6,"skipped":0,"pct":100},"branches":{"total":1,"covered":1,"skipped":0,"pct":100}}
,"C:/Users/Tricky/Desktop/nastya-test/rs-school-react-react-ssr/src/components/UI/radioBtn/Radio.tsx": {"lines":{"total":6,"covered":6,"skipped":0,"pct":100},"functions":{"total":3,"covered":3,"skipped":0,"pct":100},"statements":{"total":7,"covered":7,"skipped":0,"pct":100},"branches":{"total":1,"covered":1,"skipped":0,"pct":100}}
,"C:/Users/Tricky/Desktop/nastya-test/rs-school-react-react-ssr/src/components/UI/select/Select.tsx": {"lines":{"total":6,"covered":6,"skipped":0,"pct":100},"functions":{"total":3,"covered":3,"skipped":0,"pct":100},"statements":{"total":7,"covered":7,"skipped":0,"pct":100},"branches":{"total":1,"covered":1,"skipped":0,"pct":100}}
,"C:/Users/Tricky/Desktop/nastya-test/rs-school-react-react-ssr/src/components/card/Card.tsx": {"lines":{"total":9,"covered":9,"skipped":0,"pct":100},"functions":{"total":3,"covered":3,"skipped":0,"pct":100},"statements":{"total":13,"covered":13,"skipped":0,"pct":100},"branches":{"total":4,"covered":4,"skipped":0,"pct":100}}
,"C:/Users/Tricky/Desktop/nastya-test/rs-school-react-react-ssr/src/components/cards/Cards.tsx": {"lines":{"total":25,"covered":24,"skipped":0,"pct":96},"functions":{"total":9,"covered":7,"skipped":0,"pct":77.77},"statements":{"total":36,"covered":32,"skipped":0,"pct":88.88},"branches":{"total":12,"covered":11,"skipped":0,"pct":91.66}}
,"C:/Users/Tricky/Desktop/nastya-test/rs-school-react-react-ssr/src/components/form/Form.tsx": {"lines":{"total":24,"covered":23,"skipped":0,"pct":95.83},"functions":{"total":8,"covered":6,"skipped":0,"pct":75},"statements":{"total":30,"covered":28,"skipped":0,"pct":93.33},"branches":{"total":18,"covered":18,"skipped":0,"pct":100}}
,"C:/Users/Tricky/Desktop/nastya-test/rs-school-react-react-ssr/src/components/form/form-utils.tsx": {"lines":{"total":15,"covered":15,"skipped":0,"pct":100},"functions":{"total":5,"covered":5,"skipped":0,"pct":100},"statements":{"total":15,"covered":15,"skipped":0,"pct":100},"branches":{"total":13,"covered":8,"skipped":0,"pct":61.53}}
,"C:/Users/Tricky/Desktop/nastya-test/rs-school-react-react-ssr/src/components/header/Header.tsx": {"lines":{"total":4,"covered":4,"skipped":0,"pct":100},"functions":{"total":2,"covered":2,"skipped":0,"pct":100},"statements":{"total":5,"covered":5,"skipped":0,"pct":100},"branches":{"total":1,"covered":1,"skipped":0,"pct":100}}
,"C:/Users/Tricky/Desktop/nastya-test/rs-school-react-react-ssr/src/components/input-cards-list/InputCardslist.tsx": {"lines":{"total":9,"covered":8,"skipped":0,"pct":88.88},"functions":{"total":6,"covered":5,"skipped":0,"pct":83.33},"statements":{"total":15,"covered":14,"skipped":0,"pct":93.33},"branches":{"total":0,"covered":0,"skipped":0,"pct":100}}
,"C:/Users/Tricky/Desktop/nastya-test/rs-school-react-react-ssr/src/components/layout/Layout.tsx": {"lines":{"total":4,"covered":4,"skipped":0,"pct":100},"functions":{"total":2,"covered":2,"skipped":0,"pct":100},"statements":{"total":5,"covered":5,"skipped":0,"pct":100},"branches":{"total":1,"covered":1,"skipped":0,"pct":100}}
,"C:/Users/Tricky/Desktop/nastya-test/rs-school-react-react-ssr/src/components/loader/Loader.tsx": {"lines":{"total":5,"covered":5,"skipped":0,"pct":100},"functions":{"total":2,"covered":2,"skipped":0,"pct":100},"statements":{"total":5,"covered":5,"skipped":0,"pct":100},"branches":{"total":1,"covered":1,"skipped":0,"pct":100}}
,"C:/Users/Tricky/Desktop/nastya-test/rs-school-react-react-ssr/src/components/nav/Nav.tsx": {"lines":{"total":4,"covered":4,"skipped":0,"pct":100},"functions":{"total":2,"covered":2,"skipped":0,"pct":100},"statements":{"total":5,"covered":5,"skipped":0,"pct":100},"branches":{"total":1,"covered":1,"skipped":0,"pct":100}}
,"C:/Users/Tricky/Desktop/nastya-test/rs-school-react-react-ssr/src/components/search/Search.tsx": {"lines":{"total":12,"covered":12,"skipped":0,"pct":100},"functions":{"total":5,"covered":5,"skipped":0,"pct":100},"statements":{"total":16,"covered":16,"skipped":0,"pct":100},"branches":{"total":1,"covered":1,"skipped":0,"pct":100}}
,"C:/Users/Tricky/Desktop/nastya-test/rs-school-react-react-ssr/src/components/slider/Slider.tsx": {"lines":{"total":12,"covered":10,"skipped":0,"pct":83.33},"functions":{"total":5,"covered":3,"skipped":0,"pct":60},"statements":{"total":17,"covered":14,"skipped":0,"pct":82.35},"branches":{"total":2,"covered":1,"skipped":0,"pct":50}}
,"C:/Users/Tricky/Desktop/nastya-test/rs-school-react-react-ssr/src/pages/page-about.tsx": {"lines":{"total":4,"covered":4,"skipped":0,"pct":100},"functions":{"total":2,"covered":2,"skipped":0,"pct":100},"statements":{"total":5,"covered":5,"skipped":0,"pct":100},"branches":{"total":1,"covered":1,"skipped":0,"pct":100}}
,"C:/Users/Tricky/Desktop/nastya-test/rs-school-react-react-ssr/src/pages/page-notfound.tsx": {"lines":{"total":4,"covered":4,"skipped":0,"pct":100},"functions":{"total":2,"covered":2,"skipped":0,"pct":100},"statements":{"total":5,"covered":5,"skipped":0,"pct":100},"branches":{"total":1,"covered":1,"skipped":0,"pct":100}}
,"C:/Users/Tricky/Desktop/nastya-test/rs-school-react-react-ssr/src/pages/page-form/page-form.tsx": {"lines":{"total":4,"covered":4,"skipped":0,"pct":100},"functions":{"total":2,"covered":2,"skipped":0,"pct":100},"statements":{"total":5,"covered":5,"skipped":0,"pct":100},"branches":{"total":1,"covered":1,"skipped":0,"pct":100}}
,"C:/Users/Tricky/Desktop/nastya-test/rs-school-react-react-ssr/src/pages/page-home/page-home.tsx": {"lines":{"total":4,"covered":4,"skipped":0,"pct":100},"functions":{"total":2,"covered":2,"skipped":0,"pct":100},"statements":{"total":5,"covered":5,"skipped":0,"pct":100},"branches":{"total":1,"covered":1,"skipped":0,"pct":100}}
}
