{"C:/Users/Tricky/Desktop/nastya-test/rs-school-react-react-ssr/src/App.tsx": {"path":"C:/Users/Tricky/Desktop/nastya-test/rs-school-react-react-ssr/src/App.tsx","statementMap":{"0":{"start":{"line":1,"column":25},"end":{"line":1,"column":null}},"1":{"start":{"line":4,"column":12},"end":{"line":10,"column":2}},"2":{"start":{"line":5,"column":2},"end":{"line":8,"column":null}},"3":{"start":{"line":10,"column":2},"end":{"line":4,"column":12}},"4":{"start":{"line":12,"column":19},"end":{"line":12,"column":null}}},"fnMap":{"0":{"name":"(anonymous_0)","decl":{"start":{"line":1,"column":25},"end":{"line":1,"column":null}},"loc":{"start":{"line":1,"column":25},"end":{"line":1,"column":null}}},"1":{"name":"(anonymous_1)","decl":{"start":{"line":4,"column":12},"end":{"line":4,"column":18}},"loc":{"start":{"line":4,"column":18},"end":{"line":10,"column":2}}}},"branchMap":{"0":{"loc":{"start":{"line":1,"column":25},"end":{"line":1,"column":null}},"type":"if","locations":[{"start":{"line":1,"column":25},"end":{"line":1,"column":null}}]}},"s":{"0":182,"1":26,"2":52,"3":26,"4":26},"f":{"0":26,"1":52},"b":{"0":[26]}}
,"C:/Users/Tricky/Desktop/nastya-test/rs-school-react-react-ssr/src/main.tsx": {"path":"C:/Users/Tricky/Desktop/nastya-test/rs-school-react-react-ssr/src/main.tsx","statementMap":{"0":{"start":{"line":10,"column":20},"end":{"line":10,"column":null}},"1":{"start":{"line":12,"column":0},"end":{"line":24,"column":null}},"2":{"start":{"line":13,"column":2},"end":{"line":20,"column":null}},"3":{"start":{"line":23,"column":2},"end":{"line":23,"column":null}}},"fnMap":{},"branchMap":{"0":{"loc":{"start":{"line":12,"column":0},"end":{"line":24,"column":null}},"type":"if","locations":[{"start":{"line":12,"column":0},"end":{"line":24,"column":null}},{"start":{"line":22,"column":7},"end":{"line":24,"column":null}}]}},"s":{"0":26,"1":26,"2":26,"3":0},"f":{},"b":{"0":[26,0]}}
,"C:/Users/Tricky/Desktop/nastya-test/rs-school-react-react-ssr/src/router.tsx": {"path":"C:/Users/Tricky/Desktop/nastya-test/rs-school-react-react-ssr/src/router.tsx","statementMap":{"0":{"start":{"line":1,"column":25},"end":{"line":1,"column":null}},"1":{"start":{"line":9,"column":28},"end":{"line":18,"column":2}},"2":{"start":{"line":10,"column":2},"end":{"line":16,"column":null}},"3":{"start":{"line":18,"column":2},"end":{"line":9,"column":28}},"4":{"start":{"line":20,"column":25},"end":{"line":20,"column":null}}},"fnMap":{"0":{"name":"(anonymous_0)","decl":{"start":{"line":1,"column":25},"end":{"line":1,"column":null}},"loc":{"start":{"line":1,"column":25},"end":{"line":1,"column":null}}},"1":{"name":"(anonymous_1)","decl":{"start":{"line":9,"column":28},"end":{"line":9,"column":34}},"loc":{"start":{"line":9,"column":34},"end":{"line":18,"column":2}}}},"branchMap":{"0":{"loc":{"start":{"line":1,"column":25},"end":{"line":1,"column":null}},"type":"if","locations":[{"start":{"line":1,"column":25},"end":{"line":1,"column":null}}]}},"s":{"0":182,"1":26,"2":52,"3":26,"4":26},"f":{"0":26,"1":52},"b":{"0":[26]}}
,"C:/Users/Tricky/Desktop/nastya-test/rs-school-react-react-ssr/src/store.tsx": {"path":"C:/Users/Tricky/Desktop/nastya-test/rs-school-react-react-ssr/src/store.tsx","statementMap":{"0":{"start":{"line":8,"column":21},"end":{"line":21,"column":null}},"1":{"start":{"line":15,"column":4},"end":{"line":19,"column":null}}},"fnMap":{"0":{"name":"(anonymous_0)","decl":{"start":{"line":14,"column":15},"end":{"line":14,"column":40}},"loc":{"start":{"line":14,"column":40},"end":{"line":20,"column":null}}}},"branchMap":{},"s":{"0":26,"1":26},"f":{"0":26},"b":{}}
,"C:/Users/Tricky/Desktop/nastya-test/rs-school-react-react-ssr/src/components/InputCard/InputCard.tsx": {"path":"C:/Users/Tricky/Desktop/nastya-test/rs-school-react-react-ssr/src/components/InputCard/InputCard.tsx","statementMap":{"0":{"start":{"line":1,"column":25},"end":{"line":1,"column":null}},"1":{"start":{"line":11,"column":25},"end":{"line":55,"column":2}},"2":{"start":{"line":12,"column":29},"end":{"line":14,"column":null}},"3":{"start":{"line":13,"column":4},"end":{"line":13,"column":null}},"4":{"start":{"line":16,"column":2},"end":{"line":53,"column":null}},"5":{"start":{"line":55,"column":2},"end":{"line":11,"column":22}},"6":{"start":{"line":11,"column":22},"end":{"line":11,"column":25}}},"fnMap":{"0":{"name":"(anonymous_0)","decl":{"start":{"line":1,"column":25},"end":{"line":1,"column":null}},"loc":{"start":{"line":1,"column":25},"end":{"line":1,"column":null}}},"1":{"name":"(anonymous_1)","decl":{"start":{"line":11,"column":25},"end":{"line":11,"column":26}},"loc":{"start":{"line":11,"column":72},"end":{"line":55,"column":2}}},"2":{"name":"(anonymous_2)","decl":{"start":{"line":12,"column":29},"end":{"line":12,"column":35}},"loc":{"start":{"line":12,"column":35},"end":{"line":14,"column":null}}}},"branchMap":{"0":{"loc":{"start":{"line":1,"column":25},"end":{"line":1,"column":null}},"type":"if","locations":[{"start":{"line":1,"column":25},"end":{"line":1,"column":null}}]}},"s":{"0":182,"1":26,"2":4,"3":0,"4":4,"5":26,"6":26},"f":{"0":26,"1":4,"2":0},"b":{"0":[26]}}
,"C:/Users/Tricky/Desktop/nastya-test/rs-school-react-react-ssr/src/components/PlantModal/PlantModal.tsx": {"path":"C:/Users/Tricky/Desktop/nastya-test/rs-school-react-react-ssr/src/components/PlantModal/PlantModal.tsx","statementMap":{"0":{"start":{"line":16,"column":30},"end":{"line":16,"column":50}},"1":{"start":{"line":16,"column":30},"end":{"line":16,"column":36}},"2":{"start":{"line":16,"column":30},"end":{"line":16,"column":49}},"3":{"start":{"line":16,"column":50},"end":{"line":16,"column":49}},"4":{"start":{"line":16,"column":27},"end":{"line":16,"column":49}},"5":{"start":{"line":18,"column":26},"end":{"line":141,"column":2}},"6":{"start":{"line":18,"column":32},"end":{"line":18,"column":null}},"7":{"start":{"line":19,"column":19},"end":{"line":19,"column":null}},"8":{"start":{"line":20,"column":17},"end":{"line":20,"column":null}},"9":{"start":{"line":20,"column":51},"end":{"line":20,"column":68}},"10":{"start":{"line":21,"column":23},"end":{"line":21,"column":null}},"11":{"start":{"line":21,"column":57},"end":{"line":21,"column":76}},"12":{"start":{"line":22,"column":23},"end":{"line":22,"column":null}},"13":{"start":{"line":22,"column":57},"end":{"line":22,"column":80}},"14":{"start":{"line":23,"column":21},"end":{"line":23,"column":null}},"15":{"start":{"line":23,"column":55},"end":{"line":23,"column":76}},"16":{"start":{"line":24,"column":40},"end":{"line":24,"column":null}},"17":{"start":{"line":26,"column":2},"end":{"line":30,"column":null}},"18":{"start":{"line":27,"column":4},"end":{"line":29,"column":null}},"19":{"start":{"line":28,"column":6},"end":{"line":28,"column":null}},"20":{"start":{"line":32,"column":2},"end":{"line":38,"column":null}},"21":{"start":{"line":33,"column":4},"end":{"line":37,"column":null}},"22":{"start":{"line":34,"column":6},"end":{"line":36,"column":null}},"23":{"start":{"line":35,"column":8},"end":{"line":35,"column":null}},"24":{"start":{"line":40,"column":2},"end":{"line":46,"column":null}},"25":{"start":{"line":41,"column":4},"end":{"line":44,"column":null}},"26":{"start":{"line":48,"column":2},"end":{"line":54,"column":null}},"27":{"start":{"line":49,"column":4},"end":{"line":52,"column":null}},"28":{"start":{"line":56,"column":2},"end":{"line":58,"column":null}},"29":{"start":{"line":57,"column":4},"end":{"line":57,"column":null}},"30":{"start":{"line":60,"column":21},"end":{"line":63,"column":null}},"31":{"start":{"line":61,"column":4},"end":{"line":61,"column":null}},"32":{"start":{"line":62,"column":4},"end":{"line":62,"column":null}},"33":{"start":{"line":65,"column":27},"end":{"line":70,"column":null}},"34":{"start":{"line":66,"column":4},"end":{"line":68,"column":null}},"35":{"start":{"line":67,"column":6},"end":{"line":67,"column":null}},"36":{"start":{"line":69,"column":4},"end":{"line":69,"column":null}},"37":{"start":{"line":72,"column":2},"end":{"line":139,"column":null}},"38":{"start":{"line":141,"column":2},"end":{"line":23,"column":33}},"39":{"start":{"line":18,"column":23},"end":{"line":23,"column":33}},"40":{"start":{"line":23,"column":32},"end":{"line":18,"column":23}},"41":{"start":{"line":143,"column":26},"end":{"line":143,"column":null}}},"fnMap":{"0":{"name":"(anonymous_1)","decl":{"start":{"line":16,"column":30},"end":{"line":16,"column":36}},"loc":{"start":{"line":16,"column":30},"end":{"line":16,"column":50}}},"1":{"name":"(anonymous_2)","decl":{"start":{"line":16,"column":27},"end":{"line":16,"column":30}},"loc":{"start":{"line":16,"column":27},"end":{"line":16,"column":49}}},"2":{"name":"(anonymous_3)","decl":{"start":{"line":18,"column":26},"end":{"line":18,"column":32}},"loc":{"start":{"line":18,"column":32},"end":{"line":141,"column":2}}},"3":{"name":"(anonymous_4)","decl":{"start":{"line":20,"column":29},"end":{"line":20,"column":30}},"loc":{"start":{"line":20,"column":51},"end":{"line":20,"column":68}}},"4":{"name":"(anonymous_5)","decl":{"start":{"line":21,"column":35},"end":{"line":21,"column":36}},"loc":{"start":{"line":21,"column":57},"end":{"line":21,"column":76}}},"5":{"name":"(anonymous_6)","decl":{"start":{"line":22,"column":35},"end":{"line":22,"column":36}},"loc":{"start":{"line":22,"column":57},"end":{"line":22,"column":80}}},"6":{"name":"(anonymous_7)","decl":{"start":{"line":23,"column":33},"end":{"line":23,"column":34}},"loc":{"start":{"line":23,"column":55},"end":{"line":23,"column":76}}},"7":{"name":"(anonymous_8)","decl":{"start":{"line":26,"column":12},"end":{"line":26,"column":18}},"loc":{"start":{"line":26,"column":18},"end":{"line":30,"column":5}}},"8":{"name":"(anonymous_9)","decl":{"start":{"line":32,"column":12},"end":{"line":32,"column":18}},"loc":{"start":{"line":32,"column":18},"end":{"line":38,"column":5}}},"9":{"name":"(anonymous_10)","decl":{"start":{"line":60,"column":21},"end":{"line":60,"column":27}},"loc":{"start":{"line":60,"column":27},"end":{"line":63,"column":null}}},"10":{"name":"(anonymous_11)","decl":{"start":{"line":65,"column":27},"end":{"line":65,"column":28}},"loc":{"start":{"line":65,"column":84},"end":{"line":70,"column":null}}},"11":{"name":"(anonymous_12)","decl":{"start":{"line":18,"column":23},"end":{"line":18,"column":26}},"loc":{"start":{"line":18,"column":23},"end":{"line":23,"column":33}}}},"branchMap":{"0":{"loc":{"start":{"line":27,"column":4},"end":{"line":29,"column":null}},"type":"if","locations":[{"start":{"line":27,"column":4},"end":{"line":29,"column":null}}]},"1":{"loc":{"start":{"line":33,"column":4},"end":{"line":37,"column":null}},"type":"if","locations":[{"start":{"line":33,"column":4},"end":{"line":37,"column":null}}]},"2":{"loc":{"start":{"line":34,"column":6},"end":{"line":36,"column":null}},"type":"if","locations":[{"start":{"line":34,"column":6},"end":{"line":36,"column":null}}]},"3":{"loc":{"start":{"line":40,"column":2},"end":{"line":46,"column":null}},"type":"if","locations":[{"start":{"line":40,"column":2},"end":{"line":46,"column":null}}]},"4":{"loc":{"start":{"line":40,"column":6},"end":{"line":40,"column":30}},"type":"binary-expr","locations":[{"start":{"line":40,"column":6},"end":{"line":40,"column":16}},{"start":{"line":40,"column":16},"end":{"line":40,"column":30}}]},"5":{"loc":{"start":{"line":48,"column":2},"end":{"line":54,"column":null}},"type":"if","locations":[{"start":{"line":48,"column":2},"end":{"line":54,"column":null}}]},"6":{"loc":{"start":{"line":48,"column":6},"end":{"line":48,"column":28}},"type":"binary-expr","locations":[{"start":{"line":48,"column":6},"end":{"line":48,"column":16}},{"start":{"line":48,"column":16},"end":{"line":48,"column":28}}]},"7":{"loc":{"start":{"line":56,"column":2},"end":{"line":58,"column":null}},"type":"if","locations":[{"start":{"line":56,"column":2},"end":{"line":58,"column":null}}]},"8":{"loc":{"start":{"line":66,"column":4},"end":{"line":68,"column":null}},"type":"if","locations":[{"start":{"line":66,"column":4},"end":{"line":68,"column":null}}]},"9":{"loc":{"start":{"line":85,"column":17},"end":{"line":85,"column":null}},"type":"binary-expr","locations":[{"start":{"line":85,"column":17},"end":{"line":85,"column":39}},{"start":{"line":85,"column":39},"end":{"line":85,"column":null}}]},"10":{"loc":{"start":{"line":88,"column":17},"end":{"line":88,"column":null}},"type":"binary-expr","locations":[{"start":{"line":88,"column":17},"end":{"line":88,"column":45}},{"start":{"line":88,"column":45},"end":{"line":88,"column":null}}]},"11":{"loc":{"start":{"line":91,"column":17},"end":{"line":97,"column":null}},"type":"binary-expr","locations":[{"start":{"line":91,"column":17},"end":{"line":91,"column":null}},{"start":{"line":92,"column":18},"end":{"line":97,"column":null}}]},"12":{"loc":{"start":{"line":100,"column":17},"end":{"line":106,"column":null}},"type":"binary-expr","locations":[{"start":{"line":100,"column":17},"end":{"line":100,"column":null}},{"start":{"line":101,"column":18},"end":{"line":106,"column":null}}]},"13":{"loc":{"start":{"line":115,"column":25},"end":{"line":115,"column":null}},"type":"binary-expr","locations":[{"start":{"line":115,"column":25},"end":{"line":115,"column":32}},{"start":{"line":115,"column":32},"end":{"line":115,"column":null}}]},"14":{"loc":{"start":{"line":120,"column":21},"end":{"line":120,"column":null}},"type":"binary-expr","locations":[{"start":{"line":120,"column":21},"end":{"line":120,"column":44}},{"start":{"line":120,"column":44},"end":{"line":120,"column":null}}]},"15":{"loc":{"start":{"line":126,"column":25},"end":{"line":126,"column":null}},"type":"binary-expr","locations":[{"start":{"line":126,"column":25},"end":{"line":126,"column":33}},{"start":{"line":126,"column":33},"end":{"line":126,"column":null}}]},"16":{"loc":{"start":{"line":131,"column":21},"end":{"line":131,"column":null}},"type":"binary-expr","locations":[{"start":{"line":131,"column":21},"end":{"line":131,"column":43}},{"start":{"line":131,"column":43},"end":{"line":131,"column":null}}]}},"s":{"0":26,"1":0,"2":0,"3":26,"4":0,"5":26,"6":108,"7":108,"8":108,"9":253,"10":108,"11":253,"12":108,"13":247,"14":108,"15":253,"16":108,"17":108,"18":50,"19":6,"20":108,"21":56,"22":12,"23":6,"24":108,"25":12,"26":96,"27":0,"28":96,"29":84,"30":12,"31":4,"32":4,"33":12,"34":4,"35":2,"36":2,"37":12,"38":26,"39":20,"40":26,"41":26},"f":{"0":0,"1":0,"2":108,"3":253,"4":253,"5":247,"6":253,"7":50,"8":56,"9":4,"10":4,"11":20},"b":{"0":[6],"1":[12],"2":[6],"3":[12],"4":[108,60],"5":[0],"6":[96,48],"7":[84],"8":[2],"9":[12,0],"10":[12,0],"11":[12,4],"12":[12,12],"13":[12,0],"14":[12,0],"15":[12,0],"16":[12,0]}}
,"C:/Users/Tricky/Desktop/nastya-test/rs-school-react-react-ssr/src/components/UI/checkbox/Checkbox.tsx": {"path":"C:/Users/Tricky/Desktop/nastya-test/rs-school-react-react-ssr/src/components/UI/checkbox/Checkbox.tsx","statementMap":{"0":{"start":{"line":1,"column":25},"end":{"line":1,"column":null}},"1":{"start":{"line":17,"column":24},"end":{"line":44,"column":2}},"2":{"start":{"line":18,"column":65},"end":{"line":18,"column":null}},"3":{"start":{"line":20,"column":2},"end":{"line":42,"column":null}},"4":{"start":{"line":44,"column":2},"end":{"line":17,"column":21}},"5":{"start":{"line":17,"column":21},"end":{"line":17,"column":24}}},"fnMap":{"0":{"name":"(anonymous_0)","decl":{"start":{"line":1,"column":25},"end":{"line":1,"column":null}},"loc":{"start":{"line":1,"column":25},"end":{"line":1,"column":null}}},"1":{"name":"(anonymous_1)","decl":{"start":{"line":17,"column":24},"end":{"line":17,"column":25}},"loc":{"start":{"line":17,"column":50},"end":{"line":44,"column":2}}}},"branchMap":{"0":{"loc":{"start":{"line":1,"column":25},"end":{"line":1,"column":null}},"type":"if","locations":[{"start":{"line":1,"column":25},"end":{"line":1,"column":null}}]}},"s":{"0":182,"1":26,"2":24,"3":24,"4":26,"5":26},"f":{"0":26,"1":24},"b":{"0":[26]}}
,"C:/Users/Tricky/Desktop/nastya-test/rs-school-react-react-ssr/src/components/UI/radioBtn/Radio.tsx": {"path":"C:/Users/Tricky/Desktop/nastya-test/rs-school-react-react-ssr/src/components/UI/radioBtn/Radio.tsx","statementMap":{"0":{"start":{"line":1,"column":25},"end":{"line":1,"column":null}},"1":{"start":{"line":17,"column":21},"end":{"line":45,"column":2}},"2":{"start":{"line":18,"column":56},"end":{"line":18,"column":null}},"3":{"start":{"line":19,"column":2},"end":{"line":43,"column":null}},"4":{"start":{"line":27,"column":12},"end":{"line":39,"column":null}},"5":{"start":{"line":45,"column":2},"end":{"line":17,"column":18}},"6":{"start":{"line":17,"column":18},"end":{"line":17,"column":21}}},"fnMap":{"0":{"name":"(anonymous_0)","decl":{"start":{"line":1,"column":25},"end":{"line":1,"column":null}},"loc":{"start":{"line":1,"column":25},"end":{"line":1,"column":null}}},"1":{"name":"(anonymous_1)","decl":{"start":{"line":17,"column":21},"end":{"line":17,"column":22}},"loc":{"start":{"line":17,"column":44},"end":{"line":45,"column":2}}},"2":{"name":"(anonymous_2)","decl":{"start":{"line":26,"column":10},"end":{"line":26,"column":11}},"loc":{"start":{"line":27,"column":12},"end":{"line":39,"column":null}}}},"branchMap":{"0":{"loc":{"start":{"line":1,"column":25},"end":{"line":1,"column":null}},"type":"if","locations":[{"start":{"line":1,"column":25},"end":{"line":1,"column":null}}]}},"s":{"0":182,"1":26,"2":24,"3":24,"4":72,"5":26,"6":26},"f":{"0":26,"1":24,"2":72},"b":{"0":[26]}}
,"C:/Users/Tricky/Desktop/nastya-test/rs-school-react-react-ssr/src/components/UI/select/Select.tsx": {"path":"C:/Users/Tricky/Desktop/nastya-test/rs-school-react-react-ssr/src/components/UI/select/Select.tsx","statementMap":{"0":{"start":{"line":1,"column":25},"end":{"line":1,"column":null}},"1":{"start":{"line":19,"column":22},"end":{"line":45,"column":2}},"2":{"start":{"line":29,"column":6},"end":{"line":29,"column":null}},"3":{"start":{"line":30,"column":2},"end":{"line":43,"column":null}},"4":{"start":{"line":38,"column":10},"end":{"line":40,"column":null}},"5":{"start":{"line":45,"column":2},"end":{"line":19,"column":19}},"6":{"start":{"line":19,"column":19},"end":{"line":19,"column":22}}},"fnMap":{"0":{"name":"(anonymous_0)","decl":{"start":{"line":1,"column":25},"end":{"line":1,"column":null}},"loc":{"start":{"line":1,"column":25},"end":{"line":1,"column":null}}},"1":{"name":"(anonymous_1)","decl":{"start":{"line":19,"column":22},"end":{"line":19,"column":23}},"loc":{"start":{"line":19,"column":46},"end":{"line":45,"column":2}}},"2":{"name":"(anonymous_2)","decl":{"start":{"line":37,"column":22},"end":{"line":37,"column":null}},"loc":{"start":{"line":38,"column":10},"end":{"line":40,"column":null}}}},"branchMap":{"0":{"loc":{"start":{"line":1,"column":25},"end":{"line":1,"column":null}},"type":"if","locations":[{"start":{"line":1,"column":25},"end":{"line":1,"column":null}}]}},"s":{"0":182,"1":26,"2":24,"3":24,"4":168,"5":26,"6":26},"f":{"0":26,"1":24,"2":168},"b":{"0":[26]}}
,"C:/Users/Tricky/Desktop/nastya-test/rs-school-react-react-ssr/src/components/card/Card.tsx": {"path":"C:/Users/Tricky/Desktop/nastya-test/rs-school-react-react-ssr/src/components/card/Card.tsx","statementMap":{"0":{"start":{"line":25,"column":20},"end":{"line":66,"column":2}},"1":{"start":{"line":25,"column":42},"end":{"line":25,"column":null}},"2":{"start":{"line":26,"column":54},"end":{"line":26,"column":null}},"3":{"start":{"line":27,"column":19},"end":{"line":27,"column":null}},"4":{"start":{"line":29,"column":47},"end":{"line":37,"column":null}},"5":{"start":{"line":39,"column":44},"end":{"line":47,"column":null}},"6":{"start":{"line":49,"column":22},"end":{"line":51,"column":null}},"7":{"start":{"line":50,"column":4},"end":{"line":50,"column":null}},"8":{"start":{"line":53,"column":2},"end":{"line":64,"column":null}},"9":{"start":{"line":66,"column":2},"end":{"line":27,"column":43}},"10":{"start":{"line":25,"column":17},"end":{"line":27,"column":43}},"11":{"start":{"line":27,"column":30},"end":{"line":25,"column":17}},"12":{"start":{"line":25,"column":17},"end":{"line":25,"column":20}}},"fnMap":{"0":{"name":"(anonymous_1)","decl":{"start":{"line":25,"column":20},"end":{"line":25,"column":21}},"loc":{"start":{"line":25,"column":42},"end":{"line":66,"column":2}}},"1":{"name":"(anonymous_2)","decl":{"start":{"line":49,"column":22},"end":{"line":49,"column":28}},"loc":{"start":{"line":49,"column":28},"end":{"line":51,"column":null}}},"2":{"name":"(anonymous_3)","decl":{"start":{"line":25,"column":17},"end":{"line":25,"column":20}},"loc":{"start":{"line":25,"column":17},"end":{"line":27,"column":43}}}},"branchMap":{"0":{"loc":{"start":{"line":29,"column":47},"end":{"line":37,"column":null}},"type":"cond-expr","locations":[{"start":{"line":30,"column":4},"end":{"line":35,"column":null}},{"start":{"line":37,"column":6},"end":{"line":37,"column":null}}]},"1":{"loc":{"start":{"line":39,"column":44},"end":{"line":47,"column":null}},"type":"cond-expr","locations":[{"start":{"line":40,"column":4},"end":{"line":45,"column":null}},{"start":{"line":47,"column":6},"end":{"line":47,"column":null}}]}},"s":{"0":26,"1":1124,"2":1124,"3":1124,"4":1124,"5":1124,"6":1124,"7":6,"8":1124,"9":26,"10":16,"11":26,"12":26},"f":{"0":1124,"1":6,"2":16},"b":{"0":[500,624],"1":[752,372]}}
,"C:/Users/Tricky/Desktop/nastya-test/rs-school-react-react-ssr/src/components/cards/Cards.tsx": {"path":"C:/Users/Tricky/Desktop/nastya-test/rs-school-react-react-ssr/src/components/cards/Cards.tsx","statementMap":{"0":{"start":{"line":12,"column":30},"end":{"line":12,"column":50}},"1":{"start":{"line":12,"column":30},"end":{"line":12,"column":36}},"2":{"start":{"line":12,"column":30},"end":{"line":12,"column":49}},"3":{"start":{"line":12,"column":50},"end":{"line":12,"column":49}},"4":{"start":{"line":12,"column":27},"end":{"line":12,"column":49}},"5":{"start":{"line":14,"column":21},"end":{"line":77,"column":2}},"6":{"start":{"line":14,"column":27},"end":{"line":14,"column":null}},"7":{"start":{"line":15,"column":19},"end":{"line":15,"column":null}},"8":{"start":{"line":16,"column":21},"end":{"line":16,"column":null}},"9":{"start":{"line":16,"column":55},"end":{"line":16,"column":76}},"10":{"start":{"line":17,"column":22},"end":{"line":17,"column":null}},"11":{"start":{"line":18,"column":19},"end":{"line":18,"column":null}},"12":{"start":{"line":19,"column":20},"end":{"line":19,"column":null}},"13":{"start":{"line":19,"column":54},"end":{"line":19,"column":75}},"14":{"start":{"line":20,"column":16},"end":{"line":20,"column":null}},"15":{"start":{"line":20,"column":50},"end":{"line":20,"column":67}},"16":{"start":{"line":22,"column":2},"end":{"line":29,"column":null}},"17":{"start":{"line":23,"column":4},"end":{"line":23,"column":null}},"18":{"start":{"line":24,"column":4},"end":{"line":28,"column":null}},"19":{"start":{"line":25,"column":6},"end":{"line":25,"column":null}},"20":{"start":{"line":27,"column":6},"end":{"line":27,"column":null}},"21":{"start":{"line":31,"column":2},"end":{"line":37,"column":null}},"22":{"start":{"line":32,"column":4},"end":{"line":35,"column":null}},"23":{"start":{"line":39,"column":2},"end":{"line":45,"column":null}},"24":{"start":{"line":40,"column":4},"end":{"line":43,"column":null}},"25":{"start":{"line":49,"column":2},"end":{"line":59,"column":null}},"26":{"start":{"line":50,"column":4},"end":{"line":53,"column":null}},"27":{"start":{"line":55,"column":2},"end":{"line":59,"column":null}},"28":{"start":{"line":56,"column":4},"end":{"line":56,"column":null}},"29":{"start":{"line":58,"column":4},"end":{"line":58,"column":null}},"30":{"start":{"line":61,"column":2},"end":{"line":75,"column":null}},"31":{"start":{"line":65,"column":10},"end":{"line":72,"column":null}},"32":{"start":{"line":77,"column":2},"end":{"line":20,"column":28}},"33":{"start":{"line":14,"column":18},"end":{"line":20,"column":28}},"34":{"start":{"line":20,"column":27},"end":{"line":14,"column":18}},"35":{"start":{"line":14,"column":18},"end":{"line":14,"column":21}}},"fnMap":{"0":{"name":"(anonymous_1)","decl":{"start":{"line":12,"column":30},"end":{"line":12,"column":36}},"loc":{"start":{"line":12,"column":30},"end":{"line":12,"column":50}}},"1":{"name":"(anonymous_2)","decl":{"start":{"line":12,"column":27},"end":{"line":12,"column":30}},"loc":{"start":{"line":12,"column":27},"end":{"line":12,"column":49}}},"2":{"name":"(anonymous_3)","decl":{"start":{"line":14,"column":21},"end":{"line":14,"column":27}},"loc":{"start":{"line":14,"column":27},"end":{"line":77,"column":2}}},"3":{"name":"(anonymous_4)","decl":{"start":{"line":16,"column":33},"end":{"line":16,"column":34}},"loc":{"start":{"line":16,"column":55},"end":{"line":16,"column":76}}},"4":{"name":"(anonymous_5)","decl":{"start":{"line":19,"column":32},"end":{"line":19,"column":33}},"loc":{"start":{"line":19,"column":54},"end":{"line":19,"column":75}}},"5":{"name":"(anonymous_6)","decl":{"start":{"line":20,"column":28},"end":{"line":20,"column":29}},"loc":{"start":{"line":20,"column":50},"end":{"line":20,"column":67}}},"6":{"name":"(anonymous_7)","decl":{"start":{"line":22,"column":12},"end":{"line":22,"column":18}},"loc":{"start":{"line":22,"column":18},"end":{"line":29,"column":5}}},"7":{"name":"(anonymous_8)","decl":{"start":{"line":64,"column":26},"end":{"line":64,"column":27}},"loc":{"start":{"line":65,"column":10},"end":{"line":72,"column":null}}},"8":{"name":"(anonymous_9)","decl":{"start":{"line":14,"column":18},"end":{"line":14,"column":21}},"loc":{"start":{"line":14,"column":18},"end":{"line":20,"column":28}}}},"branchMap":{"0":{"loc":{"start":{"line":24,"column":4},"end":{"line":28,"column":null}},"type":"if","locations":[{"start":{"line":24,"column":4},"end":{"line":28,"column":null}},{"start":{"line":26,"column":11},"end":{"line":28,"column":null}}]},"1":{"loc":{"start":{"line":31,"column":2},"end":{"line":37,"column":null}},"type":"if","locations":[{"start":{"line":31,"column":2},"end":{"line":37,"column":null}}]},"2":{"loc":{"start":{"line":39,"column":2},"end":{"line":45,"column":null}},"type":"if","locations":[{"start":{"line":39,"column":2},"end":{"line":45,"column":null}}]},"3":{"loc":{"start":{"line":49,"column":2},"end":{"line":59,"column":null}},"type":"if","locations":[{"start":{"line":49,"column":2},"end":{"line":59,"column":null}},{"start":{"line":55,"column":2},"end":{"line":59,"column":null}}]},"4":{"loc":{"start":{"line":49,"column":6},"end":{"line":49,"column":46}},"type":"binary-expr","locations":[{"start":{"line":49,"column":6},"end":{"line":49,"column":20}},{"start":{"line":49,"column":20},"end":{"line":49,"column":46}}]},"5":{"loc":{"start":{"line":55,"column":2},"end":{"line":59,"column":null}},"type":"if","locations":[{"start":{"line":55,"column":2},"end":{"line":59,"column":null}},{"start":{"line":57,"column":9},"end":{"line":59,"column":null}}]},"6":{"loc":{"start":{"line":63,"column":7},"end":{"line":74,"column":null}},"type":"binary-expr","locations":[{"start":{"line":63,"column":7},"end":{"line":63,"column":null}},{"start":{"line":64,"column":8},"end":{"line":74,"column":null}}]}},"s":{"0":26,"1":0,"2":0,"3":26,"4":0,"5":26,"6":252,"7":252,"8":252,"9":492,"10":252,"11":252,"12":252,"13":448,"14":252,"15":492,"16":252,"17":44,"18":44,"19":4,"20":40,"21":252,"22":48,"23":204,"24":0,"25":204,"26":4,"27":200,"28":172,"29":28,"30":200,"31":1124,"32":26,"33":20,"34":26,"35":26},"f":{"0":0,"1":0,"2":252,"3":492,"4":448,"5":492,"6":44,"7":1124,"8":20},"b":{"0":[4,40],"1":[48],"2":[0],"3":[4,200],"4":[204,32],"5":[172,28],"6":[200,200]}}
,"C:/Users/Tricky/Desktop/nastya-test/rs-school-react-react-ssr/src/components/form/Form.tsx": {"path":"C:/Users/Tricky/Desktop/nastya-test/rs-school-react-react-ssr/src/components/form/Form.tsx","statementMap":{"0":{"start":{"line":20,"column":26},"end":{"line":202,"column":2}},"1":{"start":{"line":20,"column":32},"end":{"line":20,"column":null}},"2":{"start":{"line":21,"column":20},"end":{"line":21,"column":null}},"3":{"start":{"line":21,"column":54},"end":{"line":21,"column":74}},"4":{"start":{"line":22,"column":19},"end":{"line":22,"column":null}},"5":{"start":{"line":23,"column":50},"end":{"line":23,"column":null}},"6":{"start":{"line":30,"column":6},"end":{"line":33,"column":null}},"7":{"start":{"line":35,"column":26},"end":{"line":44,"column":null}},"8":{"start":{"line":36,"column":4},"end":{"line":40,"column":null}},"9":{"start":{"line":37,"column":25},"end":{"line":37,"column":null}},"10":{"start":{"line":38,"column":23},"end":{"line":38,"column":null}},"11":{"start":{"line":39,"column":6},"end":{"line":39,"column":null}},"12":{"start":{"line":42,"column":49},"end":{"line":42,"column":null}},"13":{"start":{"line":43,"column":4},"end":{"line":43,"column":null}},"14":{"start":{"line":46,"column":17},"end":{"line":51,"column":null}},"15":{"start":{"line":47,"column":25},"end":{"line":47,"column":null}},"16":{"start":{"line":48,"column":4},"end":{"line":48,"column":null}},"17":{"start":{"line":49,"column":4},"end":{"line":49,"column":null}},"18":{"start":{"line":50,"column":4},"end":{"line":50,"column":null}},"19":{"start":{"line":53,"column":2},"end":{"line":60,"column":null}},"20":{"start":{"line":54,"column":4},"end":{"line":59,"column":null}},"21":{"start":{"line":55,"column":20},"end":{"line":57,"column":null}},"22":{"start":{"line":56,"column":8},"end":{"line":56,"column":null}},"23":{"start":{"line":58,"column":6},"end":{"line":58,"column":null}},"24":{"start":{"line":58,"column":19},"end":{"line":58,"column":null}},"25":{"start":{"line":62,"column":2},"end":{"line":200,"column":null}},"26":{"start":{"line":202,"column":2},"end":{"line":30,"column":26}},"27":{"start":{"line":20,"column":23},"end":{"line":30,"column":26}},"28":{"start":{"line":30,"column":13},"end":{"line":20,"column":23}},"29":{"start":{"line":20,"column":23},"end":{"line":20,"column":26}}},"fnMap":{"0":{"name":"(anonymous_1)","decl":{"start":{"line":20,"column":26},"end":{"line":20,"column":32}},"loc":{"start":{"line":20,"column":32},"end":{"line":202,"column":2}}},"1":{"name":"(anonymous_2)","decl":{"start":{"line":21,"column":32},"end":{"line":21,"column":33}},"loc":{"start":{"line":21,"column":54},"end":{"line":21,"column":74}}},"2":{"name":"(anonymous_3)","decl":{"start":{"line":35,"column":26},"end":{"line":35,"column":27}},"loc":{"start":{"line":35,"column":58},"end":{"line":44,"column":null}}},"3":{"name":"(anonymous_4)","decl":{"start":{"line":46,"column":17},"end":{"line":46,"column":18}},"loc":{"start":{"line":46,"column":47},"end":{"line":51,"column":null}}},"4":{"name":"(anonymous_5)","decl":{"start":{"line":53,"column":12},"end":{"line":53,"column":18}},"loc":{"start":{"line":53,"column":18},"end":{"line":60,"column":5}}},"5":{"name":"(anonymous_6)","decl":{"start":{"line":55,"column":31},"end":{"line":55,"column":37}},"loc":{"start":{"line":55,"column":37},"end":{"line":57,"column":9}}},"6":{"name":"(anonymous_7)","decl":{"start":{"line":58,"column":13},"end":{"line":58,"column":19}},"loc":{"start":{"line":58,"column":19},"end":{"line":58,"column":null}}},"7":{"name":"(anonymous_8)","decl":{"start":{"line":20,"column":23},"end":{"line":20,"column":26}},"loc":{"start":{"line":20,"column":23},"end":{"line":30,"column":26}}}},"branchMap":{"0":{"loc":{"start":{"line":36,"column":4},"end":{"line":40,"column":null}},"type":"if","locations":[{"start":{"line":36,"column":4},"end":{"line":40,"column":null}}]},"1":{"loc":{"start":{"line":54,"column":4},"end":{"line":59,"column":null}},"type":"if","locations":[{"start":{"line":54,"column":4},"end":{"line":59,"column":null}}]},"2":{"loc":{"start":{"line":64,"column":7},"end":{"line":67,"column":null}},"type":"binary-expr","locations":[{"start":{"line":64,"column":7},"end":{"line":64,"column":null}},{"start":{"line":65,"column":8},"end":{"line":67,"column":null}}]},"3":{"loc":{"start":{"line":89,"column":13},"end":{"line":89,"column":null}},"type":"binary-expr","locations":[{"start":{"line":89,"column":13},"end":{"line":89,"column":29}},{"start":{"line":89,"column":29},"end":{"line":89,"column":null}}]},"4":{"loc":{"start":{"line":111,"column":13},"end":{"line":111,"column":null}},"type":"binary-expr","locations":[{"start":{"line":111,"column":13},"end":{"line":111,"column":29}},{"start":{"line":111,"column":29},"end":{"line":111,"column":null}}]},"5":{"loc":{"start":{"line":131,"column":13},"end":{"line":131,"column":null}},"type":"binary-expr","locations":[{"start":{"line":131,"column":13},"end":{"line":131,"column":30}},{"start":{"line":131,"column":30},"end":{"line":131,"column":null}}]},"6":{"loc":{"start":{"line":149,"column":13},"end":{"line":149,"column":null}},"type":"binary-expr","locations":[{"start":{"line":149,"column":13},"end":{"line":149,"column":32}},{"start":{"line":149,"column":32},"end":{"line":149,"column":null}}]},"7":{"loc":{"start":{"line":163,"column":9},"end":{"line":166,"column":null}},"type":"binary-expr","locations":[{"start":{"line":163,"column":9},"end":{"line":163,"column":null}},{"start":{"line":164,"column":10},"end":{"line":166,"column":null}}]},"8":{"loc":{"start":{"line":178,"column":9},"end":{"line":181,"column":null}},"type":"binary-expr","locations":[{"start":{"line":178,"column":9},"end":{"line":178,"column":null}},{"start":{"line":179,"column":10},"end":{"line":181,"column":null}}]},"9":{"loc":{"start":{"line":191,"column":9},"end":{"line":194,"column":null}},"type":"binary-expr","locations":[{"start":{"line":191,"column":9},"end":{"line":191,"column":null}},{"start":{"line":192,"column":10},"end":{"line":194,"column":null}}]}},"s":{"0":26,"1":24,"2":24,"3":26,"4":24,"5":24,"6":24,"7":24,"8":2,"9":2,"10":2,"11":2,"12":2,"13":2,"14":24,"15":2,"16":2,"17":2,"18":2,"19":24,"20":14,"21":2,"22":0,"23":2,"24":0,"25":24,"26":26,"27":6,"28":26,"29":26},"f":{"0":24,"1":26,"2":2,"3":2,"4":14,"5":0,"6":0,"7":6},"b":{"0":[2],"1":[2],"2":[24,4],"3":[24,4],"4":[24,4],"5":[24,4],"6":[24,4],"7":[24,4],"8":[24,4],"9":[24,4]}}
,"C:/Users/Tricky/Desktop/nastya-test/rs-school-react-react-ssr/src/components/form/form-utils.tsx": {"path":"C:/Users/Tricky/Desktop/nastya-test/rs-school-react-react-ssr/src/components/form/form-utils.tsx","statementMap":{"0":{"start":{"line":1,"column":34},"end":{"line":7,"column":null}},"1":{"start":{"line":2,"column":22},"end":{"line":2,"column":null}},"2":{"start":{"line":3,"column":2},"end":{"line":5,"column":null}},"3":{"start":{"line":9,"column":28},"end":{"line":12,"column":null}},"4":{"start":{"line":10,"column":16},"end":{"line":10,"column":null}},"5":{"start":{"line":11,"column":2},"end":{"line":11,"column":null}},"6":{"start":{"line":14,"column":37},"end":{"line":21,"column":null}},"7":{"start":{"line":15,"column":23},"end":{"line":15,"column":null}},"8":{"start":{"line":16,"column":22},"end":{"line":16,"column":null}},"9":{"start":{"line":17,"column":2},"end":{"line":19,"column":null}},"10":{"start":{"line":23,"column":32},"end":{"line":25,"column":null}},"11":{"start":{"line":24,"column":2},"end":{"line":24,"column":null}},"12":{"start":{"line":27,"column":32},"end":{"line":33,"column":null}},"13":{"start":{"line":28,"column":41},"end":{"line":28,"column":null}},"14":{"start":{"line":29,"column":2},"end":{"line":31,"column":null}}},"fnMap":{"0":{"name":"(anonymous_0)","decl":{"start":{"line":1,"column":34},"end":{"line":1,"column":35}},"loc":{"start":{"line":1,"column":70},"end":{"line":7,"column":null}}},"1":{"name":"(anonymous_1)","decl":{"start":{"line":9,"column":28},"end":{"line":9,"column":29}},"loc":{"start":{"line":9,"column":64},"end":{"line":12,"column":null}}},"2":{"name":"(anonymous_2)","decl":{"start":{"line":14,"column":37},"end":{"line":14,"column":38}},"loc":{"start":{"line":14,"column":74},"end":{"line":21,"column":null}}},"3":{"name":"(anonymous_3)","decl":{"start":{"line":23,"column":32},"end":{"line":23,"column":33}},"loc":{"start":{"line":23,"column":69},"end":{"line":25,"column":null}}},"4":{"name":"(anonymous_4)","decl":{"start":{"line":27,"column":32},"end":{"line":27,"column":33}},"loc":{"start":{"line":27,"column":77},"end":{"line":33,"column":null}}}},"branchMap":{"0":{"loc":{"start":{"line":4,"column":4},"end":{"line":5,"column":null}},"type":"binary-expr","locations":[{"start":{"line":4,"column":4},"end":{"line":4,"column":null}},{"start":{"line":5,"column":4},"end":{"line":5,"column":null}}]},"1":{"loc":{"start":{"line":11,"column":9},"end":{"line":11,"column":null}},"type":"binary-expr","locations":[{"start":{"line":11,"column":9},"end":{"line":11,"column":29}},{"start":{"line":11,"column":29},"end":{"line":11,"column":null}}]},"2":{"loc":{"start":{"line":18,"column":4},"end":{"line":19,"column":null}},"type":"binary-expr","locations":[{"start":{"line":18,"column":4},"end":{"line":18,"column":null}},{"start":{"line":19,"column":5},"end":{"line":19,"column":null}}]},"3":{"loc":{"start":{"line":24,"column":9},"end":{"line":24,"column":null}},"type":"binary-expr","locations":[{"start":{"line":24,"column":9},"end":{"line":24,"column":25}},{"start":{"line":24,"column":25},"end":{"line":24,"column":null}}]},"4":{"loc":{"start":{"line":28,"column":41},"end":{"line":28,"column":null}},"type":"cond-expr","locations":[{"start":{"line":28,"column":48},"end":{"line":28,"column":58}},{"start":{"line":28,"column":58},"end":{"line":28,"column":null}}]},"5":{"loc":{"start":{"line":30,"column":5},"end":{"line":31,"column":null}},"type":"binary-expr","locations":[{"start":{"line":30,"column":5},"end":{"line":30,"column":21}},{"start":{"line":30,"column":21},"end":{"line":30,"column":null}},{"start":{"line":31,"column":4},"end":{"line":31,"column":null}}]}},"s":{"0":26,"1":8,"2":8,"3":26,"4":8,"5":8,"6":26,"7":2,"8":2,"9":2,"10":26,"11":6,"12":26,"13":2,"14":2},"f":{"0":8,"1":8,"2":2,"3":6,"4":2},"b":{"0":[8,0],"1":[8,4],"2":[2,0],"3":[6,0],"4":[2,0],"5":[2,2,0]}}
,"C:/Users/Tricky/Desktop/nastya-test/rs-school-react-react-ssr/src/components/header/Header.tsx": {"path":"C:/Users/Tricky/Desktop/nastya-test/rs-school-react-react-ssr/src/components/header/Header.tsx","statementMap":{"0":{"start":{"line":1,"column":25},"end":{"line":1,"column":null}},"1":{"start":{"line":9,"column":22},"end":{"line":20,"column":2}},"2":{"start":{"line":10,"column":2},"end":{"line":18,"column":null}},"3":{"start":{"line":20,"column":2},"end":{"line":9,"column":19}},"4":{"start":{"line":9,"column":19},"end":{"line":9,"column":22}}},"fnMap":{"0":{"name":"(anonymous_0)","decl":{"start":{"line":1,"column":25},"end":{"line":1,"column":null}},"loc":{"start":{"line":1,"column":25},"end":{"line":1,"column":null}}},"1":{"name":"(anonymous_1)","decl":{"start":{"line":9,"column":22},"end":{"line":9,"column":23}},"loc":{"start":{"line":9,"column":40},"end":{"line":20,"column":2}}}},"branchMap":{"0":{"loc":{"start":{"line":1,"column":25},"end":{"line":1,"column":null}},"type":"if","locations":[{"start":{"line":1,"column":25},"end":{"line":1,"column":null}}]}},"s":{"0":182,"1":26,"2":64,"3":26,"4":26},"f":{"0":26,"1":64},"b":{"0":[26]}}
,"C:/Users/Tricky/Desktop/nastya-test/rs-school-react-react-ssr/src/components/input-cards-list/InputCardslist.tsx": {"path":"C:/Users/Tricky/Desktop/nastya-test/rs-school-react-react-ssr/src/components/input-cards-list/InputCardslist.tsx","statementMap":{"0":{"start":{"line":7,"column":26},"end":{"line":28,"column":2}},"1":{"start":{"line":7,"column":32},"end":{"line":7,"column":null}},"2":{"start":{"line":8,"column":44},"end":{"line":8,"column":null}},"3":{"start":{"line":9,"column":20},"end":{"line":9,"column":null}},"4":{"start":{"line":9,"column":54},"end":{"line":9,"column":74}},"5":{"start":{"line":11,"column":19},"end":{"line":11,"column":null}},"6":{"start":{"line":11,"column":58},"end":{"line":11,"column":87}},"7":{"start":{"line":13,"column":29},"end":{"line":15,"column":null}},"8":{"start":{"line":14,"column":4},"end":{"line":14,"column":null}},"9":{"start":{"line":17,"column":2},"end":{"line":26,"column":null}},"10":{"start":{"line":21,"column":10},"end":{"line":23,"column":null}},"11":{"start":{"line":28,"column":2},"end":{"line":9,"column":32}},"12":{"start":{"line":7,"column":23},"end":{"line":9,"column":32}},"13":{"start":{"line":9,"column":31},"end":{"line":7,"column":23}},"14":{"start":{"line":7,"column":23},"end":{"line":7,"column":26}}},"fnMap":{"0":{"name":"(anonymous_1)","decl":{"start":{"line":7,"column":26},"end":{"line":7,"column":32}},"loc":{"start":{"line":7,"column":32},"end":{"line":28,"column":2}}},"1":{"name":"(anonymous_2)","decl":{"start":{"line":9,"column":32},"end":{"line":9,"column":33}},"loc":{"start":{"line":9,"column":54},"end":{"line":9,"column":74}}},"2":{"name":"(anonymous_3)","decl":{"start":{"line":11,"column":36},"end":{"line":11,"column":37}},"loc":{"start":{"line":11,"column":58},"end":{"line":11,"column":87}}},"3":{"name":"(anonymous_4)","decl":{"start":{"line":13,"column":29},"end":{"line":13,"column":30}},"loc":{"start":{"line":13,"column":51},"end":{"line":15,"column":null}}},"4":{"name":"(anonymous_5)","decl":{"start":{"line":20,"column":22},"end":{"line":20,"column":23}},"loc":{"start":{"line":21,"column":10},"end":{"line":23,"column":null}}},"5":{"name":"(anonymous_6)","decl":{"start":{"line":7,"column":23},"end":{"line":7,"column":26}},"loc":{"start":{"line":7,"column":23},"end":{"line":9,"column":32}}}},"branchMap":{},"s":{"0":26,"1":16,"2":16,"3":16,"4":18,"5":16,"6":4,"7":16,"8":0,"9":16,"10":4,"11":26,"12":6,"13":26,"14":26},"f":{"0":16,"1":18,"2":4,"3":0,"4":4,"5":6},"b":{}}
,"C:/Users/Tricky/Desktop/nastya-test/rs-school-react-react-ssr/src/components/layout/Layout.tsx": {"path":"C:/Users/Tricky/Desktop/nastya-test/rs-school-react-react-ssr/src/components/layout/Layout.tsx","statementMap":{"0":{"start":{"line":1,"column":25},"end":{"line":1,"column":null}},"1":{"start":{"line":9,"column":22},"end":{"line":19,"column":2}},"2":{"start":{"line":10,"column":2},"end":{"line":17,"column":null}},"3":{"start":{"line":19,"column":2},"end":{"line":9,"column":19}},"4":{"start":{"line":9,"column":19},"end":{"line":9,"column":22}}},"fnMap":{"0":{"name":"(anonymous_0)","decl":{"start":{"line":1,"column":25},"end":{"line":1,"column":null}},"loc":{"start":{"line":1,"column":25},"end":{"line":1,"column":null}}},"1":{"name":"(anonymous_1)","decl":{"start":{"line":9,"column":22},"end":{"line":9,"column":23}},"loc":{"start":{"line":9,"column":40},"end":{"line":19,"column":2}}}},"branchMap":{"0":{"loc":{"start":{"line":1,"column":25},"end":{"line":1,"column":null}},"type":"if","locations":[{"start":{"line":1,"column":25},"end":{"line":1,"column":null}}]}},"s":{"0":182,"1":26,"2":64,"3":26,"4":26},"f":{"0":26,"1":64},"b":{"0":[26]}}
,"C:/Users/Tricky/Desktop/nastya-test/rs-school-react-react-ssr/src/components/loader/Loader.tsx": {"path":"C:/Users/Tricky/Desktop/nastya-test/rs-school-react-react-ssr/src/components/loader/Loader.tsx","statementMap":{"0":{"start":{"line":1,"column":25},"end":{"line":1,"column":null}},"1":{"start":{"line":4,"column":15},"end":{"line":11,"column":2}},"2":{"start":{"line":5,"column":2},"end":{"line":9,"column":null}},"3":{"start":{"line":11,"column":2},"end":{"line":4,"column":15}},"4":{"start":{"line":13,"column":22},"end":{"line":13,"column":null}}},"fnMap":{"0":{"name":"(anonymous_0)","decl":{"start":{"line":1,"column":25},"end":{"line":1,"column":null}},"loc":{"start":{"line":1,"column":25},"end":{"line":1,"column":null}}},"1":{"name":"(anonymous_1)","decl":{"start":{"line":4,"column":15},"end":{"line":4,"column":21}},"loc":{"start":{"line":4,"column":21},"end":{"line":11,"column":2}}}},"branchMap":{"0":{"loc":{"start":{"line":1,"column":25},"end":{"line":1,"column":null}},"type":"if","locations":[{"start":{"line":1,"column":25},"end":{"line":1,"column":null}}]}},"s":{"0":182,"1":26,"2":60,"3":26,"4":26},"f":{"0":26,"1":60},"b":{"0":[26]}}
,"C:/Users/Tricky/Desktop/nastya-test/rs-school-react-react-ssr/src/components/nav/Nav.tsx": {"path":"C:/Users/Tricky/Desktop/nastya-test/rs-school-react-react-ssr/src/components/nav/Nav.tsx","statementMap":{"0":{"start":{"line":1,"column":25},"end":{"line":1,"column":null}},"1":{"start":{"line":5,"column":19},"end":{"line":21,"column":2}},"2":{"start":{"line":6,"column":2},"end":{"line":19,"column":null}},"3":{"start":{"line":21,"column":2},"end":{"line":5,"column":16}},"4":{"start":{"line":5,"column":16},"end":{"line":5,"column":19}}},"fnMap":{"0":{"name":"(anonymous_0)","decl":{"start":{"line":1,"column":25},"end":{"line":1,"column":null}},"loc":{"start":{"line":1,"column":25},"end":{"line":1,"column":null}}},"1":{"name":"(anonymous_1)","decl":{"start":{"line":5,"column":19},"end":{"line":5,"column":25}},"loc":{"start":{"line":5,"column":25},"end":{"line":21,"column":2}}}},"branchMap":{"0":{"loc":{"start":{"line":1,"column":25},"end":{"line":1,"column":null}},"type":"if","locations":[{"start":{"line":1,"column":25},"end":{"line":1,"column":null}}]}},"s":{"0":182,"1":26,"2":64,"3":26,"4":26},"f":{"0":26,"1":64},"b":{"0":[26]}}
,"C:/Users/Tricky/Desktop/nastya-test/rs-school-react-react-ssr/src/components/search/Search.tsx": {"path":"C:/Users/Tricky/Desktop/nastya-test/rs-school-react-react-ssr/src/components/search/Search.tsx","statementMap":{"0":{"start":{"line":7,"column":25},"end":{"line":36,"column":2}},"1":{"start":{"line":7,"column":31},"end":{"line":7,"column":null}},"2":{"start":{"line":8,"column":19},"end":{"line":8,"column":null}},"3":{"start":{"line":9,"column":21},"end":{"line":9,"column":null}},"4":{"start":{"line":9,"column":55},"end":{"line":9,"column":76}},"5":{"start":{"line":10,"column":40},"end":{"line":10,"column":null}},"6":{"start":{"line":12,"column":22},"end":{"line":16,"column":null}},"7":{"start":{"line":13,"column":4},"end":{"line":15,"column":null}},"8":{"start":{"line":14,"column":6},"end":{"line":14,"column":null}},"9":{"start":{"line":18,"column":23},"end":{"line":20,"column":null}},"10":{"start":{"line":19,"column":4},"end":{"line":19,"column":null}},"11":{"start":{"line":22,"column":2},"end":{"line":34,"column":null}},"12":{"start":{"line":36,"column":2},"end":{"line":9,"column":33}},"13":{"start":{"line":7,"column":22},"end":{"line":9,"column":33}},"14":{"start":{"line":9,"column":32},"end":{"line":7,"column":22}},"15":{"start":{"line":38,"column":22},"end":{"line":38,"column":null}}},"fnMap":{"0":{"name":"(anonymous_1)","decl":{"start":{"line":7,"column":25},"end":{"line":7,"column":31}},"loc":{"start":{"line":7,"column":31},"end":{"line":36,"column":2}}},"1":{"name":"(anonymous_2)","decl":{"start":{"line":9,"column":33},"end":{"line":9,"column":34}},"loc":{"start":{"line":9,"column":55},"end":{"line":9,"column":76}}},"2":{"name":"(anonymous_3)","decl":{"start":{"line":12,"column":22},"end":{"line":12,"column":23}},"loc":{"start":{"line":12,"column":72},"end":{"line":16,"column":null}}},"3":{"name":"(anonymous_4)","decl":{"start":{"line":18,"column":23},"end":{"line":18,"column":24}},"loc":{"start":{"line":18,"column":71},"end":{"line":20,"column":null}}},"4":{"name":"(anonymous_5)","decl":{"start":{"line":7,"column":22},"end":{"line":7,"column":25}},"loc":{"start":{"line":7,"column":22},"end":{"line":9,"column":33}}}},"branchMap":{"0":{"loc":{"start":{"line":13,"column":4},"end":{"line":15,"column":null}},"type":"if","locations":[{"start":{"line":13,"column":4},"end":{"line":15,"column":null}}]}},"s":{"0":26,"1":100,"2":100,"3":100,"4":350,"5":100,"6":100,"7":30,"8":4,"9":100,"10":26,"11":100,"12":26,"13":20,"14":26,"15":26},"f":{"0":100,"1":350,"2":30,"3":26,"4":20},"b":{"0":[4]}}
,"C:/Users/Tricky/Desktop/nastya-test/rs-school-react-react-ssr/src/components/slider/Slider.tsx": {"path":"C:/Users/Tricky/Desktop/nastya-test/rs-school-react-react-ssr/src/components/slider/Slider.tsx","statementMap":{"0":{"start":{"line":8,"column":22},"end":{"line":42,"column":2}},"1":{"start":{"line":8,"column":40},"end":{"line":8,"column":null}},"2":{"start":{"line":9,"column":20},"end":{"line":9,"column":null}},"3":{"start":{"line":10,"column":42},"end":{"line":10,"column":null}},"4":{"start":{"line":12,"column":2},"end":{"line":20,"column":null}},"5":{"start":{"line":13,"column":4},"end":{"line":19,"column":null}},"6":{"start":{"line":14,"column":22},"end":{"line":16,"column":null}},"7":{"start":{"line":15,"column":8},"end":{"line":15,"column":null}},"8":{"start":{"line":15,"column":25},"end":{"line":15,"column":69}},"9":{"start":{"line":18,"column":6},"end":{"line":18,"column":null}},"10":{"start":{"line":18,"column":19},"end":{"line":18,"column":null}},"11":{"start":{"line":22,"column":2},"end":{"line":24,"column":null}},"12":{"start":{"line":23,"column":4},"end":{"line":23,"column":null}},"13":{"start":{"line":26,"column":2},"end":{"line":40,"column":null}},"14":{"start":{"line":42,"column":2},"end":{"line":8,"column":22}},"15":{"start":{"line":8,"column":19},"end":{"line":null,"column":-1}},"16":{"start":{"line":8,"column":19},"end":{"line":8,"column":22}}},"fnMap":{"0":{"name":"(anonymous_1)","decl":{"start":{"line":8,"column":22},"end":{"line":8,"column":23}},"loc":{"start":{"line":8,"column":40},"end":{"line":42,"column":2}}},"1":{"name":"(anonymous_2)","decl":{"start":{"line":12,"column":12},"end":{"line":12,"column":18}},"loc":{"start":{"line":12,"column":18},"end":{"line":20,"column":5}}},"2":{"name":"(anonymous_3)","decl":{"start":{"line":14,"column":34},"end":{"line":14,"column":40}},"loc":{"start":{"line":14,"column":40},"end":{"line":16,"column":9}}},"3":{"name":"(anonymous_4)","decl":{"start":{"line":15,"column":25},"end":{"line":15,"column":40}},"loc":{"start":{"line":15,"column":25},"end":{"line":15,"column":69}}},"4":{"name":"(anonymous_5)","decl":{"start":{"line":18,"column":13},"end":{"line":18,"column":19}},"loc":{"start":{"line":18,"column":19},"end":{"line":18,"column":null}}}},"branchMap":{"0":{"loc":{"start":{"line":13,"column":4},"end":{"line":19,"column":null}},"type":"if","locations":[{"start":{"line":13,"column":4},"end":{"line":19,"column":null}}]},"1":{"loc":{"start":{"line":22,"column":2},"end":{"line":24,"column":null}},"type":"if","locations":[{"start":{"line":22,"column":2},"end":{"line":24,"column":null}}]}},"s":{"0":26,"1":1136,"2":1136,"3":1136,"4":1136,"5":466,"6":466,"7":0,"8":0,"9":466,"10":388,"11":1136,"12":0,"13":1136,"14":26,"15":26,"16":26},"f":{"0":1136,"1":466,"2":0,"3":0,"4":388},"b":{"0":[466],"1":[0]}}
,"C:/Users/Tricky/Desktop/nastya-test/rs-school-react-react-ssr/src/pages/page-about.tsx": {"path":"C:/Users/Tricky/Desktop/nastya-test/rs-school-react-react-ssr/src/pages/page-about.tsx","statementMap":{"0":{"start":{"line":1,"column":25},"end":{"line":1,"column":null}},"1":{"start":{"line":3,"column":21},"end":{"line":5,"column":2}},"2":{"start":{"line":4,"column":2},"end":{"line":4,"column":null}},"3":{"start":{"line":5,"column":2},"end":{"line":3,"column":18}},"4":{"start":{"line":3,"column":18},"end":{"line":3,"column":21}}},"fnMap":{"0":{"name":"(anonymous_0)","decl":{"start":{"line":1,"column":25},"end":{"line":1,"column":null}},"loc":{"start":{"line":1,"column":25},"end":{"line":1,"column":null}}},"1":{"name":"(anonymous_1)","decl":{"start":{"line":3,"column":21},"end":{"line":3,"column":27}},"loc":{"start":{"line":3,"column":27},"end":{"line":5,"column":2}}}},"branchMap":{"0":{"loc":{"start":{"line":1,"column":25},"end":{"line":1,"column":null}},"type":"if","locations":[{"start":{"line":1,"column":25},"end":{"line":1,"column":null}}]}},"s":{"0":182,"1":26,"2":8,"3":26,"4":26},"f":{"0":26,"1":8},"b":{"0":[26]}}
,"C:/Users/Tricky/Desktop/nastya-test/rs-school-react-react-ssr/src/pages/page-notfound.tsx": {"path":"C:/Users/Tricky/Desktop/nastya-test/rs-school-react-react-ssr/src/pages/page-notfound.tsx","statementMap":{"0":{"start":{"line":1,"column":25},"end":{"line":1,"column":null}},"1":{"start":{"line":3,"column":24},"end":{"line":9,"column":2}},"2":{"start":{"line":4,"column":2},"end":{"line":7,"column":null}},"3":{"start":{"line":9,"column":2},"end":{"line":3,"column":21}},"4":{"start":{"line":3,"column":21},"end":{"line":3,"column":24}}},"fnMap":{"0":{"name":"(anonymous_0)","decl":{"start":{"line":1,"column":25},"end":{"line":1,"column":null}},"loc":{"start":{"line":1,"column":25},"end":{"line":1,"column":null}}},"1":{"name":"(anonymous_1)","decl":{"start":{"line":3,"column":24},"end":{"line":3,"column":30}},"loc":{"start":{"line":3,"column":30},"end":{"line":9,"column":2}}}},"branchMap":{"0":{"loc":{"start":{"line":1,"column":25},"end":{"line":1,"column":null}},"type":"if","locations":[{"start":{"line":1,"column":25},"end":{"line":1,"column":null}}]}},"s":{"0":182,"1":26,"2":4,"3":26,"4":26},"f":{"0":26,"1":4},"b":{"0":[26]}}
,"C:/Users/Tricky/Desktop/nastya-test/rs-school-react-react-ssr/src/pages/page-form/page-form.tsx": {"path":"C:/Users/Tricky/Desktop/nastya-test/rs-school-react-react-ssr/src/pages/page-form/page-form.tsx","statementMap":{"0":{"start":{"line":1,"column":25},"end":{"line":1,"column":null}},"1":{"start":{"line":6,"column":24},"end":{"line":13,"column":2}},"2":{"start":{"line":7,"column":2},"end":{"line":11,"column":null}},"3":{"start":{"line":13,"column":2},"end":{"line":6,"column":21}},"4":{"start":{"line":6,"column":21},"end":{"line":6,"column":24}}},"fnMap":{"0":{"name":"(anonymous_0)","decl":{"start":{"line":1,"column":25},"end":{"line":1,"column":null}},"loc":{"start":{"line":1,"column":25},"end":{"line":1,"column":null}}},"1":{"name":"(anonymous_1)","decl":{"start":{"line":6,"column":24},"end":{"line":6,"column":30}},"loc":{"start":{"line":6,"column":30},"end":{"line":13,"column":2}}}},"branchMap":{"0":{"loc":{"start":{"line":1,"column":25},"end":{"line":1,"column":null}},"type":"if","locations":[{"start":{"line":1,"column":25},"end":{"line":1,"column":null}}]}},"s":{"0":182,"1":26,"2":12,"3":26,"4":26},"f":{"0":26,"1":12},"b":{"0":[26]}}
,"C:/Users/Tricky/Desktop/nastya-test/rs-school-react-react-ssr/src/pages/page-home/page-home.tsx": {"path":"C:/Users/Tricky/Desktop/nastya-test/rs-school-react-react-ssr/src/pages/page-home/page-home.tsx","statementMap":{"0":{"start":{"line":1,"column":25},"end":{"line":1,"column":null}},"1":{"start":{"line":7,"column":34},"end":{"line":19,"column":2}},"2":{"start":{"line":8,"column":2},"end":{"line":17,"column":null}},"3":{"start":{"line":19,"column":2},"end":{"line":7,"column":31}},"4":{"start":{"line":7,"column":31},"end":{"line":7,"column":34}}},"fnMap":{"0":{"name":"(anonymous_0)","decl":{"start":{"line":1,"column":25},"end":{"line":1,"column":null}},"loc":{"start":{"line":1,"column":25},"end":{"line":1,"column":null}}},"1":{"name":"(anonymous_1)","decl":{"start":{"line":7,"column":34},"end":{"line":7,"column":40}},"loc":{"start":{"line":7,"column":40},"end":{"line":19,"column":2}}}},"branchMap":{"0":{"loc":{"start":{"line":1,"column":25},"end":{"line":1,"column":null}},"type":"if","locations":[{"start":{"line":1,"column":25},"end":{"line":1,"column":null}}]}},"s":{"0":182,"1":26,"2":40,"3":26,"4":26},"f":{"0":26,"1":40},"b":{"0":[26]}}
}
