{"total": {"lines":{"total":289,"covered":187,"skipped":0,"pct":64.7},"statements":{"total":350,"covered":232,"skipped":0,"pct":66.28},"functions":{"total":110,"covered":61,"skipped":0,"pct":55.45},"branches":{"total":112,"covered":44,"skipped":0,"pct":39.28},"branchesTrue":{"total":0,"covered":0,"skipped":0,"pct":100}}
,"D:/D/_learning_frontend/_Narnia/2022/_RSS/st3-react-ssr/src/App.tsx": {"lines":{"total":5,"covered":5,"skipped":0,"pct":100},"functions":{"total":2,"covered":2,"skipped":0,"pct":100},"statements":{"total":5,"covered":5,"skipped":0,"pct":100},"branches":{"total":1,"covered":1,"skipped":0,"pct":100}}
,"D:/D/_learning_frontend/_Narnia/2022/_RSS/st3-react-ssr/src/main.tsx": {"lines":{"total":4,"covered":3,"skipped":0,"pct":75},"functions":{"total":0,"covered":0,"skipped":0,"pct":100},"statements":{"total":4,"covered":3,"skipped":0,"pct":75},"branches":{"total":2,"covered":1,"skipped":0,"pct":50}}
,"D:/D/_learning_frontend/_Narnia/2022/_RSS/st3-react-ssr/src/router.tsx": {"lines":{"total":5,"covered":5,"skipped":0,"pct":100},"functions":{"total":2,"covered":2,"skipped":0,"pct":100},"statements":{"total":5,"covered":5,"skipped":0,"pct":100},"branches":{"total":1,"covered":1,"skipped":0,"pct":100}}
,"D:/D/_learning_frontend/_Narnia/2022/_RSS/st3-react-ssr/src/store.tsx": {"lines":{"total":2,"covered":2,"skipped":0,"pct":100},"functions":{"total":1,"covered":1,"skipped":0,"pct":100},"statements":{"total":2,"covered":2,"skipped":0,"pct":100},"branches":{"total":0,"covered":0,"skipped":0,"pct":100}}
,"D:/D/_learning_frontend/_Narnia/2022/_RSS/st3-react-ssr/src/components/InputCard/InputCard.tsx": {"lines":{"total":6,"covered":3,"skipped":0,"pct":50},"functions":{"total":3,"covered":1,"skipped":0,"pct":33.33},"statements":{"total":7,"covered":4,"skipped":0,"pct":57.14},"branches":{"total":1,"covered":1,"skipped":0,"pct":100}}
,"D:/D/_learning_frontend/_Narnia/2022/_RSS/st3-react-ssr/src/components/PlantModal/PlantModal.tsx": {"lines":{"total":31,"covered":18,"skipped":0,"pct":58.06},"functions":{"total":12,"covered":8,"skipped":0,"pct":66.66},"statements":{"total":42,"covered":26,"skipped":0,"pct":61.9},"branches":{"total":27,"covered":3,"skipped":0,"pct":11.11}}
,"D:/D/_learning_frontend/_Narnia/2022/_RSS/st3-react-ssr/src/components/PlantModal/plant-slice.tsx": {"lines":{"total":14,"covered":4,"skipped":0,"pct":28.57},"functions":{"total":7,"covered":1,"skipped":0,"pct":14.28},"statements":{"total":14,"covered":4,"skipped":0,"pct":28.57},"branches":{"total":2,"covered":0,"skipped":0,"pct":0}}
,"D:/D/_learning_frontend/_Narnia/2022/_RSS/st3-react-ssr/src/components/PlantModal/plant-thunk.tsx": {"lines":{"total":14,"covered":1,"skipped":0,"pct":7.14},"functions":{"total":1,"covered":0,"skipped":0,"pct":0},"statements":{"total":14,"covered":1,"skipped":0,"pct":7.14},"branches":{"total":4,"covered":0,"skipped":0,"pct":0}}
,"D:/D/_learning_frontend/_Narnia/2022/_RSS/st3-react-ssr/src/components/UI/checkbox/Checkbox.tsx": {"lines":{"total":5,"covered":3,"skipped":0,"pct":60},"functions":{"total":2,"covered":1,"skipped":0,"pct":50},"statements":{"total":6,"covered":4,"skipped":0,"pct":66.66},"branches":{"total":1,"covered":1,"skipped":0,"pct":100}}
,"D:/D/_learning_frontend/_Narnia/2022/_RSS/st3-react-ssr/src/components/UI/radioBtn/Radio.tsx": {"lines":{"total":6,"covered":3,"skipped":0,"pct":50},"functions":{"total":3,"covered":1,"skipped":0,"pct":33.33},"statements":{"total":7,"covered":4,"skipped":0,"pct":57.14},"branches":{"total":1,"covered":1,"skipped":0,"pct":100}}
,"D:/D/_learning_frontend/_Narnia/2022/_RSS/st3-react-ssr/src/components/UI/select/Select.tsx": {"lines":{"total":6,"covered":3,"skipped":0,"pct":50},"functions":{"total":3,"covered":1,"skipped":0,"pct":33.33},"statements":{"total":7,"covered":4,"skipped":0,"pct":57.14},"branches":{"total":1,"covered":1,"skipped":0,"pct":100}}
,"D:/D/_learning_frontend/_Narnia/2022/_RSS/st3-react-ssr/src/components/card/Card.tsx": {"lines":{"total":9,"covered":8,"skipped":0,"pct":88.88},"functions":{"total":3,"covered":2,"skipped":0,"pct":66.66},"statements":{"total":13,"covered":12,"skipped":0,"pct":92.3},"branches":{"total":4,"covered":4,"skipped":0,"pct":100}}
,"D:/D/_learning_frontend/_Narnia/2022/_RSS/st3-react-ssr/src/components/cards/Cards.tsx": {"lines":{"total":25,"covered":25,"skipped":0,"pct":100},"functions":{"total":9,"covered":7,"skipped":0,"pct":77.77},"statements":{"total":36,"covered":33,"skipped":0,"pct":91.66},"branches":{"total":12,"covered":12,"skipped":0,"pct":100}}
,"D:/D/_learning_frontend/_Narnia/2022/_RSS/st3-react-ssr/src/components/cards/cards-slice.tsx": {"lines":{"total":16,"covered":14,"skipped":0,"pct":87.5},"functions":{"total":9,"covered":7,"skipped":0,"pct":77.77},"statements":{"total":18,"covered":16,"skipped":0,"pct":88.88},"branches":{"total":2,"covered":1,"skipped":0,"pct":50}}
,"D:/D/_learning_frontend/_Narnia/2022/_RSS/st3-react-ssr/src/components/cards/thunk.tsx": {"lines":{"total":14,"covered":12,"skipped":0,"pct":85.71},"functions":{"total":1,"covered":1,"skipped":0,"pct":100},"statements":{"total":14,"covered":12,"skipped":0,"pct":85.71},"branches":{"total":4,"covered":2,"skipped":0,"pct":50}}
,"D:/D/_learning_frontend/_Narnia/2022/_RSS/st3-react-ssr/src/components/form/Form.tsx": {"lines":{"total":24,"covered":3,"skipped":0,"pct":12.5},"functions":{"total":8,"covered":0,"skipped":0,"pct":0},"statements":{"total":30,"covered":4,"skipped":0,"pct":13.33},"branches":{"total":18,"covered":0,"skipped":0,"pct":0}}
,"D:/D/_learning_frontend/_Narnia/2022/_RSS/st3-react-ssr/src/components/form/form-utils.tsx": {"lines":{"total":15,"covered":5,"skipped":0,"pct":33.33},"functions":{"total":5,"covered":0,"skipped":0,"pct":0},"statements":{"total":15,"covered":5,"skipped":0,"pct":33.33},"branches":{"total":12,"covered":0,"skipped":0,"pct":0}}
,"D:/D/_learning_frontend/_Narnia/2022/_RSS/st3-react-ssr/src/components/header/Header.tsx": {"lines":{"total":4,"covered":4,"skipped":0,"pct":100},"functions":{"total":2,"covered":2,"skipped":0,"pct":100},"statements":{"total":5,"covered":5,"skipped":0,"pct":100},"branches":{"total":1,"covered":1,"skipped":0,"pct":100}}
,"D:/D/_learning_frontend/_Narnia/2022/_RSS/st3-react-ssr/src/components/input-cards-list/InputCardslist.tsx": {"lines":{"total":9,"covered":3,"skipped":0,"pct":33.33},"functions":{"total":6,"covered":0,"skipped":0,"pct":0},"statements":{"total":15,"covered":4,"skipped":0,"pct":26.66},"branches":{"total":0,"covered":0,"skipped":0,"pct":100}}
,"D:/D/_learning_frontend/_Narnia/2022/_RSS/st3-react-ssr/src/components/layout/Layout.tsx": {"lines":{"total":4,"covered":4,"skipped":0,"pct":100},"functions":{"total":2,"covered":2,"skipped":0,"pct":100},"statements":{"total":5,"covered":5,"skipped":0,"pct":100},"branches":{"total":1,"covered":1,"skipped":0,"pct":100}}
,"D:/D/_learning_frontend/_Narnia/2022/_RSS/st3-react-ssr/src/components/loader/Loader.tsx": {"lines":{"total":5,"covered":5,"skipped":0,"pct":100},"functions":{"total":2,"covered":2,"skipped":0,"pct":100},"statements":{"total":5,"covered":5,"skipped":0,"pct":100},"branches":{"total":1,"covered":1,"skipped":0,"pct":100}}
,"D:/D/_learning_frontend/_Narnia/2022/_RSS/st3-react-ssr/src/components/nav/Nav.tsx": {"lines":{"total":4,"covered":4,"skipped":0,"pct":100},"functions":{"total":2,"covered":2,"skipped":0,"pct":100},"statements":{"total":5,"covered":5,"skipped":0,"pct":100},"branches":{"total":1,"covered":1,"skipped":0,"pct":100}}
,"D:/D/_learning_frontend/_Narnia/2022/_RSS/st3-react-ssr/src/components/nav/nav-type.tsx": {"lines":{"total":4,"covered":4,"skipped":0,"pct":100},"functions":{"total":1,"covered":1,"skipped":0,"pct":100},"statements":{"total":5,"covered":5,"skipped":0,"pct":100},"branches":{"total":2,"covered":2,"skipped":0,"pct":100}}
,"D:/D/_learning_frontend/_Narnia/2022/_RSS/st3-react-ssr/src/components/search/Search.tsx": {"lines":{"total":12,"covered":12,"skipped":0,"pct":100},"functions":{"total":5,"covered":5,"skipped":0,"pct":100},"statements":{"total":16,"covered":16,"skipped":0,"pct":100},"branches":{"total":1,"covered":1,"skipped":0,"pct":100}}
,"D:/D/_learning_frontend/_Narnia/2022/_RSS/st3-react-ssr/src/components/slider/Slider.tsx": {"lines":{"total":12,"covered":11,"skipped":0,"pct":91.66},"functions":{"total":5,"covered":5,"skipped":0,"pct":100},"statements":{"total":17,"covered":16,"skipped":0,"pct":94.11},"branches":{"total":2,"covered":1,"skipped":0,"pct":50}}
,"D:/D/_learning_frontend/_Narnia/2022/_RSS/st3-react-ssr/src/pages/page-about.tsx": {"lines":{"total":4,"covered":3,"skipped":0,"pct":75},"functions":{"total":2,"covered":1,"skipped":0,"pct":50},"statements":{"total":5,"covered":4,"skipped":0,"pct":80},"branches":{"total":1,"covered":1,"skipped":0,"pct":100}}
,"D:/D/_learning_frontend/_Narnia/2022/_RSS/st3-react-ssr/src/pages/page-notfound.tsx": {"lines":{"total":4,"covered":3,"skipped":0,"pct":75},"functions":{"total":2,"covered":1,"skipped":0,"pct":50},"statements":{"total":5,"covered":4,"skipped":0,"pct":80},"branches":{"total":1,"covered":1,"skipped":0,"pct":100}}
,"D:/D/_learning_frontend/_Narnia/2022/_RSS/st3-react-ssr/src/pages/page-form/form-type.tsx": {"lines":{"total":0,"covered":0,"skipped":0,"pct":0},"functions":{"total":0,"covered":0,"skipped":0,"pct":0},"statements":{"total":0,"covered":0,"skipped":0,"pct":0},"branches":{"total":0,"covered":0,"skipped":0,"pct":0}}
,"D:/D/_learning_frontend/_Narnia/2022/_RSS/st3-react-ssr/src/pages/page-form/page-form.tsx": {"lines":{"total":4,"covered":3,"skipped":0,"pct":75},"functions":{"total":2,"covered":1,"skipped":0,"pct":50},"statements":{"total":5,"covered":4,"skipped":0,"pct":80},"branches":{"total":1,"covered":1,"skipped":0,"pct":100}}
,"D:/D/_learning_frontend/_Narnia/2022/_RSS/st3-react-ssr/src/pages/page-home/page-home.tsx": {"lines":{"total":4,"covered":4,"skipped":0,"pct":100},"functions":{"total":2,"covered":2,"skipped":0,"pct":100},"statements":{"total":5,"covered":5,"skipped":0,"pct":100},"branches":{"total":1,"covered":1,"skipped":0,"pct":100}}
,"D:/D/_learning_frontend/_Narnia/2022/_RSS/st3-react-ssr/src/redux/reducer.tsx": {"lines":{"total":18,"covered":10,"skipped":0,"pct":55.55},"functions":{"total":6,"covered":2,"skipped":0,"pct":33.33},"statements":{"total":18,"covered":10,"skipped":0,"pct":55.55},"branches":{"total":6,"covered":3,"skipped":0,"pct":50}}
}
