TN:
SF:src\App.tsx
FN:1,(anonymous_0)
FN:4,(anonymous_1)
FNF:2
FNH:2
FNDA:39,(anonymous_0)
FNDA:78,(anonymous_1)
DA:1,273
DA:4,39
DA:5,78
DA:10,39
DA:12,39
LF:5
LH:5
BRDA:1,0,0,39
BRF:1
BRH:1
end_of_record
TN:
SF:src\main.tsx
FNF:0
FNH:0
DA:10,39
DA:12,39
DA:13,39
DA:23,0
LF:4
LH:3
BRDA:12,0,0,39
BRDA:12,0,1,0
BRF:2
BRH:1
end_of_record
TN:
SF:src\router.tsx
FN:1,(anonymous_0)
FN:9,(anonymous_1)
FNF:2
FNH:2
FNDA:39,(anonymous_0)
FNDA:78,(anonymous_1)
DA:1,273
DA:9,39
DA:10,78
DA:18,39
DA:20,39
LF:5
LH:5
BRDA:1,0,0,39
BRF:1
BRH:1
end_of_record
TN:
SF:src\server.ts
FNF:0
FNH:0
LF:0
LH:0
BRF:0
BRH:0
end_of_record
TN:
SF:src\store.tsx
FN:14,(anonymous_0)
FNF:1
FNH:1
FNDA:39,(anonymous_0)
DA:8,39
DA:15,39
LF:2
LH:2
BRF:0
BRH:0
end_of_record
TN:
SF:src\components\InputCard\InputCard.tsx
FN:1,(anonymous_0)
FN:11,(anonymous_1)
FN:12,(anonymous_2)
FNF:3
FNH:2
FNDA:39,(anonymous_0)
FNDA:6,(anonymous_1)
FNDA:0,(anonymous_2)
DA:1,273
DA:11,39
DA:12,6
DA:13,0
DA:16,6
DA:55,39
LF:6
LH:5
BRDA:1,0,0,39
BRF:1
BRH:1
end_of_record
TN:
SF:src\components\PlantModal\PlantModal.tsx
FN:16,(anonymous_1)
FN:16,(anonymous_2)
FN:18,(anonymous_3)
FN:20,(anonymous_4)
FN:21,(anonymous_5)
FN:22,(anonymous_6)
FN:23,(anonymous_7)
FN:26,(anonymous_8)
FN:32,(anonymous_9)
FN:60,(anonymous_10)
FN:65,(anonymous_11)
FN:18,(anonymous_12)
FNF:12
FNH:10
FNDA:0,(anonymous_1)
FNDA:0,(anonymous_2)
FNDA:162,(anonymous_3)
FNDA:380,(anonymous_4)
FNDA:380,(anonymous_5)
FNDA:371,(anonymous_6)
FNDA:380,(anonymous_7)
FNDA:75,(anonymous_8)
FNDA:84,(anonymous_9)
FNDA:6,(anonymous_10)
FNDA:6,(anonymous_11)
FNDA:30,(anonymous_12)
DA:16,39
DA:18,162
DA:19,162
DA:20,380
DA:21,380
DA:22,371
DA:23,380
DA:24,162
DA:26,162
DA:27,75
DA:28,9
DA:32,162
DA:33,84
DA:34,18
DA:35,9
DA:40,162
DA:41,18
DA:48,144
DA:49,0
DA:56,144
DA:57,126
DA:60,18
DA:61,6
DA:62,6
DA:65,18
DA:66,6
DA:67,3
DA:69,3
DA:72,18
DA:141,39
DA:143,39
LF:31
LH:30
BRDA:27,0,0,9
BRDA:33,1,0,18
BRDA:34,2,0,9
BRDA:40,3,0,18
BRDA:40,4,0,162
BRDA:40,4,1,90
BRDA:48,5,0,0
BRDA:48,6,0,144
BRDA:48,6,1,72
BRDA:56,7,0,126
BRDA:66,8,0,3
BRDA:85,9,0,18
BRDA:85,9,1,0
BRDA:88,10,0,18
BRDA:88,10,1,0
BRDA:91,11,0,18
BRDA:91,11,1,6
BRDA:100,12,0,18
BRDA:100,12,1,18
BRDA:115,13,0,18
BRDA:115,13,1,0
BRDA:120,14,0,18
BRDA:120,14,1,0
BRDA:126,15,0,18
BRDA:126,15,1,0
BRDA:131,16,0,18
BRDA:131,16,1,0
BRF:27
BRH:20
end_of_record
TN:
SF:src\components\UI\checkbox\Checkbox.tsx
FN:1,(anonymous_0)
FN:17,(anonymous_1)
FNF:2
FNH:2
FNDA:39,(anonymous_0)
FNDA:36,(anonymous_1)
DA:1,273
DA:17,39
DA:18,36
DA:20,36
DA:44,39
LF:5
LH:5
BRDA:1,0,0,39
BRF:1
BRH:1
end_of_record
TN:
SF:src\components\UI\radioBtn\Radio.tsx
FN:1,(anonymous_0)
FN:17,(anonymous_1)
FN:26,(anonymous_2)
FNF:3
FNH:3
FNDA:39,(anonymous_0)
FNDA:36,(anonymous_1)
FNDA:108,(anonymous_2)
DA:1,273
DA:17,39
DA:18,36
DA:19,36
DA:27,108
DA:45,39
LF:6
LH:6
BRDA:1,0,0,39
BRF:1
BRH:1
end_of_record
TN:
SF:src\components\UI\select\Select.tsx
FN:1,(anonymous_0)
FN:19,(anonymous_1)
FN:37,(anonymous_2)
FNF:3
FNH:3
FNDA:39,(anonymous_0)
FNDA:36,(anonymous_1)
FNDA:252,(anonymous_2)
DA:1,273
DA:19,39
DA:29,36
DA:30,36
DA:38,252
DA:45,39
LF:6
LH:6
BRDA:1,0,0,39
BRF:1
BRH:1
end_of_record
TN:
SF:src\components\card\Card.tsx
FN:25,(anonymous_1)
FN:49,(anonymous_2)
FN:25,(anonymous_3)
FNF:3
FNH:3
FNDA:1686,(anonymous_1)
FNDA:9,(anonymous_2)
FNDA:24,(anonymous_3)
DA:25,1686
DA:26,1686
DA:27,1686
DA:29,1686
DA:39,1686
DA:49,1686
DA:50,9
DA:53,1686
DA:66,39
LF:9
LH:9
BRDA:29,0,0,750
BRDA:29,0,1,936
BRDA:39,1,0,1128
BRDA:39,1,1,558
BRF:4
BRH:4
end_of_record
TN:
SF:src\components\cards\Cards.tsx
FN:12,(anonymous_1)
FN:12,(anonymous_2)
FN:14,(anonymous_3)
FN:16,(anonymous_4)
FN:19,(anonymous_5)
FN:20,(anonymous_6)
FN:22,(anonymous_7)
FN:64,(anonymous_8)
FN:14,(anonymous_9)
FNF:9
FNH:7
FNDA:0,(anonymous_1)
FNDA:0,(anonymous_2)
FNDA:378,(anonymous_3)
FNDA:738,(anonymous_4)
FNDA:672,(anonymous_5)
FNDA:738,(anonymous_6)
FNDA:66,(anonymous_7)
FNDA:1686,(anonymous_8)
FNDA:30,(anonymous_9)
DA:12,39
DA:14,378
DA:15,378
DA:16,738
DA:17,378
DA:18,378
DA:19,672
DA:20,738
DA:22,378
DA:23,66
DA:24,66
DA:25,6
DA:27,60
DA:31,378
DA:32,72
DA:39,306
DA:40,0
DA:49,306
DA:50,6
DA:55,300
DA:56,258
DA:58,42
DA:61,300
DA:65,1686
DA:77,39
LF:25
LH:24
BRDA:24,0,0,6
BRDA:24,0,1,60
BRDA:31,1,0,72
BRDA:39,2,0,0
BRDA:49,3,0,6
BRDA:49,3,1,300
BRDA:49,4,0,306
BRDA:49,4,1,48
BRDA:55,5,0,258
BRDA:55,5,1,42
BRDA:63,6,0,300
BRDA:63,6,1,300
BRF:12
BRH:11
end_of_record
TN:
SF:src\components\form\Form.tsx
FN:20,(anonymous_1)
FN:21,(anonymous_2)
FN:35,(anonymous_3)
FN:46,(anonymous_4)
FN:53,(anonymous_5)
FN:55,(anonymous_6)
FN:58,(anonymous_7)
FN:20,(anonymous_8)
FNF:8
FNH:6
FNDA:36,(anonymous_1)
FNDA:39,(anonymous_2)
FNDA:3,(anonymous_3)
FNDA:3,(anonymous_4)
FNDA:21,(anonymous_5)
FNDA:0,(anonymous_6)
FNDA:0,(anonymous_7)
FNDA:9,(anonymous_8)
DA:20,39
DA:21,39
DA:22,36
DA:23,36
DA:30,39
DA:35,36
DA:36,3
DA:37,3
DA:38,3
DA:39,3
DA:42,3
DA:43,3
DA:46,36
DA:47,3
DA:48,3
DA:49,3
DA:50,3
DA:53,36
DA:54,21
DA:55,3
DA:56,0
DA:58,3
DA:62,36
DA:202,39
LF:24
LH:23
BRDA:36,0,0,3
BRDA:54,1,0,3
BRDA:64,2,0,36
BRDA:64,2,1,6
BRDA:89,3,0,36
BRDA:89,3,1,6
BRDA:111,4,0,36
BRDA:111,4,1,6
BRDA:131,5,0,36
BRDA:131,5,1,6
BRDA:149,6,0,36
BRDA:149,6,1,6
BRDA:163,7,0,36
BRDA:163,7,1,6
BRDA:178,8,0,36
BRDA:178,8,1,6
BRDA:191,9,0,36
BRDA:191,9,1,6
BRF:18
BRH:18
end_of_record
TN:
SF:src\components\form\form-utils.tsx
FN:1,(anonymous_0)
FN:9,(anonymous_1)
FN:14,(anonymous_2)
FN:23,(anonymous_3)
FN:27,(anonymous_4)
FNF:5
FNH:5
FNDA:12,(anonymous_0)
FNDA:12,(anonymous_1)
FNDA:3,(anonymous_2)
FNDA:9,(anonymous_3)
FNDA:3,(anonymous_4)
DA:1,39
DA:2,12
DA:3,12
DA:9,39
DA:10,12
DA:11,12
DA:14,39
DA:15,3
DA:16,3
DA:17,3
DA:23,39
DA:24,9
DA:27,39
DA:28,3
DA:29,3
LF:15
LH:15
BRDA:4,0,0,12
BRDA:4,0,1,0
BRDA:11,1,0,12
BRDA:11,1,1,6
BRDA:18,2,0,3
BRDA:18,2,1,0
BRDA:24,3,0,9
BRDA:24,3,1,0
BRDA:28,4,0,3
BRDA:28,4,1,0
BRDA:30,5,0,3
BRDA:30,5,1,3
BRDA:30,5,2,0
BRF:13
BRH:8
end_of_record
TN:
SF:src\components\header\Header.tsx
FN:1,(anonymous_0)
FN:9,(anonymous_1)
FNF:2
FNH:2
FNDA:39,(anonymous_0)
FNDA:96,(anonymous_1)
DA:1,273
DA:9,39
DA:10,96
DA:20,39
LF:4
LH:4
BRDA:1,0,0,39
BRF:1
BRH:1
end_of_record
TN:
SF:src\components\input-cards-list\InputCardslist.tsx
FN:7,(anonymous_1)
FN:9,(anonymous_2)
FN:11,(anonymous_3)
FN:13,(anonymous_4)
FN:20,(anonymous_5)
FN:7,(anonymous_6)
FNF:6
FNH:5
FNDA:24,(anonymous_1)
FNDA:27,(anonymous_2)
FNDA:6,(anonymous_3)
FNDA:0,(anonymous_4)
FNDA:6,(anonymous_5)
FNDA:9,(anonymous_6)
DA:7,39
DA:8,24
DA:9,39
DA:11,24
DA:13,24
DA:14,0
DA:17,24
DA:21,6
DA:28,39
LF:9
LH:8
BRF:0
BRH:0
end_of_record
TN:
SF:src\components\layout\Layout.tsx
FN:1,(anonymous_0)
FN:9,(anonymous_1)
FNF:2
FNH:2
FNDA:39,(anonymous_0)
FNDA:96,(anonymous_1)
DA:1,273
DA:9,39
DA:10,96
DA:19,39
LF:4
LH:4
BRDA:1,0,0,39
BRF:1
BRH:1
end_of_record
TN:
SF:src\components\loader\Loader.tsx
FN:1,(anonymous_0)
FN:4,(anonymous_1)
FNF:2
FNH:2
FNDA:39,(anonymous_0)
FNDA:90,(anonymous_1)
DA:1,273
DA:4,39
DA:5,90
DA:11,39
DA:13,39
LF:5
LH:5
BRDA:1,0,0,39
BRF:1
BRH:1
end_of_record
TN:
SF:src\components\nav\Nav.tsx
FN:1,(anonymous_0)
FN:5,(anonymous_1)
FNF:2
FNH:2
FNDA:39,(anonymous_0)
FNDA:96,(anonymous_1)
DA:1,273
DA:5,39
DA:6,96
DA:21,39
LF:4
LH:4
BRDA:1,0,0,39
BRF:1
BRH:1
end_of_record
TN:
SF:src\components\search\Search.tsx
FN:7,(anonymous_1)
FN:9,(anonymous_2)
FN:12,(anonymous_3)
FN:18,(anonymous_4)
FN:7,(anonymous_5)
FNF:5
FNH:5
FNDA:150,(anonymous_1)
FNDA:525,(anonymous_2)
FNDA:45,(anonymous_3)
FNDA:39,(anonymous_4)
FNDA:30,(anonymous_5)
DA:7,150
DA:8,150
DA:9,525
DA:10,150
DA:12,150
DA:13,45
DA:14,6
DA:18,150
DA:19,39
DA:22,150
DA:36,39
DA:38,39
LF:12
LH:12
BRDA:13,0,0,6
BRF:1
BRH:1
end_of_record
TN:
SF:src\components\slider\Slider.tsx
FN:8,(anonymous_1)
FN:12,(anonymous_2)
FN:14,(anonymous_3)
FN:15,(anonymous_4)
FN:18,(anonymous_5)
FNF:5
FNH:3
FNDA:1704,(anonymous_1)
FNDA:699,(anonymous_2)
FNDA:0,(anonymous_3)
FNDA:0,(anonymous_4)
FNDA:582,(anonymous_5)
DA:8,1704
DA:9,1704
DA:10,1704
DA:12,1704
DA:13,699
DA:14,699
DA:15,0
DA:18,699
DA:22,1704
DA:23,0
DA:26,1704
DA:42,39
LF:12
LH:10
BRDA:13,0,0,699
BRDA:22,1,0,0
BRF:2
BRH:1
end_of_record
TN:
SF:src\pages\page-about.tsx
FN:1,(anonymous_0)
FN:3,(anonymous_1)
FNF:2
FNH:2
FNDA:39,(anonymous_0)
FNDA:12,(anonymous_1)
DA:1,273
DA:3,39
DA:4,12
DA:5,39
LF:4
LH:4
BRDA:1,0,0,39
BRF:1
BRH:1
end_of_record
TN:
SF:src\pages\page-notfound.tsx
FN:1,(anonymous_0)
FN:3,(anonymous_1)
FNF:2
FNH:2
FNDA:39,(anonymous_0)
FNDA:6,(anonymous_1)
DA:1,273
DA:3,39
DA:4,6
DA:9,39
LF:4
LH:4
BRDA:1,0,0,39
BRF:1
BRH:1
end_of_record
TN:
SF:src\pages\page-form\page-form.tsx
FN:1,(anonymous_0)
FN:6,(anonymous_1)
FNF:2
FNH:2
FNDA:39,(anonymous_0)
FNDA:18,(anonymous_1)
DA:1,273
DA:6,39
DA:7,18
DA:13,39
LF:4
LH:4
BRDA:1,0,0,39
BRF:1
BRH:1
end_of_record
TN:
SF:src\pages\page-home\page-home.tsx
FN:1,(anonymous_0)
FN:7,(anonymous_1)
FNF:2
FNH:2
FNDA:39,(anonymous_0)
FNDA:60,(anonymous_1)
DA:1,273
DA:7,39
DA:8,60
DA:19,39
LF:4
LH:4
BRDA:1,0,0,39
BRF:1
BRH:1
end_of_record
