TN:
SF:src\App.tsx
FN:1,(anonymous_0)
FN:4,(anonymous_1)
FNF:2
FNH:2
FNDA:10,(anonymous_0)
FNDA:20,(anonymous_1)
DA:1,70
DA:4,10
DA:5,20
DA:10,10
DA:12,10
LF:5
LH:5
BRDA:1,0,0,10
BRF:1
BRH:1
end_of_record
TN:
SF:src\main.tsx
FNF:0
FNH:0
DA:10,10
DA:12,10
DA:13,10
DA:23,0
LF:4
LH:3
BRDA:12,0,0,10
BRDA:12,0,1,0
BRF:2
BRH:1
end_of_record
TN:
SF:src\router.tsx
FN:1,(anonymous_0)
FN:9,(anonymous_1)
FNF:2
FNH:2
FNDA:10,(anonymous_0)
FNDA:20,(anonymous_1)
DA:1,70
DA:9,10
DA:10,20
DA:18,10
DA:20,10
LF:5
LH:5
BRDA:1,0,0,10
BRF:1
BRH:1
end_of_record
TN:
SF:src\store.tsx
FN:14,(anonymous_0)
FNF:1
FNH:1
FNDA:10,(anonymous_0)
DA:8,10
DA:15,10
LF:2
LH:2
BRF:0
BRH:0
end_of_record
TN:
SF:src\components\InputCard\InputCard.tsx
FN:1,(anonymous_0)
FN:11,(anonymous_1)
FN:12,(anonymous_2)
FNF:3
FNH:1
FNDA:10,(anonymous_0)
FNDA:0,(anonymous_1)
FNDA:0,(anonymous_2)
DA:1,70
DA:11,10
DA:12,0
DA:13,0
DA:16,0
DA:55,10
LF:6
LH:3
BRDA:1,0,0,10
BRF:1
BRH:1
end_of_record
TN:
SF:src\components\PlantModal\PlantModal.tsx
FN:16,(anonymous_1)
FN:16,(anonymous_2)
FN:18,(anonymous_3)
FN:20,(anonymous_4)
FN:21,(anonymous_5)
FN:22,(anonymous_6)
FN:23,(anonymous_7)
FN:26,(anonymous_8)
FN:32,(anonymous_9)
FN:60,(anonymous_10)
FN:65,(anonymous_11)
FN:18,(anonymous_12)
FNF:12
FNH:8
FNDA:0,(anonymous_1)
FNDA:0,(anonymous_2)
FNDA:20,(anonymous_3)
FNDA:92,(anonymous_4)
FNDA:92,(anonymous_5)
FNDA:92,(anonymous_6)
FNDA:92,(anonymous_7)
FNDA:20,(anonymous_8)
FNDA:20,(anonymous_9)
FNDA:0,(anonymous_10)
FNDA:0,(anonymous_11)
FNDA:10,(anonymous_12)
DA:16,10
DA:18,20
DA:19,20
DA:20,92
DA:21,92
DA:22,92
DA:23,92
DA:24,20
DA:26,20
DA:27,20
DA:28,0
DA:32,20
DA:33,20
DA:34,0
DA:35,0
DA:40,20
DA:41,0
DA:48,20
DA:49,0
DA:56,20
DA:57,20
DA:60,0
DA:61,0
DA:62,0
DA:65,0
DA:66,0
DA:67,0
DA:69,0
DA:72,0
DA:141,10
DA:143,10
LF:31
LH:18
BRDA:27,0,0,0
BRDA:33,1,0,0
BRDA:34,2,0,0
BRDA:40,3,0,0
BRDA:40,4,0,20
BRDA:40,4,1,0
BRDA:48,5,0,0
BRDA:48,6,0,20
BRDA:48,6,1,0
BRDA:56,7,0,20
BRDA:66,8,0,0
BRDA:85,9,0,0
BRDA:85,9,1,0
BRDA:88,10,0,0
BRDA:88,10,1,0
BRDA:91,11,0,0
BRDA:91,11,1,0
BRDA:100,12,0,0
BRDA:100,12,1,0
BRDA:115,13,0,0
BRDA:115,13,1,0
BRDA:120,14,0,0
BRDA:120,14,1,0
BRDA:126,15,0,0
BRDA:126,15,1,0
BRDA:131,16,0,0
BRDA:131,16,1,0
BRF:27
BRH:3
end_of_record
TN:
SF:src\components\PlantModal\plant-slice.tsx
FN:21,(anonymous_0)
FN:24,(anonymous_1)
FN:27,(anonymous_2)
FN:31,(anonymous_3)
FN:33,(anonymous_4)
FN:37,(anonymous_5)
FN:45,(anonymous_6)
FNF:7
FNH:1
FNDA:0,(anonymous_0)
FNDA:0,(anonymous_1)
FNDA:0,(anonymous_2)
FNDA:10,(anonymous_3)
FNDA:0,(anonymous_4)
FNDA:0,(anonymous_5)
FNDA:0,(anonymous_6)
DA:11,10
DA:17,10
DA:22,0
DA:25,0
DA:28,0
DA:32,10
DA:34,0
DA:35,0
DA:38,0
DA:42,0
DA:43,0
DA:46,0
DA:47,0
DA:52,10
LF:14
LH:4
BRDA:47,0,0,0
BRDA:47,0,1,0
BRF:2
BRH:0
end_of_record
TN:
SF:src\components\PlantModal\plant-thunk.tsx
FN:13,(anonymous_0)
FNF:1
FNH:0
FNDA:0,(anonymous_0)
DA:6,10
DA:14,0
DA:16,0
DA:17,0
DA:18,0
DA:19,0
DA:20,0
DA:22,0
DA:23,0
DA:24,0
DA:26,0
DA:27,0
DA:29,0
DA:30,0
LF:14
LH:1
BRDA:19,0,0,0
BRDA:23,1,0,0
BRDA:23,2,0,0
BRDA:23,2,1,0
BRF:4
BRH:0
end_of_record
TN:
SF:src\components\UI\checkbox\Checkbox.tsx
FN:1,(anonymous_0)
FN:17,(anonymous_1)
FNF:2
FNH:1
FNDA:10,(anonymous_0)
FNDA:0,(anonymous_1)
DA:1,70
DA:17,10
DA:18,0
DA:20,0
DA:44,10
LF:5
LH:3
BRDA:1,0,0,10
BRF:1
BRH:1
end_of_record
TN:
SF:src\components\UI\radioBtn\Radio.tsx
FN:1,(anonymous_0)
FN:17,(anonymous_1)
FN:26,(anonymous_2)
FNF:3
FNH:1
FNDA:10,(anonymous_0)
FNDA:0,(anonymous_1)
FNDA:0,(anonymous_2)
DA:1,70
DA:17,10
DA:18,0
DA:19,0
DA:27,0
DA:45,10
LF:6
LH:3
BRDA:1,0,0,10
BRF:1
BRH:1
end_of_record
TN:
SF:src\components\UI\select\Select.tsx
FN:1,(anonymous_0)
FN:19,(anonymous_1)
FN:37,(anonymous_2)
FNF:3
FNH:1
FNDA:10,(anonymous_0)
FNDA:0,(anonymous_1)
FNDA:0,(anonymous_2)
DA:1,70
DA:19,10
DA:29,0
DA:30,0
DA:38,0
DA:45,10
LF:6
LH:3
BRDA:1,0,0,10
BRF:1
BRH:1
end_of_record
TN:
SF:src\components\card\Card.tsx
FN:25,(anonymous_1)
FN:49,(anonymous_2)
FN:25,(anonymous_3)
FNF:3
FNH:2
FNDA:332,(anonymous_1)
FNDA:0,(anonymous_2)
FNDA:6,(anonymous_3)
DA:25,332
DA:26,332
DA:27,332
DA:29,332
DA:39,332
DA:49,332
DA:50,0
DA:53,332
DA:66,10
LF:9
LH:8
BRDA:29,0,0,148
BRDA:29,0,1,184
BRDA:39,1,0,224
BRDA:39,1,1,108
BRF:4
BRH:4
end_of_record
TN:
SF:src\components\cards\Cards.tsx
FN:12,(anonymous_1)
FN:12,(anonymous_2)
FN:14,(anonymous_3)
FN:16,(anonymous_4)
FN:19,(anonymous_5)
FN:20,(anonymous_6)
FN:22,(anonymous_7)
FN:64,(anonymous_8)
FN:14,(anonymous_9)
FNF:9
FNH:7
FNDA:0,(anonymous_1)
FNDA:0,(anonymous_2)
FNDA:112,(anonymous_3)
FNDA:230,(anonymous_4)
FNDA:204,(anonymous_5)
FNDA:228,(anonymous_6)
FNDA:24,(anonymous_7)
FNDA:332,(anonymous_8)
FNDA:10,(anonymous_9)
DA:12,10
DA:14,112
DA:15,112
DA:16,230
DA:17,112
DA:18,112
DA:19,204
DA:20,228
DA:22,112
DA:23,24
DA:24,24
DA:25,4
DA:27,20
DA:31,112
DA:32,28
DA:39,84
DA:40,4
DA:49,80
DA:50,4
DA:55,76
DA:56,48
DA:58,28
DA:61,76
DA:65,332
DA:77,10
LF:25
LH:25
BRDA:24,0,0,4
BRDA:24,0,1,20
BRDA:31,1,0,28
BRDA:39,2,0,4
BRDA:49,3,0,4
BRDA:49,3,1,76
BRDA:49,4,0,80
BRDA:49,4,1,32
BRDA:55,5,0,48
BRDA:55,5,1,28
BRDA:63,6,0,76
BRDA:63,6,1,76
BRF:12
BRH:12
end_of_record
TN:
SF:src\components\cards\cards-slice.tsx
FN:24,(anonymous_0)
FN:27,(anonymous_1)
FN:30,(anonymous_2)
FN:34,(anonymous_3)
FN:35,(anonymous_4)
FN:38,(anonymous_5)
FN:42,(anonymous_6)
FN:51,(anonymous_7)
FN:52,(anonymous_8)
FNF:9
FNH:7
FNDA:0,(anonymous_0)
FNDA:42,(anonymous_1)
FNDA:0,(anonymous_2)
FNDA:10,(anonymous_3)
FNDA:24,(anonymous_4)
FNDA:14,(anonymous_5)
FNDA:4,(anonymous_6)
FNDA:266,(anonymous_7)
FNDA:90,(anonymous_8)
DA:13,10
DA:20,10
DA:25,0
DA:28,42
DA:31,0
DA:35,10
DA:36,24
DA:38,10
DA:39,14
DA:40,14
DA:42,10
DA:43,4
DA:44,4
DA:49,10
DA:51,266
DA:52,90
LF:16
LH:14
BRDA:44,0,0,4
BRDA:44,0,1,0
BRF:2
BRH:1
end_of_record
TN:
SF:src\components\cards\thunk.tsx
FN:13,(anonymous_0)
FNF:1
FNH:1
FNDA:24,(anonymous_0)
DA:6,10
DA:14,24
DA:18,24
DA:19,24
DA:20,24
DA:21,14
DA:22,0
DA:24,14
DA:25,14
DA:26,0
DA:28,14
DA:29,14
DA:31,4
DA:32,4
LF:14
LH:12
BRDA:14,0,0,4
BRDA:14,0,1,20
BRDA:21,1,0,0
BRDA:25,2,0,0
BRF:4
BRH:2
end_of_record
TN:
SF:src\components\form\Form.tsx
FN:20,(anonymous_1)
FN:21,(anonymous_2)
FN:35,(anonymous_3)
FN:46,(anonymous_4)
FN:53,(anonymous_5)
FN:55,(anonymous_6)
FN:58,(anonymous_7)
FN:20,(anonymous_8)
FNF:8
FNH:0
FNDA:0,(anonymous_1)
FNDA:0,(anonymous_2)
FNDA:0,(anonymous_3)
FNDA:0,(anonymous_4)
FNDA:0,(anonymous_5)
FNDA:0,(anonymous_6)
FNDA:0,(anonymous_7)
FNDA:0,(anonymous_8)
DA:20,10
DA:21,0
DA:22,0
DA:23,0
DA:30,10
DA:35,0
DA:36,0
DA:37,0
DA:38,0
DA:39,0
DA:42,0
DA:43,0
DA:46,0
DA:47,0
DA:48,0
DA:49,0
DA:50,0
DA:53,0
DA:54,0
DA:55,0
DA:56,0
DA:58,0
DA:62,0
DA:202,10
LF:24
LH:3
BRDA:36,0,0,0
BRDA:54,1,0,0
BRDA:64,2,0,0
BRDA:64,2,1,0
BRDA:89,3,0,0
BRDA:89,3,1,0
BRDA:111,4,0,0
BRDA:111,4,1,0
BRDA:131,5,0,0
BRDA:131,5,1,0
BRDA:149,6,0,0
BRDA:149,6,1,0
BRDA:163,7,0,0
BRDA:163,7,1,0
BRDA:178,8,0,0
BRDA:178,8,1,0
BRDA:191,9,0,0
BRDA:191,9,1,0
BRF:18
BRH:0
end_of_record
TN:
SF:src\components\form\form-utils.tsx
FN:1,(anonymous_0)
FN:9,(anonymous_1)
FN:14,(anonymous_2)
FN:23,(anonymous_3)
FN:27,(anonymous_4)
FNF:5
FNH:0
FNDA:0,(anonymous_0)
FNDA:0,(anonymous_1)
FNDA:0,(anonymous_2)
FNDA:0,(anonymous_3)
FNDA:0,(anonymous_4)
DA:1,10
DA:2,0
DA:3,0
DA:9,10
DA:10,0
DA:11,0
DA:14,10
DA:15,0
DA:16,0
DA:17,0
DA:23,10
DA:24,0
DA:27,10
DA:28,0
DA:29,0
LF:15
LH:5
BRDA:4,0,0,0
BRDA:4,0,1,0
BRDA:11,1,0,0
BRDA:11,1,1,0
BRDA:18,2,0,0
BRDA:18,2,1,0
BRDA:24,3,0,0
BRDA:24,3,1,0
BRDA:30,4,0,0
BRDA:30,4,1,0
BRDA:30,5,0,0
BRDA:30,5,1,0
BRF:12
BRH:0
end_of_record
TN:
SF:src\components\header\Header.tsx
FN:1,(anonymous_0)
FN:9,(anonymous_1)
FNF:2
FNH:2
FNDA:10,(anonymous_0)
FNDA:20,(anonymous_1)
DA:1,70
DA:9,10
DA:10,20
DA:20,10
LF:4
LH:4
BRDA:1,0,0,10
BRF:1
BRH:1
end_of_record
TN:
SF:src\components\input-cards-list\InputCardslist.tsx
FN:7,(anonymous_1)
FN:9,(anonymous_2)
FN:11,(anonymous_3)
FN:13,(anonymous_4)
FN:20,(anonymous_5)
FN:7,(anonymous_6)
FNF:6
FNH:0
FNDA:0,(anonymous_1)
FNDA:0,(anonymous_2)
FNDA:0,(anonymous_3)
FNDA:0,(anonymous_4)
FNDA:0,(anonymous_5)
FNDA:0,(anonymous_6)
DA:7,10
DA:8,0
DA:9,10
DA:11,0
DA:13,0
DA:14,0
DA:17,0
DA:21,0
DA:28,10
LF:9
LH:3
BRF:0
BRH:0
end_of_record
TN:
SF:src\components\layout\Layout.tsx
FN:1,(anonymous_0)
FN:9,(anonymous_1)
FNF:2
FNH:2
FNDA:10,(anonymous_0)
FNDA:20,(anonymous_1)
DA:1,70
DA:9,10
DA:10,20
DA:19,10
LF:4
LH:4
BRDA:1,0,0,10
BRF:1
BRH:1
end_of_record
TN:
SF:src\components\loader\Loader.tsx
FN:1,(anonymous_0)
FN:4,(anonymous_1)
FNF:2
FNH:2
FNDA:10,(anonymous_0)
FNDA:28,(anonymous_1)
DA:1,70
DA:4,10
DA:5,28
DA:11,10
DA:13,10
LF:5
LH:5
BRDA:1,0,0,10
BRF:1
BRH:1
end_of_record
TN:
SF:src\components\nav\Nav.tsx
FN:1,(anonymous_0)
FN:5,(anonymous_1)
FNF:2
FNH:2
FNDA:10,(anonymous_0)
FNDA:20,(anonymous_1)
DA:1,70
DA:5,10
DA:6,20
DA:21,10
LF:4
LH:4
BRDA:1,0,0,10
BRF:1
BRH:1
end_of_record
TN:
SF:src\components\nav\nav-type.tsx
FN:1,(anonymous_0)
FNF:1
FNH:1
FNDA:10,(anonymous_0)
DA:1,10
DA:2,10
DA:3,10
DA:4,10
LF:4
LH:4
BRDA:1,0,0,10
BRDA:1,0,1,10
BRF:2
BRH:2
end_of_record
TN:
SF:src\components\search\Search.tsx
FN:7,(anonymous_1)
FN:9,(anonymous_2)
FN:12,(anonymous_3)
FN:18,(anonymous_4)
FN:7,(anonymous_5)
FNF:5
FNH:5
FNDA:80,(anonymous_1)
FNDA:202,(anonymous_2)
FNDA:30,(anonymous_3)
FNDA:26,(anonymous_4)
FNDA:10,(anonymous_5)
DA:7,80
DA:8,80
DA:9,202
DA:10,80
DA:12,80
DA:13,30
DA:14,4
DA:18,80
DA:19,26
DA:22,80
DA:36,10
DA:38,10
LF:12
LH:12
BRDA:13,0,0,4
BRF:1
BRH:1
end_of_record
TN:
SF:src\components\slider\Slider.tsx
FN:8,(anonymous_1)
FN:12,(anonymous_2)
FN:14,(anonymous_3)
FN:15,(anonymous_4)
FN:18,(anonymous_5)
FNF:5
FNH:5
FNDA:348,(anonymous_1)
FNDA:220,(anonymous_2)
FNDA:8,(anonymous_3)
FNDA:12,(anonymous_4)
FNDA:198,(anonymous_5)
DA:8,348
DA:9,348
DA:10,348
DA:12,348
DA:13,220
DA:14,220
DA:15,12
DA:18,220
DA:22,348
DA:23,0
DA:26,348
DA:42,10
LF:12
LH:11
BRDA:13,0,0,220
BRDA:22,1,0,0
BRF:2
BRH:1
end_of_record
TN:
SF:src\pages\page-about.tsx
FN:1,(anonymous_0)
FN:3,(anonymous_1)
FNF:2
FNH:1
FNDA:10,(anonymous_0)
FNDA:0,(anonymous_1)
DA:1,70
DA:3,10
DA:4,0
DA:5,10
LF:4
LH:3
BRDA:1,0,0,10
BRF:1
BRH:1
end_of_record
TN:
SF:src\pages\page-notfound.tsx
FN:1,(anonymous_0)
FN:3,(anonymous_1)
FNF:2
FNH:1
FNDA:10,(anonymous_0)
FNDA:0,(anonymous_1)
DA:1,70
DA:3,10
DA:4,0
DA:9,10
LF:4
LH:3
BRDA:1,0,0,10
BRF:1
BRH:1
end_of_record
TN:
SF:src\pages\page-form\form-type.tsx
FNF:0
FNH:0
LF:0
LH:0
BRF:0
BRH:0
end_of_record
TN:
SF:src\pages\page-form\page-form.tsx
FN:1,(anonymous_0)
FN:6,(anonymous_1)
FNF:2
FNH:1
FNDA:10,(anonymous_0)
FNDA:0,(anonymous_1)
DA:1,70
DA:6,10
DA:7,0
DA:13,10
LF:4
LH:3
BRDA:1,0,0,10
BRF:1
BRH:1
end_of_record
TN:
SF:src\pages\page-home\page-home.tsx
FN:1,(anonymous_0)
FN:7,(anonymous_1)
FNF:2
FNH:2
FNDA:10,(anonymous_0)
FNDA:20,(anonymous_1)
DA:1,70
DA:7,10
DA:8,20
DA:19,10
LF:4
LH:4
BRDA:1,0,0,10
BRF:1
BRH:1
end_of_record
TN:
SF:src\redux\reducer.tsx
FN:9,addSearch
FN:13,addClickedCardId
FN:17,resetCardId
FN:21,setFormCards
FN:22,(anonymous_4)
FN:63,(anonymous_5)
FNF:6
FNH:2
FNDA:28,addSearch
FNDA:0,addClickedCardId
FNDA:0,resetCardId
FNDA:0,setFormCards
FNDA:0,(anonymous_4)
FNDA:142,(anonymous_5)
DA:4,10
DA:5,10
DA:6,10
DA:7,10
DA:10,28
DA:14,0
DA:18,0
DA:22,0
DA:23,0
DA:27,0
DA:36,10
DA:63,10
DA:64,142
DA:66,28
DA:68,0
DA:70,0
DA:72,0
DA:74,114
LF:18
LH:10
BRDA:63,0,0,30
BRDA:64,1,0,28
BRDA:64,1,1,0
BRDA:64,1,2,0
BRDA:64,1,3,0
BRDA:64,1,4,114
BRF:6
BRH:3
end_of_record
