{
  "D:/D/_learning_frontend/_Narnia/2022/_RSS/st3-react-ssr/src/components/nav/nav-type.tsx": {
    "path": "D:/D/_learning_frontend/_Narnia/2022/_RSS/st3-react-ssr/src/components/nav/nav-type.tsx",
    "statementMap": {
      "0": {
        "start": {
          "line": 1,
          "column": 45
        },
        "end": {
          "line": 6,
          "column": 25
        }
      },
      "1": {
        "start": {
          "line": 2,
          "column": 2
        },
        "end": {
          "line": 2,
          "column": 36
        }
      },
      "2": {
        "start": {
          "line": 3,
          "column": 2
        },
        "end": {
          "line": 3,
          "column": 41
        }
      },
      "3": {
        "start": {
          "line": 4,
          "column": 2
        },
        "end": {
          "line": 4,
          "column": 36
        }
      },
      "4": {
        "start": {
          "line": 5,
          "column": 2
        },
        "end": {
          "line": 5,
          "column": 26
        }
      }
    },
    "fnMap": {
      "0": {
        "name": "(anonymous_0)",
        "decl": {
          "start": {
            "line": 1,
            "column": 46
          },
          "end": {
            "line": 1,
            "column": 47
          }
        },
        "loc": {
          "start": {
            "line": 1,
            "column": 68
          },
          "end": {
            "line": 6,
            "column": 1
          }
        },
        "line": 1
      }
    },
    "branchMap": {
      "0": {
        "loc": {
          "start": {
            "line": 6,
            "column": 3
          },
          "end": {
            "line": 6,
            "column": 24
          }
        },
        "type": "binary-expr",
        "locations": [
          {
            "start": {
              "line": 6,
              "column": 3
            },
            "end": {
              "line": 6,
              "column": 18
            }
          },
          {
            "start": {
              "line": 6,
              "column": 22
            },
            "end": {
              "line": 6,
              "column": 24
            }
          }
        ],
        "line": 6
      }
    },
    "s": {
      "0": 10,
      "1": 10,
      "2": 10,
      "3": 10,
      "4": 10
    },
    "f": {
      "0": 10
    },
    "b": {
      "0": [
        10,
        10
      ]
    },
    "inputSourceMap": {
      "version": 3,
      "mappings": "AAAO,WAAKA,kBAAL,kBAAKA,qBAAL;AACLC,6BAAO;AACPC,8BAAQ;AACRC,6BAAO;AAHGH;AAAAA",
      "names": [
        "NavigationLinks",
        "HOME",
        "ABOUT",
        "FORM"
      ],
      "sources": [
        "D:/D/_learning_frontend/_Narnia/2022/_RSS/st3-react-ssr/src/components/nav/nav-type.tsx"
      ],
      "file": "D:/D/_learning_frontend/_Narnia/2022/_RSS/st3-react-ssr/src/components/nav/nav-type.tsx"
    },
    "_coverageSchema": "1a1c01bbd47fc00a2c39e90264f33305004495a9",
    "hash": "f349133a89ae019d076bcb52828a696b9d82d096"
  },
  "D:/D/_learning_frontend/_Narnia/2022/_RSS/st3-react-ssr/src/components/nav/Nav.tsx": {
    "path": "D:/D/_learning_frontend/_Narnia/2022/_RSS/st3-react-ssr/src/components/nav/Nav.tsx",
    "statementMap": {
      "0": {
        "start": {
          "line": 5,
          "column": 0
        },
        "end": {
          "line": 15,
          "column": 1
        }
      },
      "1": {
        "start": {
          "line": 6,
          "column": 2
        },
        "end": {
          "line": 8,
          "column": 3
        }
      },
      "2": {
        "start": {
          "line": 7,
          "column": 4
        },
        "end": {
          "line": 7,
          "column": 165
        }
      },
      "3": {
        "start": {
          "line": 9,
          "column": 2
        },
        "end": {
          "line": 9,
          "column": 39
        }
      },
      "4": {
        "start": {
          "line": 10,
          "column": 2
        },
        "end": {
          "line": 10,
          "column": 39
        }
      },
      "5": {
        "start": {
          "line": 11,
          "column": 2
        },
        "end": {
          "line": 13,
          "column": 4
        }
      },
      "6": {
        "start": {
          "line": 12,
          "column": 4
        },
        "end": {
          "line": 12,
          "column": 126
        }
      },
      "7": {
        "start": {
          "line": 14,
          "column": 2
        },
        "end": {
          "line": 14,
          "column": 75
        }
      },
      "8": {
        "start": {
          "line": 18,
          "column": 19
        },
        "end": {
          "line": 56,
          "column": 1
        }
      },
      "9": {
        "start": {
          "line": 19,
          "column": 2
        },
        "end": {
          "line": 55,
          "column": 11
        }
      },
      "10": {
        "start": {
          "line": 57,
          "column": 0
        },
        "end": {
          "line": 57,
          "column": 9
        }
      },
      "11": {
        "start": {
          "line": 59,
          "column": 0
        },
        "end": {
          "line": 59,
          "column": 24
        }
      },
      "12": {
        "start": {
          "line": 60,
          "column": 0
        },
        "end": {
          "line": 76,
          "column": 1
        }
      },
      "13": {
        "start": {
          "line": 61,
          "column": 2
        },
        "end": {
          "line": 61,
          "column": 39
        }
      },
      "14": {
        "start": {
          "line": 62,
          "column": 2
        },
        "end": {
          "line": 62,
          "column": 39
        }
      },
      "15": {
        "start": {
          "line": 63,
          "column": 2
        },
        "end": {
          "line": 75,
          "column": 5
        }
      },
      "16": {
        "start": {
          "line": 67,
          "column": 4
        },
        "end": {
          "line": 67,
          "column": 152
        }
      },
      "17": {
        "start": {
          "line": 68,
          "column": 4
        },
        "end": {
          "line": 74,
          "column": 7
        }
      },
      "18": {
        "start": {
          "line": 69,
          "column": 6
        },
        "end": {
          "line": 70,
          "column": 15
        }
      },
      "19": {
        "start": {
          "line": 70,
          "column": 8
        },
        "end": {
          "line": 70,
          "column": 15
        }
      },
      "20": {
        "start": {
          "line": 71,
          "column": 32
        },
        "end": {
          "line": 71,
          "column": 115
        }
      },
      "21": {
        "start": {
          "line": 72,
          "column": 6
        },
        "end": {
          "line": 73,
          "column": 54
        }
      },
      "22": {
        "start": {
          "line": 73,
          "column": 8
        },
        "end": {
          "line": 73,
          "column": 54
        }
      }
    },
    "fnMap": {
      "0": {
        "name": "(anonymous_0)",
        "decl": {
          "start": {
            "line": 11,
            "column": 24
          },
          "end": {
            "line": 11,
            "column": 25
          }
        },
        "loc": {
          "start": {
            "line": 11,
            "column": 38
          },
          "end": {
            "line": 13,
            "column": 3
          }
        },
        "line": 11
      },
      "1": {
        "name": "(anonymous_1)",
        "decl": {
          "start": {
            "line": 18,
            "column": 19
          },
          "end": {
            "line": 18,
            "column": 20
          }
        },
        "loc": {
          "start": {
            "line": 18,
            "column": 25
          },
          "end": {
            "line": 56,
            "column": 1
          }
        },
        "line": 18
      },
      "2": {
        "name": "(anonymous_2)",
        "decl": {
          "start": {
            "line": 66,
            "column": 9
          },
          "end": {
            "line": 66,
            "column": 10
          }
        },
        "loc": {
          "start": {
            "line": 66,
            "column": 29
          },
          "end": {
            "line": 75,
            "column": 3
          }
        },
        "line": 66
      },
      "3": {
        "name": "(anonymous_3)",
        "decl": {
          "start": {
            "line": 68,
            "column": 27
          },
          "end": {
            "line": 68,
            "column": 28
          }
        },
        "loc": {
          "start": {
            "line": 68,
            "column": 44
          },
          "end": {
            "line": 74,
            "column": 5
          }
        },
        "line": 68
      }
    },
    "branchMap": {
      "0": {
        "loc": {
          "start": {
            "line": 5,
            "column": 0
          },
          "end": {
            "line": 15,
            "column": 1
          }
        },
        "type": "if",
        "locations": [
          {
            "start": {
              "line": 5,
              "column": 0
            },
            "end": {
              "line": 15,
              "column": 1
            }
          },
          {
            "start": {},
            "end": {}
          }
        ],
        "line": 5
      },
      "1": {
        "loc": {
          "start": {
            "line": 6,
            "column": 2
          },
          "end": {
            "line": 8,
            "column": 3
          }
        },
        "type": "if",
        "locations": [
          {
            "start": {
              "line": 6,
              "column": 2
            },
            "end": {
              "line": 8,
              "column": 3
            }
          },
          {
            "start": {},
            "end": {}
          }
        ],
        "line": 6
      },
      "2": {
        "loc": {
          "start": {
            "line": 60,
            "column": 0
          },
          "end": {
            "line": 76,
            "column": 1
          }
        },
        "type": "if",
        "locations": [
          {
            "start": {
              "line": 60,
              "column": 0
            },
            "end": {
              "line": 76,
              "column": 1
            }
          },
          {
            "start": {},
            "end": {}
          }
        ],
        "line": 60
      },
      "3": {
        "loc": {
          "start": {
            "line": 69,
            "column": 6
          },
          "end": {
            "line": 70,
            "column": 15
          }
        },
        "type": "if",
        "locations": [
          {
            "start": {
              "line": 69,
              "column": 6
            },
            "end": {
              "line": 70,
              "column": 15
            }
          },
          {
            "start": {},
            "end": {}
          }
        ],
        "line": 69
      },
      "4": {
        "loc": {
          "start": {
            "line": 72,
            "column": 6
          },
          "end": {
            "line": 73,
            "column": 54
          }
        },
        "type": "if",
        "locations": [
          {
            "start": {
              "line": 72,
              "column": 6
            },
            "end": {
              "line": 73,
              "column": 54
            }
          },
          {
            "start": {},
            "end": {}
          }
        ],
        "line": 72
      }
    },
    "s": {
      "0": 10,
      "1": 10,
      "2": 0,
      "3": 10,
      "4": 10,
      "5": 10,
      "6": 10,
      "7": 10,
      "8": 10,
      "9": 20,
      "10": 10,
      "11": 10,
      "12": 10,
      "13": 10,
      "14": 10,
      "15": 10,
      "16": 10,
      "17": 10,
      "18": 0,
      "19": 0,
      "20": 0,
      "21": 0,
      "22": 0
    },
    "f": {
      "0": 10,
      "1": 20,
      "2": 10,
      "3": 0
    },
    "b": {
      "0": [
        10,
        0
      ],
      "1": [
        0,
        10
      ],
      "2": [
        10,
        0
      ],
      "3": [
        0,
        0
      ],
      "4": [
        0,
        0
      ]
    },
    "inputSourceMap": {
      "version": 3,
      "mappings": "AASU;AATV,OAAOA,oBAAkB;AAAA;AAAA;AAAA;AAAA;AAAA;AAAA;AAAA;AAAA;AAAA;AAAA;AAAA;AAAA;AAAA;AACzB,SAASC,eAAe;AACxB,SAASC,uBAAuB;AAEzB,aAAMC,MAAMA,MAAM;AACvB,SACE,uBAAC,SAAI,WAAU,cACb,iCAAC,QAAG,WAAU,mBACZ;AAAA,2BAAC,QAAG,WAAU,mBACZ,iCAAC,WAAQ,IAAG,KAAKD,0BAAgBE,QAAjC;AAAA;AAAA;AAAA;AAAA,WAAsC,KADxC;AAAA;AAAA;AAAA;AAAA,WAEA;AAAA,IACA,uBAAC,QAAG,WAAU,mBACZ,iCAAC,WAAQ,IAAG,aAAaF,0BAAgBG,SAAzC;AAAA;AAAA;AAAA;AAAA,WAA+C,KADjD;AAAA;AAAA;AAAA;AAAA,WAEA;AAAA,IACA,uBAAC,QAAG,WAAU,mBACZ,iCAAC,WAAQ,IAAG,SAASH,0BAAgBI,QAArC;AAAA;AAAA;AAAA;AAAA,WAA0C,KAD5C;AAAA;AAAA;AAAA;AAAA,WAEA;AAAA,OATF;AAAA;AAAA;AAAA;AAAA,SAUA,KAXF;AAAA;AAAA;AAAA;AAAA,SAYA;AAEJ;AAAEC,KAhBWJ;AAAG;AAAAK",
      "names": [
        "React",
        "NavLink",
        "NavigationLinks",
        "Nav",
        "HOME",
        "ABOUT",
        "FORM",
        "_c",
        "$RefreshReg$"
      ],
      "sources": [
        "D:/D/_learning_frontend/_Narnia/2022/_RSS/st3-react-ssr/src/components/nav/Nav.tsx"
      ],
      "file": "D:/D/_learning_frontend/_Narnia/2022/_RSS/st3-react-ssr/src/components/nav/Nav.tsx"
    },
    "_coverageSchema": "1a1c01bbd47fc00a2c39e90264f33305004495a9",
    "hash": "615e02c5bafb8a7cd539660c1202d80ed65cc0f2"
  },
  "D:/D/_learning_frontend/_Narnia/2022/_RSS/st3-react-ssr/src/components/header/Header.tsx": {
    "path": "D:/D/_learning_frontend/_Narnia/2022/_RSS/st3-react-ssr/src/components/header/Header.tsx",
    "statementMap": {
      "0": {
        "start": {
          "line": 5,
          "column": 0
        },
        "end": {
          "line": 15,
          "column": 1
        }
      },
      "1": {
        "start": {
          "line": 6,
          "column": 2
        },
        "end": {
          "line": 8,
          "column": 3
        }
      },
      "2": {
        "start": {
          "line": 7,
          "column": 4
        },
        "end": {
          "line": 7,
          "column": 165
        }
      },
      "3": {
        "start": {
          "line": 9,
          "column": 2
        },
        "end": {
          "line": 9,
          "column": 39
        }
      },
      "4": {
        "start": {
          "line": 10,
          "column": 2
        },
        "end": {
          "line": 10,
          "column": 39
        }
      },
      "5": {
        "start": {
          "line": 11,
          "column": 2
        },
        "end": {
          "line": 13,
          "column": 4
        }
      },
      "6": {
        "start": {
          "line": 12,
          "column": 4
        },
        "end": {
          "line": 12,
          "column": 132
        }
      },
      "7": {
        "start": {
          "line": 14,
          "column": 2
        },
        "end": {
          "line": 14,
          "column": 75
        }
      },
      "8": {
        "start": {
          "line": 18,
          "column": 22
        },
        "end": {
          "line": 43,
          "column": 1
        }
      },
      "9": {
        "start": {
          "line": 19,
          "column": 2
        },
        "end": {
          "line": 42,
          "column": 11
        }
      },
      "10": {
        "start": {
          "line": 44,
          "column": 0
        },
        "end": {
          "line": 44,
          "column": 12
        }
      },
      "11": {
        "start": {
          "line": 46,
          "column": 0
        },
        "end": {
          "line": 46,
          "column": 27
        }
      },
      "12": {
        "start": {
          "line": 47,
          "column": 0
        },
        "end": {
          "line": 63,
          "column": 1
        }
      },
      "13": {
        "start": {
          "line": 48,
          "column": 2
        },
        "end": {
          "line": 48,
          "column": 39
        }
      },
      "14": {
        "start": {
          "line": 49,
          "column": 2
        },
        "end": {
          "line": 49,
          "column": 39
        }
      },
      "15": {
        "start": {
          "line": 50,
          "column": 2
        },
        "end": {
          "line": 62,
          "column": 5
        }
      },
      "16": {
        "start": {
          "line": 54,
          "column": 4
        },
        "end": {
          "line": 54,
          "column": 158
        }
      },
      "17": {
        "start": {
          "line": 55,
          "column": 4
        },
        "end": {
          "line": 61,
          "column": 7
        }
      },
      "18": {
        "start": {
          "line": 56,
          "column": 6
        },
        "end": {
          "line": 57,
          "column": 15
        }
      },
      "19": {
        "start": {
          "line": 57,
          "column": 8
        },
        "end": {
          "line": 57,
          "column": 15
        }
      },
      "20": {
        "start": {
          "line": 58,
          "column": 32
        },
        "end": {
          "line": 58,
          "column": 115
        }
      },
      "21": {
        "start": {
          "line": 59,
          "column": 6
        },
        "end": {
          "line": 60,
          "column": 54
        }
      },
      "22": {
        "start": {
          "line": 60,
          "column": 8
        },
        "end": {
          "line": 60,
          "column": 54
        }
      }
    },
    "fnMap": {
      "0": {
        "name": "(anonymous_0)",
        "decl": {
          "start": {
            "line": 11,
            "column": 24
          },
          "end": {
            "line": 11,
            "column": 25
          }
        },
        "loc": {
          "start": {
            "line": 11,
            "column": 38
          },
          "end": {
            "line": 13,
            "column": 3
          }
        },
        "line": 11
      },
      "1": {
        "name": "(anonymous_1)",
        "decl": {
          "start": {
            "line": 18,
            "column": 22
          },
          "end": {
            "line": 18,
            "column": 23
          }
        },
        "loc": {
          "start": {
            "line": 18,
            "column": 33
          },
          "end": {
            "line": 43,
            "column": 1
          }
        },
        "line": 18
      },
      "2": {
        "name": "(anonymous_2)",
        "decl": {
          "start": {
            "line": 53,
            "column": 9
          },
          "end": {
            "line": 53,
            "column": 10
          }
        },
        "loc": {
          "start": {
            "line": 53,
            "column": 29
          },
          "end": {
            "line": 62,
            "column": 3
          }
        },
        "line": 53
      },
      "3": {
        "name": "(anonymous_3)",
        "decl": {
          "start": {
            "line": 55,
            "column": 27
          },
          "end": {
            "line": 55,
            "column": 28
          }
        },
        "loc": {
          "start": {
            "line": 55,
            "column": 44
          },
          "end": {
            "line": 61,
            "column": 5
          }
        },
        "line": 55
      }
    },
    "branchMap": {
      "0": {
        "loc": {
          "start": {
            "line": 5,
            "column": 0
          },
          "end": {
            "line": 15,
            "column": 1
          }
        },
        "type": "if",
        "locations": [
          {
            "start": {
              "line": 5,
              "column": 0
            },
            "end": {
              "line": 15,
              "column": 1
            }
          },
          {
            "start": {},
            "end": {}
          }
        ],
        "line": 5
      },
      "1": {
        "loc": {
          "start": {
            "line": 6,
            "column": 2
          },
          "end": {
            "line": 8,
            "column": 3
          }
        },
        "type": "if",
        "locations": [
          {
            "start": {
              "line": 6,
              "column": 2
            },
            "end": {
              "line": 8,
              "column": 3
            }
          },
          {
            "start": {},
            "end": {}
          }
        ],
        "line": 6
      },
      "2": {
        "loc": {
          "start": {
            "line": 47,
            "column": 0
          },
          "end": {
            "line": 63,
            "column": 1
          }
        },
        "type": "if",
        "locations": [
          {
            "start": {
              "line": 47,
              "column": 0
            },
            "end": {
              "line": 63,
              "column": 1
            }
          },
          {
            "start": {},
            "end": {}
          }
        ],
        "line": 47
      },
      "3": {
        "loc": {
          "start": {
            "line": 56,
            "column": 6
          },
          "end": {
            "line": 57,
            "column": 15
          }
        },
        "type": "if",
        "locations": [
          {
            "start": {
              "line": 56,
              "column": 6
            },
            "end": {
              "line": 57,
              "column": 15
            }
          },
          {
            "start": {},
            "end": {}
          }
        ],
        "line": 56
      },
      "4": {
        "loc": {
          "start": {
            "line": 59,
            "column": 6
          },
          "end": {
            "line": 60,
            "column": 54
          }
        },
        "type": "if",
        "locations": [
          {
            "start": {
              "line": 59,
              "column": 6
            },
            "end": {
              "line": 60,
              "column": 54
            }
          },
          {
            "start": {},
            "end": {}
          }
        ],
        "line": 59
      }
    },
    "s": {
      "0": 10,
      "1": 10,
      "2": 0,
      "3": 10,
      "4": 10,
      "5": 10,
      "6": 10,
      "7": 10,
      "8": 10,
      "9": 20,
      "10": 10,
      "11": 10,
      "12": 10,
      "13": 10,
      "14": 10,
      "15": 10,
      "16": 10,
      "17": 10,
      "18": 0,
      "19": 0,
      "20": 0,
      "21": 0,
      "22": 0
    },
    "f": {
      "0": 10,
      "1": 20,
      "2": 10,
      "3": 0
    },
    "b": {
      "0": [
        10,
        0
      ],
      "1": [
        0,
        10
      ],
      "2": [
        10,
        0
      ],
      "3": [
        0,
        0
      ],
      "4": [
        0,
        0
      ]
    },
    "inputSourceMap": {
      "version": 3,
      "mappings": "AAUI,mBAGM,cAHN;AAVJ,OAAOA,oBAAkB;AAAA;AAAA;AAAA;AAAA;AAAA;AAAA;AAAA;AAAA;AAAA;AAAA;AAAA;AAAA;AAAA;AACzB,OAAO;AACP,SAASC,WAAW;AAMb,aAAMC,SAASA,CAACC,UAAiB;AACtC,SACE,mCACE,iCAAC,YAAO,WAAU,UAChB,iCAAC,SAAI,WAAU,0BACb;AAAA,2BAAC,QAAG,WAAU,eAAeA,gBAAMC,SAAnC;AAAA;AAAA;AAAA;AAAA,WAAyC;AAAA,IACzC,uBAAC,SAAD;AAAA;AAAA;AAAA;AAAA,WAAI;AAAA,OAFN;AAAA;AAAA;AAAA;AAAA,SAGA,KAJF;AAAA;AAAA;AAAA;AAAA,SAKA,KANF;AAAA;AAAA;AAAA;AAAA,SAOA;AAEJ;AAAEC,KAXWH;AAAM;AAAAI",
      "names": [
        "React",
        "Nav",
        "Header",
        "props",
        "title",
        "_c",
        "$RefreshReg$"
      ],
      "sources": [
        "D:/D/_learning_frontend/_Narnia/2022/_RSS/st3-react-ssr/src/components/header/Header.tsx"
      ],
      "file": "D:/D/_learning_frontend/_Narnia/2022/_RSS/st3-react-ssr/src/components/header/Header.tsx"
    },
    "_coverageSchema": "1a1c01bbd47fc00a2c39e90264f33305004495a9",
    "hash": "6e4283a2453c6e6f1eed0a0ba9355488ac94f311"
  },
  "D:/D/_learning_frontend/_Narnia/2022/_RSS/st3-react-ssr/src/components/layout/Layout.tsx": {
    "path": "D:/D/_learning_frontend/_Narnia/2022/_RSS/st3-react-ssr/src/components/layout/Layout.tsx",
    "statementMap": {
      "0": {
        "start": {
          "line": 5,
          "column": 0
        },
        "end": {
          "line": 15,
          "column": 1
        }
      },
      "1": {
        "start": {
          "line": 6,
          "column": 2
        },
        "end": {
          "line": 8,
          "column": 3
        }
      },
      "2": {
        "start": {
          "line": 7,
          "column": 4
        },
        "end": {
          "line": 7,
          "column": 165
        }
      },
      "3": {
        "start": {
          "line": 9,
          "column": 2
        },
        "end": {
          "line": 9,
          "column": 39
        }
      },
      "4": {
        "start": {
          "line": 10,
          "column": 2
        },
        "end": {
          "line": 10,
          "column": 39
        }
      },
      "5": {
        "start": {
          "line": 11,
          "column": 2
        },
        "end": {
          "line": 13,
          "column": 4
        }
      },
      "6": {
        "start": {
          "line": 12,
          "column": 4
        },
        "end": {
          "line": 12,
          "column": 132
        }
      },
      "7": {
        "start": {
          "line": 14,
          "column": 2
        },
        "end": {
          "line": 14,
          "column": 75
        }
      },
      "8": {
        "start": {
          "line": 17,
          "column": 22
        },
        "end": {
          "line": 39,
          "column": 1
        }
      },
      "9": {
        "start": {
          "line": 18,
          "column": 2
        },
        "end": {
          "line": 38,
          "column": 11
        }
      },
      "10": {
        "start": {
          "line": 40,
          "column": 0
        },
        "end": {
          "line": 40,
          "column": 12
        }
      },
      "11": {
        "start": {
          "line": 42,
          "column": 0
        },
        "end": {
          "line": 42,
          "column": 27
        }
      },
      "12": {
        "start": {
          "line": 43,
          "column": 0
        },
        "end": {
          "line": 59,
          "column": 1
        }
      },
      "13": {
        "start": {
          "line": 44,
          "column": 2
        },
        "end": {
          "line": 44,
          "column": 39
        }
      },
      "14": {
        "start": {
          "line": 45,
          "column": 2
        },
        "end": {
          "line": 45,
          "column": 39
        }
      },
      "15": {
        "start": {
          "line": 46,
          "column": 2
        },
        "end": {
          "line": 58,
          "column": 5
        }
      },
      "16": {
        "start": {
          "line": 50,
          "column": 4
        },
        "end": {
          "line": 50,
          "column": 158
        }
      },
      "17": {
        "start": {
          "line": 51,
          "column": 4
        },
        "end": {
          "line": 57,
          "column": 7
        }
      },
      "18": {
        "start": {
          "line": 52,
          "column": 6
        },
        "end": {
          "line": 53,
          "column": 15
        }
      },
      "19": {
        "start": {
          "line": 53,
          "column": 8
        },
        "end": {
          "line": 53,
          "column": 15
        }
      },
      "20": {
        "start": {
          "line": 54,
          "column": 32
        },
        "end": {
          "line": 54,
          "column": 115
        }
      },
      "21": {
        "start": {
          "line": 55,
          "column": 6
        },
        "end": {
          "line": 56,
          "column": 54
        }
      },
      "22": {
        "start": {
          "line": 56,
          "column": 8
        },
        "end": {
          "line": 56,
          "column": 54
        }
      }
    },
    "fnMap": {
      "0": {
        "name": "(anonymous_0)",
        "decl": {
          "start": {
            "line": 11,
            "column": 24
          },
          "end": {
            "line": 11,
            "column": 25
          }
        },
        "loc": {
          "start": {
            "line": 11,
            "column": 38
          },
          "end": {
            "line": 13,
            "column": 3
          }
        },
        "line": 11
      },
      "1": {
        "name": "(anonymous_1)",
        "decl": {
          "start": {
            "line": 17,
            "column": 22
          },
          "end": {
            "line": 17,
            "column": 23
          }
        },
        "loc": {
          "start": {
            "line": 17,
            "column": 33
          },
          "end": {
            "line": 39,
            "column": 1
          }
        },
        "line": 17
      },
      "2": {
        "name": "(anonymous_2)",
        "decl": {
          "start": {
            "line": 49,
            "column": 9
          },
          "end": {
            "line": 49,
            "column": 10
          }
        },
        "loc": {
          "start": {
            "line": 49,
            "column": 29
          },
          "end": {
            "line": 58,
            "column": 3
          }
        },
        "line": 49
      },
      "3": {
        "name": "(anonymous_3)",
        "decl": {
          "start": {
            "line": 51,
            "column": 27
          },
          "end": {
            "line": 51,
            "column": 28
          }
        },
        "loc": {
          "start": {
            "line": 51,
            "column": 44
          },
          "end": {
            "line": 57,
            "column": 5
          }
        },
        "line": 51
      }
    },
    "branchMap": {
      "0": {
        "loc": {
          "start": {
            "line": 5,
            "column": 0
          },
          "end": {
            "line": 15,
            "column": 1
          }
        },
        "type": "if",
        "locations": [
          {
            "start": {
              "line": 5,
              "column": 0
            },
            "end": {
              "line": 15,
              "column": 1
            }
          },
          {
            "start": {},
            "end": {}
          }
        ],
        "line": 5
      },
      "1": {
        "loc": {
          "start": {
            "line": 6,
            "column": 2
          },
          "end": {
            "line": 8,
            "column": 3
          }
        },
        "type": "if",
        "locations": [
          {
            "start": {
              "line": 6,
              "column": 2
            },
            "end": {
              "line": 8,
              "column": 3
            }
          },
          {
            "start": {},
            "end": {}
          }
        ],
        "line": 6
      },
      "2": {
        "loc": {
          "start": {
            "line": 43,
            "column": 0
          },
          "end": {
            "line": 59,
            "column": 1
          }
        },
        "type": "if",
        "locations": [
          {
            "start": {
              "line": 43,
              "column": 0
            },
            "end": {
              "line": 59,
              "column": 1
            }
          },
          {
            "start": {},
            "end": {}
          }
        ],
        "line": 43
      },
      "3": {
        "loc": {
          "start": {
            "line": 52,
            "column": 6
          },
          "end": {
            "line": 53,
            "column": 15
          }
        },
        "type": "if",
        "locations": [
          {
            "start": {
              "line": 52,
              "column": 6
            },
            "end": {
              "line": 53,
              "column": 15
            }
          },
          {
            "start": {},
            "end": {}
          }
        ],
        "line": 52
      },
      "4": {
        "loc": {
          "start": {
            "line": 55,
            "column": 6
          },
          "end": {
            "line": 56,
            "column": 54
          }
        },
        "type": "if",
        "locations": [
          {
            "start": {
              "line": 55,
              "column": 6
            },
            "end": {
              "line": 56,
              "column": 54
            }
          },
          {
            "start": {},
            "end": {}
          }
        ],
        "line": 55
      }
    },
    "s": {
      "0": 10,
      "1": 10,
      "2": 0,
      "3": 10,
      "4": 10,
      "5": 10,
      "6": 10,
      "7": 10,
      "8": 10,
      "9": 20,
      "10": 10,
      "11": 10,
      "12": 10,
      "13": 10,
      "14": 10,
      "15": 10,
      "16": 10,
      "17": 10,
      "18": 0,
      "19": 0,
      "20": 0,
      "21": 0,
      "22": 0
    },
    "f": {
      "0": 10,
      "1": 20,
      "2": 10,
      "3": 0
    },
    "b": {
      "0": [
        10,
        0
      ],
      "1": [
        0,
        10
      ],
      "2": [
        10,
        0
      ],
      "3": [
        0,
        0
      ],
      "4": [
        0,
        0
      ]
    },
    "inputSourceMap": {
      "version": 3,
      "mappings": "AAUI,mBACE,cADF;AAVJ,OAAOA,oBAAkB;AAAA;AAAA;AAAA;AAAA;AAAA;AAAA;AAAA;AAAA;AAAA;AAAA;AAAA;AAAA;AAAA;AACzB,SAASC,cAAc;AAOhB,aAAMC,SAASA,CAACC,UAAiB;AACtC,SACE,mCACE;AAAA,2BAAC,UAAO,OAAOA,MAAMC,SAArB;AAAA;AAAA;AAAA;AAAA,WAA2B;AAAA,IAE3B,uBAAC,UAAK,WAAU,QAAQD,gBAAME,WAA9B;AAAA;AAAA;AAAA;AAAA,WAAsC;AAAA,IAEtC,uBAAC,YAAO,WAAU,YAAlB;AAAA;AAAA;AAAA;AAAA,WAA2B;AAAA,OAL7B;AAAA;AAAA;AAAA;AAAA,SAMA;AAEJ;AAAEC,KAVWJ;AAAM;AAAAK",
      "names": [
        "React",
        "Header",
        "Layout",
        "props",
        "title",
        "content",
        "_c",
        "$RefreshReg$"
      ],
      "sources": [
        "D:/D/_learning_frontend/_Narnia/2022/_RSS/st3-react-ssr/src/components/layout/Layout.tsx"
      ],
      "file": "D:/D/_learning_frontend/_Narnia/2022/_RSS/st3-react-ssr/src/components/layout/Layout.tsx"
    },
    "_coverageSchema": "1a1c01bbd47fc00a2c39e90264f33305004495a9",
    "hash": "f44557d757449a1707bb9de70a4b28b1d3c8c93c"
  },
  "D:/D/_learning_frontend/_Narnia/2022/_RSS/st3-react-ssr/src/redux/reducer.tsx": {
    "path": "D:/D/_learning_frontend/_Narnia/2022/_RSS/st3-react-ssr/src/redux/reducer.tsx",
    "statementMap": {
      "0": {
        "start": {
          "line": 1,
          "column": 26
        },
        "end": {
          "line": 1,
          "column": 38
        }
      },
      "1": {
        "start": {
          "line": 2,
          "column": 31
        },
        "end": {
          "line": 2,
          "column": 48
        }
      },
      "2": {
        "start": {
          "line": 3,
          "column": 29
        },
        "end": {
          "line": 3,
          "column": 44
        }
      },
      "3": {
        "start": {
          "line": 4,
          "column": 30
        },
        "end": {
          "line": 4,
          "column": 46
        }
      },
      "4": {
        "start": {
          "line": 6,
          "column": 2
        },
        "end": {
          "line": 9,
          "column": 4
        }
      },
      "5": {
        "start": {
          "line": 12,
          "column": 2
        },
        "end": {
          "line": 15,
          "column": 4
        }
      },
      "6": {
        "start": {
          "line": 18,
          "column": 2
        },
        "end": {
          "line": 20,
          "column": 4
        }
      },
      "7": {
        "start": {
          "line": 23,
          "column": 20
        },
        "end": {
          "line": 27,
          "column": 4
        }
      },
      "8": {
        "start": {
          "line": 24,
          "column": 4
        },
        "end": {
          "line": 26,
          "column": 6
        }
      },
      "9": {
        "start": {
          "line": 28,
          "column": 2
        },
        "end": {
          "line": 31,
          "column": 4
        }
      },
      "10": {
        "start": {
          "line": 33,
          "column": 28
        },
        "end": {
          "line": 37,
          "column": 1
        }
      },
      "11": {
        "start": {
          "line": 38,
          "column": 27
        },
        "end": {
          "line": 63,
          "column": 1
        }
      },
      "12": {
        "start": {
          "line": 39,
          "column": 2
        },
        "end": {
          "line": 62,
          "column": 3
        }
      },
      "13": {
        "start": {
          "line": 41,
          "column": 6
        },
        "end": {
          "line": 44,
          "column": 8
        }
      },
      "14": {
        "start": {
          "line": 46,
          "column": 6
        },
        "end": {
          "line": 49,
          "column": 8
        }
      },
      "15": {
        "start": {
          "line": 51,
          "column": 6
        },
        "end": {
          "line": 54,
          "column": 8
        }
      },
      "16": {
        "start": {
          "line": 56,
          "column": 6
        },
        "end": {
          "line": 59,
          "column": 8
        }
      },
      "17": {
        "start": {
          "line": 61,
          "column": 6
        },
        "end": {
          "line": 61,
          "column": 19
        }
      }
    },
    "fnMap": {
      "0": {
        "name": "addSearch",
        "decl": {
          "start": {
            "line": 5,
            "column": 16
          },
          "end": {
            "line": 5,
            "column": 25
          }
        },
        "loc": {
          "start": {
            "line": 5,
            "column": 35
          },
          "end": {
            "line": 10,
            "column": 1
          }
        },
        "line": 5
      },
      "1": {
        "name": "addClickedCardId",
        "decl": {
          "start": {
            "line": 11,
            "column": 16
          },
          "end": {
            "line": 11,
            "column": 32
          }
        },
        "loc": {
          "start": {
            "line": 11,
            "column": 42
          },
          "end": {
            "line": 16,
            "column": 1
          }
        },
        "line": 11
      },
      "2": {
        "name": "resetCardId",
        "decl": {
          "start": {
            "line": 17,
            "column": 16
          },
          "end": {
            "line": 17,
            "column": 27
          }
        },
        "loc": {
          "start": {
            "line": 17,
            "column": 30
          },
          "end": {
            "line": 21,
            "column": 1
          }
        },
        "line": 17
      },
      "3": {
        "name": "setFormCards",
        "decl": {
          "start": {
            "line": 22,
            "column": 16
          },
          "end": {
            "line": 22,
            "column": 28
          }
        },
        "loc": {
          "start": {
            "line": 22,
            "column": 38
          },
          "end": {
            "line": 32,
            "column": 1
          }
        },
        "line": 22
      },
      "4": {
        "name": "(anonymous_4)",
        "decl": {
          "start": {
            "line": 23,
            "column": 32
          },
          "end": {
            "line": 23,
            "column": 33
          }
        },
        "loc": {
          "start": {
            "line": 23,
            "column": 48
          },
          "end": {
            "line": 27,
            "column": 3
          }
        },
        "line": 23
      },
      "5": {
        "name": "(anonymous_5)",
        "decl": {
          "start": {
            "line": 38,
            "column": 27
          },
          "end": {
            "line": 38,
            "column": 28
          }
        },
        "loc": {
          "start": {
            "line": 38,
            "column": 61
          },
          "end": {
            "line": 63,
            "column": 1
          }
        },
        "line": 38
      }
    },
    "branchMap": {
      "0": {
        "loc": {
          "start": {
            "line": 38,
            "column": 28
          },
          "end": {
            "line": 38,
            "column": 48
          }
        },
        "type": "default-arg",
        "locations": [
          {
            "start": {
              "line": 38,
              "column": 36
            },
            "end": {
              "line": 38,
              "column": 48
            }
          }
        ],
        "line": 38
      },
      "1": {
        "loc": {
          "start": {
            "line": 39,
            "column": 2
          },
          "end": {
            "line": 62,
            "column": 3
          }
        },
        "type": "switch",
        "locations": [
          {
            "start": {
              "line": 40,
              "column": 4
            },
            "end": {
              "line": 44,
              "column": 8
            }
          },
          {
            "start": {
              "line": 45,
              "column": 4
            },
            "end": {
              "line": 49,
              "column": 8
            }
          },
          {
            "start": {
              "line": 50,
              "column": 4
            },
            "end": {
              "line": 54,
              "column": 8
            }
          },
          {
            "start": {
              "line": 55,
              "column": 4
            },
            "end": {
              "line": 59,
              "column": 8
            }
          },
          {
            "start": {
              "line": 60,
              "column": 4
            },
            "end": {
              "line": 61,
              "column": 19
            }
          }
        ],
        "line": 39
      }
    },
    "s": {
      "0": 10,
      "1": 10,
      "2": 10,
      "3": 10,
      "4": 28,
      "5": 0,
      "6": 0,
      "7": 0,
      "8": 0,
      "9": 0,
      "10": 10,
      "11": 10,
      "12": 142,
      "13": 28,
      "14": 0,
      "15": 0,
      "16": 0,
      "17": 114
    },
    "f": {
      "0": 28,
      "1": 0,
      "2": 0,
      "3": 0,
      "4": 0,
      "5": 142
    },
    "b": {
      "0": [
        30
      ],
      "1": [
        28,
        0,
        0,
        0,
        114
      ]
    },
    "inputSourceMap": {
      "version": 3,
      "mappings": "AAGO,aAAMA,aAAa;AACnB,aAAMC,kBAAkB;AACxB,aAAMC,gBAAgB;AACtB,aAAMC,iBAAiB;AAEvB,gBAASC,UAAUC,SAAiB;AACzC,SAAO;AAAA,IAAEC,MAAMN;AAAAA,IAAYK;AAAAA,EAAQ;AACrC;AAEO,gBAASE,iBAAiBF,SAAiB;AAChD,SAAO;AAAA,IAAEC,MAAML;AAAAA,IAAiBI;AAAAA,EAAQ;AAC1C;AAEO,gBAASG,cAAc;AAC5B,SAAO;AAAA,IAAEF,MAAMJ;AAAAA,EAAc;AAC/B;AAEO,gBAASO,aAAaJ,SAAuC;AAClE,QAAMK,YAAYL,QAAQM,IAAKC,gBAAe;AAC5C,WAAO;AAAA,MACL,GAAGA;AAAAA,IACL;AAAA,EACF,CAAC;AACD,SAAO;AAAA,IAAEN,MAAMH;AAAAA,IAAgBE,SAASK;AAAAA,EAAU;AACpD;AAQO,aAAMG,eAAiC;AAAA,EAC5CC,YAAY;AAAA,EACZC,QAAQ;AAAA,EACRL,WAAW;AACb;AAuBO,aAAMM,cAAcA,CAACC,QAAQJ,cAAcK,WAAuB;AACvE,UAAQA,OAAOZ,MAAI;AAAA,IACjB,KAAKN;AACH,aAAO;AAAA,QAAE,GAAGiB;AAAAA,QAAOH,YAAYI,OAAOb;AAAAA,MAAQ;AAAA,IAChD,KAAKJ;AACH,aAAO;AAAA,QAAE,GAAGgB;AAAAA,QAAOF,QAAQG,OAAOb;AAAAA,MAAQ;AAAA,IAC5C,KAAKH;AACH,aAAO;AAAA,QAAE,GAAGe;AAAAA,QAAOF,QAAQ;AAAA,MAAK;AAAA,IAClC,KAAKZ;AACH,aAAO;AAAA,QAAE,GAAGc;AAAAA,QAAOP,WAAWQ,OAAOb;AAAAA,MAAQ;AAAA,IAC/C;AACE,aAAOY;AAAAA,EAAM;AAEnB",
      "names": [
        "ADD_SEARCH",
        "CLICKED_CARD_ID",
        "RESET_CARD_ID",
        "SET_FORM_CARDS",
        "addSearch",
        "payload",
        "type",
        "addClickedCardId",
        "resetCardId",
        "setFormCards",
        "formCards",
        "map",
        "formResult",
        "defaultState",
        "searchTerm",
        "cardId",
        "rootReducer",
        "state",
        "action"
      ],
      "sources": [
        "D:/D/_learning_frontend/_Narnia/2022/_RSS/st3-react-ssr/src/redux/reducer.tsx"
      ],
      "file": "D:/D/_learning_frontend/_Narnia/2022/_RSS/st3-react-ssr/src/redux/reducer.tsx"
    },
    "_coverageSchema": "1a1c01bbd47fc00a2c39e90264f33305004495a9",
    "hash": "7d2419c6938e5ff4f9987d15782d8532ff2b1c00"
  },
  "D:/D/_learning_frontend/_Narnia/2022/_RSS/st3-react-ssr/src/components/search/Search.tsx": {
    "path": "D:/D/_learning_frontend/_Narnia/2022/_RSS/st3-react-ssr/src/components/search/Search.tsx",
    "statementMap": {
      "0": {
        "start": {
          "line": 5,
          "column": 0
        },
        "end": {
          "line": 15,
          "column": 1
        }
      },
      "1": {
        "start": {
          "line": 6,
          "column": 2
        },
        "end": {
          "line": 8,
          "column": 3
        }
      },
      "2": {
        "start": {
          "line": 7,
          "column": 4
        },
        "end": {
          "line": 7,
          "column": 165
        }
      },
      "3": {
        "start": {
          "line": 9,
          "column": 2
        },
        "end": {
          "line": 9,
          "column": 39
        }
      },
      "4": {
        "start": {
          "line": 10,
          "column": 2
        },
        "end": {
          "line": 10,
          "column": 39
        }
      },
      "5": {
        "start": {
          "line": 11,
          "column": 2
        },
        "end": {
          "line": 13,
          "column": 4
        }
      },
      "6": {
        "start": {
          "line": 12,
          "column": 4
        },
        "end": {
          "line": 12,
          "column": 132
        }
      },
      "7": {
        "start": {
          "line": 14,
          "column": 2
        },
        "end": {
          "line": 14,
          "column": 75
        }
      },
      "8": {
        "start": {
          "line": 16,
          "column": 9
        },
        "end": {
          "line": 16,
          "column": 23
        }
      },
      "9": {
        "start": {
          "line": 22,
          "column": 15
        },
        "end": {
          "line": 55,
          "column": 1
        }
      },
      "10": {
        "start": {
          "line": 23,
          "column": 2
        },
        "end": {
          "line": 23,
          "column": 7
        }
      },
      "11": {
        "start": {
          "line": 24,
          "column": 19
        },
        "end": {
          "line": 24,
          "column": 32
        }
      },
      "12": {
        "start": {
          "line": 25,
          "column": 21
        },
        "end": {
          "line": 25,
          "column": 66
        }
      },
      "13": {
        "start": {
          "line": 25,
          "column": 44
        },
        "end": {
          "line": 25,
          "column": 65
        }
      },
      "14": {
        "start": {
          "line": 26,
          "column": 40
        },
        "end": {
          "line": 26,
          "column": 60
        }
      },
      "15": {
        "start": {
          "line": 27,
          "column": 22
        },
        "end": {
          "line": 31,
          "column": 3
        }
      },
      "16": {
        "start": {
          "line": 28,
          "column": 4
        },
        "end": {
          "line": 30,
          "column": 5
        }
      },
      "17": {
        "start": {
          "line": 29,
          "column": 6
        },
        "end": {
          "line": 29,
          "column": 39
        }
      },
      "18": {
        "start": {
          "line": 32,
          "column": 23
        },
        "end": {
          "line": 34,
          "column": 3
        }
      },
      "19": {
        "start": {
          "line": 33,
          "column": 4
        },
        "end": {
          "line": 33,
          "column": 46
        }
      },
      "20": {
        "start": {
          "line": 35,
          "column": 2
        },
        "end": {
          "line": 54,
          "column": 11
        }
      },
      "21": {
        "start": {
          "line": 56,
          "column": 0
        },
        "end": {
          "line": 58,
          "column": 3
        }
      },
      "22": {
        "start": {
          "line": 57,
          "column": 2
        },
        "end": {
          "line": 57,
          "column": 36
        }
      },
      "23": {
        "start": {
          "line": 59,
          "column": 0
        },
        "end": {
          "line": 59,
          "column": 12
        }
      },
      "24": {
        "start": {
          "line": 62,
          "column": 0
        },
        "end": {
          "line": 62,
          "column": 27
        }
      },
      "25": {
        "start": {
          "line": 63,
          "column": 0
        },
        "end": {
          "line": 79,
          "column": 1
        }
      },
      "26": {
        "start": {
          "line": 64,
          "column": 2
        },
        "end": {
          "line": 64,
          "column": 39
        }
      },
      "27": {
        "start": {
          "line": 65,
          "column": 2
        },
        "end": {
          "line": 65,
          "column": 39
        }
      },
      "28": {
        "start": {
          "line": 66,
          "column": 2
        },
        "end": {
          "line": 78,
          "column": 5
        }
      },
      "29": {
        "start": {
          "line": 70,
          "column": 4
        },
        "end": {
          "line": 70,
          "column": 158
        }
      },
      "30": {
        "start": {
          "line": 71,
          "column": 4
        },
        "end": {
          "line": 77,
          "column": 7
        }
      },
      "31": {
        "start": {
          "line": 72,
          "column": 6
        },
        "end": {
          "line": 73,
          "column": 15
        }
      },
      "32": {
        "start": {
          "line": 73,
          "column": 8
        },
        "end": {
          "line": 73,
          "column": 15
        }
      },
      "33": {
        "start": {
          "line": 74,
          "column": 32
        },
        "end": {
          "line": 74,
          "column": 115
        }
      },
      "34": {
        "start": {
          "line": 75,
          "column": 6
        },
        "end": {
          "line": 76,
          "column": 54
        }
      },
      "35": {
        "start": {
          "line": 76,
          "column": 8
        },
        "end": {
          "line": 76,
          "column": 54
        }
      }
    },
    "fnMap": {
      "0": {
        "name": "(anonymous_0)",
        "decl": {
          "start": {
            "line": 11,
            "column": 24
          },
          "end": {
            "line": 11,
            "column": 25
          }
        },
        "loc": {
          "start": {
            "line": 11,
            "column": 38
          },
          "end": {
            "line": 13,
            "column": 3
          }
        },
        "line": 11
      },
      "1": {
        "name": "(anonymous_1)",
        "decl": {
          "start": {
            "line": 22,
            "column": 15
          },
          "end": {
            "line": 22,
            "column": 16
          }
        },
        "loc": {
          "start": {
            "line": 22,
            "column": 21
          },
          "end": {
            "line": 55,
            "column": 1
          }
        },
        "line": 22
      },
      "2": {
        "name": "(anonymous_2)",
        "decl": {
          "start": {
            "line": 25,
            "column": 33
          },
          "end": {
            "line": 25,
            "column": 34
          }
        },
        "loc": {
          "start": {
            "line": 25,
            "column": 44
          },
          "end": {
            "line": 25,
            "column": 65
          }
        },
        "line": 25
      },
      "3": {
        "name": "(anonymous_3)",
        "decl": {
          "start": {
            "line": 27,
            "column": 22
          },
          "end": {
            "line": 27,
            "column": 23
          }
        },
        "loc": {
          "start": {
            "line": 27,
            "column": 33
          },
          "end": {
            "line": 31,
            "column": 3
          }
        },
        "line": 27
      },
      "4": {
        "name": "(anonymous_4)",
        "decl": {
          "start": {
            "line": 32,
            "column": 23
          },
          "end": {
            "line": 32,
            "column": 24
          }
        },
        "loc": {
          "start": {
            "line": 32,
            "column": 34
          },
          "end": {
            "line": 34,
            "column": 3
          }
        },
        "line": 32
      },
      "5": {
        "name": "(anonymous_5)",
        "decl": {
          "start": {
            "line": 56,
            "column": 50
          },
          "end": {
            "line": 56,
            "column": 51
          }
        },
        "loc": {
          "start": {
            "line": 56,
            "column": 61
          },
          "end": {
            "line": 58,
            "column": 1
          }
        },
        "line": 56
      },
      "6": {
        "name": "(anonymous_6)",
        "decl": {
          "start": {
            "line": 69,
            "column": 9
          },
          "end": {
            "line": 69,
            "column": 10
          }
        },
        "loc": {
          "start": {
            "line": 69,
            "column": 29
          },
          "end": {
            "line": 78,
            "column": 3
          }
        },
        "line": 69
      },
      "7": {
        "name": "(anonymous_7)",
        "decl": {
          "start": {
            "line": 71,
            "column": 27
          },
          "end": {
            "line": 71,
            "column": 28
          }
        },
        "loc": {
          "start": {
            "line": 71,
            "column": 44
          },
          "end": {
            "line": 77,
            "column": 5
          }
        },
        "line": 71
      }
    },
    "branchMap": {
      "0": {
        "loc": {
          "start": {
            "line": 5,
            "column": 0
          },
          "end": {
            "line": 15,
            "column": 1
          }
        },
        "type": "if",
        "locations": [
          {
            "start": {
              "line": 5,
              "column": 0
            },
            "end": {
              "line": 15,
              "column": 1
            }
          },
          {
            "start": {},
            "end": {}
          }
        ],
        "line": 5
      },
      "1": {
        "loc": {
          "start": {
            "line": 6,
            "column": 2
          },
          "end": {
            "line": 8,
            "column": 3
          }
        },
        "type": "if",
        "locations": [
          {
            "start": {
              "line": 6,
              "column": 2
            },
            "end": {
              "line": 8,
              "column": 3
            }
          },
          {
            "start": {},
            "end": {}
          }
        ],
        "line": 6
      },
      "2": {
        "loc": {
          "start": {
            "line": 28,
            "column": 4
          },
          "end": {
            "line": 30,
            "column": 5
          }
        },
        "type": "if",
        "locations": [
          {
            "start": {
              "line": 28,
              "column": 4
            },
            "end": {
              "line": 30,
              "column": 5
            }
          },
          {
            "start": {},
            "end": {}
          }
        ],
        "line": 28
      },
      "3": {
        "loc": {
          "start": {
            "line": 63,
            "column": 0
          },
          "end": {
            "line": 79,
            "column": 1
          }
        },
        "type": "if",
        "locations": [
          {
            "start": {
              "line": 63,
              "column": 0
            },
            "end": {
              "line": 79,
              "column": 1
            }
          },
          {
            "start": {},
            "end": {}
          }
        ],
        "line": 63
      },
      "4": {
        "loc": {
          "start": {
            "line": 72,
            "column": 6
          },
          "end": {
            "line": 73,
            "column": 15
          }
        },
        "type": "if",
        "locations": [
          {
            "start": {
              "line": 72,
              "column": 6
            },
            "end": {
              "line": 73,
              "column": 15
            }
          },
          {
            "start": {},
            "end": {}
          }
        ],
        "line": 72
      },
      "5": {
        "loc": {
          "start": {
            "line": 75,
            "column": 6
          },
          "end": {
            "line": 76,
            "column": 54
          }
        },
        "type": "if",
        "locations": [
          {
            "start": {
              "line": 75,
              "column": 6
            },
            "end": {
              "line": 76,
              "column": 54
            }
          },
          {
            "start": {},
            "end": {}
          }
        ],
        "line": 75
      }
    },
    "s": {
      "0": 10,
      "1": 10,
      "2": 0,
      "3": 10,
      "4": 10,
      "5": 10,
      "6": 10,
      "7": 10,
      "8": 10,
      "9": 10,
      "10": 80,
      "11": 80,
      "12": 80,
      "13": 202,
      "14": 80,
      "15": 80,
      "16": 30,
      "17": 4,
      "18": 80,
      "19": 26,
      "20": 80,
      "21": 10,
      "22": 10,
      "23": 10,
      "24": 10,
      "25": 10,
      "26": 10,
      "27": 10,
      "28": 10,
      "29": 10,
      "30": 10,
      "31": 0,
      "32": 0,
      "33": 0,
      "34": 0,
      "35": 0
    },
    "f": {
      "0": 10,
      "1": 80,
      "2": 202,
      "3": 30,
      "4": 26,
      "5": 10,
      "6": 10,
      "7": 0
    },
    "b": {
      "0": [
        10,
        0
      ],
      "1": [
        0,
        10
      ],
      "2": [
        4,
        26
      ],
      "3": [
        10,
        0
      ],
      "4": [
        0,
        0
      ],
      "5": [
        0,
        0
      ]
    },
    "inputSourceMap": {
      "version": 3,
      "mappings": "AAwBQ;;;;;;;;;;;;;;;;AAxBR,SAAgBA,gBAA+B;AAC/C,OAAO;AACP,OAAOC,YAAY;AACnB,SAASC,aAAaC,mBAAmB;AACzC,SAASC,iBAA4B;AAErC,MAAMC,SAAmBA,MAAM;AAAAC;AAC7B,QAAMC,WAAWL,YAAW;AAC5B,QAAMM,aAAaL,YAAY,CAACM,UAAqBA,MAAMC,KAAKF,UAAU;AAC1E,QAAM,CAACG,aAAaC,cAAc,IAAIZ,SAASQ,UAAU;AAEzD,QAAMK,cAAcA,CAACC,UAAiD;AACpE,QAAIA,MAAMC,QAAQ,SAAS;AACzBR,eAASH,UAAUO,WAAW,CAAC;AAAA,IACjC;AAAA,EACF;AAEA,QAAMK,eAAeA,CAACF,UAA+C;AACnEF,mBAAeE,MAAMG,OAAOC,MAAMC,KAAI,CAAE;AAAA,EAC1C;AAEA,SACE,uBAAC,SAAI,WAAU,sBAAqB,eAAY,UAC9C,iCAAC,SAAI,WAAU,cACb;AAAA,2BAAC,SAAI,WAAU,oBAAmB,KAAKlB,QAAQ,KAAI,IAAG,MAAK,YAA3D;AAAA;AAAA;AAAA;AAAA,WAAmE;AAAA,IACnE,uBAAC,WACC,WAAU,qBACV,MAAK,UACL,OAAOU,aACP,UAAUK,cACV,WAAWH,eALb;AAAA;AAAA;AAAA;AAAA,WAKyB;AAAA,OAP3B;AAAA;AAAA;AAAA;AAAA,SASA,KAVF;AAAA;AAAA;AAAA;AAAA,SAWA;AAEJ;AAAEP,GA7BID,QAAgB;AAAA,UACHH,aACEC,WAAW;AAAA;AAAAiB,KAF1Bf;AA+BN,eAAeA;AAAO;AAAAgB",
      "names": [
        "useState",
        "search",
        "useDispatch",
        "useSelector",
        "addSearch",
        "Search",
        "_s",
        "dispatch",
        "searchTerm",
        "state",
        "root",
        "searchValue",
        "setSearchValue",
        "handleEnter",
        "event",
        "key",
        "handleChange",
        "target",
        "value",
        "trim",
        "_c",
        "$RefreshReg$"
      ],
      "sources": [
        "D:/D/_learning_frontend/_Narnia/2022/_RSS/st3-react-ssr/src/components/search/Search.tsx"
      ],
      "file": "D:/D/_learning_frontend/_Narnia/2022/_RSS/st3-react-ssr/src/components/search/Search.tsx"
    },
    "_coverageSchema": "1a1c01bbd47fc00a2c39e90264f33305004495a9",
    "hash": "fc29594bcaea55640e6888fb87580c61407fd7f6"
  },
  "D:/D/_learning_frontend/_Narnia/2022/_RSS/st3-react-ssr/src/components/slider/Slider.tsx": {
    "path": "D:/D/_learning_frontend/_Narnia/2022/_RSS/st3-react-ssr/src/components/slider/Slider.tsx",
    "statementMap": {
      "0": {
        "start": {
          "line": 5,
          "column": 0
        },
        "end": {
          "line": 15,
          "column": 1
        }
      },
      "1": {
        "start": {
          "line": 6,
          "column": 2
        },
        "end": {
          "line": 8,
          "column": 3
        }
      },
      "2": {
        "start": {
          "line": 7,
          "column": 4
        },
        "end": {
          "line": 7,
          "column": 165
        }
      },
      "3": {
        "start": {
          "line": 9,
          "column": 2
        },
        "end": {
          "line": 9,
          "column": 39
        }
      },
      "4": {
        "start": {
          "line": 10,
          "column": 2
        },
        "end": {
          "line": 10,
          "column": 39
        }
      },
      "5": {
        "start": {
          "line": 11,
          "column": 2
        },
        "end": {
          "line": 13,
          "column": 4
        }
      },
      "6": {
        "start": {
          "line": 12,
          "column": 4
        },
        "end": {
          "line": 12,
          "column": 132
        }
      },
      "7": {
        "start": {
          "line": 14,
          "column": 2
        },
        "end": {
          "line": 14,
          "column": 75
        }
      },
      "8": {
        "start": {
          "line": 16,
          "column": 9
        },
        "end": {
          "line": 16,
          "column": 23
        }
      },
      "9": {
        "start": {
          "line": 19,
          "column": 22
        },
        "end": {
          "line": 52,
          "column": 1
        }
      },
      "10": {
        "start": {
          "line": 20,
          "column": 2
        },
        "end": {
          "line": 20,
          "column": 7
        }
      },
      "11": {
        "start": {
          "line": 23,
          "column": 6
        },
        "end": {
          "line": 23,
          "column": 11
        }
      },
      "12": {
        "start": {
          "line": 24,
          "column": 42
        },
        "end": {
          "line": 24,
          "column": 53
        }
      },
      "13": {
        "start": {
          "line": 25,
          "column": 2
        },
        "end": {
          "line": 32,
          "column": 14
        }
      },
      "14": {
        "start": {
          "line": 26,
          "column": 4
        },
        "end": {
          "line": 31,
          "column": 5
        }
      },
      "15": {
        "start": {
          "line": 27,
          "column": 22
        },
        "end": {
          "line": 29,
          "column": 13
        }
      },
      "16": {
        "start": {
          "line": 28,
          "column": 8
        },
        "end": {
          "line": 28,
          "column": 71
        }
      },
      "17": {
        "start": {
          "line": 28,
          "column": 39
        },
        "end": {
          "line": 28,
          "column": 69
        }
      },
      "18": {
        "start": {
          "line": 30,
          "column": 6
        },
        "end": {
          "line": 30,
          "column": 42
        }
      },
      "19": {
        "start": {
          "line": 30,
          "column": 19
        },
        "end": {
          "line": 30,
          "column": 41
        }
      },
      "20": {
        "start": {
          "line": 33,
          "column": 2
        },
        "end": {
          "line": 35,
          "column": 3
        }
      },
      "21": {
        "start": {
          "line": 34,
          "column": 4
        },
        "end": {
          "line": 34,
          "column": 16
        }
      },
      "22": {
        "start": {
          "line": 36,
          "column": 2
        },
        "end": {
          "line": 51,
          "column": 11
        }
      },
      "23": {
        "start": {
          "line": 53,
          "column": 0
        },
        "end": {
          "line": 53,
          "column": 43
        }
      },
      "24": {
        "start": {
          "line": 54,
          "column": 0
        },
        "end": {
          "line": 54,
          "column": 12
        }
      },
      "25": {
        "start": {
          "line": 56,
          "column": 0
        },
        "end": {
          "line": 56,
          "column": 27
        }
      },
      "26": {
        "start": {
          "line": 57,
          "column": 0
        },
        "end": {
          "line": 73,
          "column": 1
        }
      },
      "27": {
        "start": {
          "line": 58,
          "column": 2
        },
        "end": {
          "line": 58,
          "column": 39
        }
      },
      "28": {
        "start": {
          "line": 59,
          "column": 2
        },
        "end": {
          "line": 59,
          "column": 39
        }
      },
      "29": {
        "start": {
          "line": 60,
          "column": 2
        },
        "end": {
          "line": 72,
          "column": 5
        }
      },
      "30": {
        "start": {
          "line": 64,
          "column": 4
        },
        "end": {
          "line": 64,
          "column": 158
        }
      },
      "31": {
        "start": {
          "line": 65,
          "column": 4
        },
        "end": {
          "line": 71,
          "column": 7
        }
      },
      "32": {
        "start": {
          "line": 66,
          "column": 6
        },
        "end": {
          "line": 67,
          "column": 15
        }
      },
      "33": {
        "start": {
          "line": 67,
          "column": 8
        },
        "end": {
          "line": 67,
          "column": 15
        }
      },
      "34": {
        "start": {
          "line": 68,
          "column": 32
        },
        "end": {
          "line": 68,
          "column": 115
        }
      },
      "35": {
        "start": {
          "line": 69,
          "column": 6
        },
        "end": {
          "line": 70,
          "column": 54
        }
      },
      "36": {
        "start": {
          "line": 70,
          "column": 8
        },
        "end": {
          "line": 70,
          "column": 54
        }
      }
    },
    "fnMap": {
      "0": {
        "name": "(anonymous_0)",
        "decl": {
          "start": {
            "line": 11,
            "column": 24
          },
          "end": {
            "line": 11,
            "column": 25
          }
        },
        "loc": {
          "start": {
            "line": 11,
            "column": 38
          },
          "end": {
            "line": 13,
            "column": 3
          }
        },
        "line": 11
      },
      "1": {
        "name": "(anonymous_1)",
        "decl": {
          "start": {
            "line": 19,
            "column": 22
          },
          "end": {
            "line": 19,
            "column": 23
          }
        },
        "loc": {
          "start": {
            "line": 19,
            "column": 33
          },
          "end": {
            "line": 52,
            "column": 1
          }
        },
        "line": 19
      },
      "2": {
        "name": "(anonymous_2)",
        "decl": {
          "start": {
            "line": 25,
            "column": 12
          },
          "end": {
            "line": 25,
            "column": 13
          }
        },
        "loc": {
          "start": {
            "line": 25,
            "column": 18
          },
          "end": {
            "line": 32,
            "column": 3
          }
        },
        "line": 25
      },
      "3": {
        "name": "(anonymous_3)",
        "decl": {
          "start": {
            "line": 27,
            "column": 34
          },
          "end": {
            "line": 27,
            "column": 35
          }
        },
        "loc": {
          "start": {
            "line": 27,
            "column": 40
          },
          "end": {
            "line": 29,
            "column": 7
          }
        },
        "line": 27
      },
      "4": {
        "name": "(anonymous_4)",
        "decl": {
          "start": {
            "line": 28,
            "column": 24
          },
          "end": {
            "line": 28,
            "column": 25
          }
        },
        "loc": {
          "start": {
            "line": 28,
            "column": 39
          },
          "end": {
            "line": 28,
            "column": 69
          }
        },
        "line": 28
      },
      "5": {
        "name": "(anonymous_5)",
        "decl": {
          "start": {
            "line": 30,
            "column": 13
          },
          "end": {
            "line": 30,
            "column": 14
          }
        },
        "loc": {
          "start": {
            "line": 30,
            "column": 19
          },
          "end": {
            "line": 30,
            "column": 41
          }
        },
        "line": 30
      },
      "6": {
        "name": "(anonymous_6)",
        "decl": {
          "start": {
            "line": 63,
            "column": 9
          },
          "end": {
            "line": 63,
            "column": 10
          }
        },
        "loc": {
          "start": {
            "line": 63,
            "column": 29
          },
          "end": {
            "line": 72,
            "column": 3
          }
        },
        "line": 63
      },
      "7": {
        "name": "(anonymous_7)",
        "decl": {
          "start": {
            "line": 65,
            "column": 27
          },
          "end": {
            "line": 65,
            "column": 28
          }
        },
        "loc": {
          "start": {
            "line": 65,
            "column": 44
          },
          "end": {
            "line": 71,
            "column": 5
          }
        },
        "line": 65
      }
    },
    "branchMap": {
      "0": {
        "loc": {
          "start": {
            "line": 5,
            "column": 0
          },
          "end": {
            "line": 15,
            "column": 1
          }
        },
        "type": "if",
        "locations": [
          {
            "start": {
              "line": 5,
              "column": 0
            },
            "end": {
              "line": 15,
              "column": 1
            }
          },
          {
            "start": {},
            "end": {}
          }
        ],
        "line": 5
      },
      "1": {
        "loc": {
          "start": {
            "line": 6,
            "column": 2
          },
          "end": {
            "line": 8,
            "column": 3
          }
        },
        "type": "if",
        "locations": [
          {
            "start": {
              "line": 6,
              "column": 2
            },
            "end": {
              "line": 8,
              "column": 3
            }
          },
          {
            "start": {},
            "end": {}
          }
        ],
        "line": 6
      },
      "2": {
        "loc": {
          "start": {
            "line": 26,
            "column": 4
          },
          "end": {
            "line": 31,
            "column": 5
          }
        },
        "type": "if",
        "locations": [
          {
            "start": {
              "line": 26,
              "column": 4
            },
            "end": {
              "line": 31,
              "column": 5
            }
          },
          {
            "start": {},
            "end": {}
          }
        ],
        "line": 26
      },
      "3": {
        "loc": {
          "start": {
            "line": 33,
            "column": 2
          },
          "end": {
            "line": 35,
            "column": 3
          }
        },
        "type": "if",
        "locations": [
          {
            "start": {
              "line": 33,
              "column": 2
            },
            "end": {
              "line": 35,
              "column": 3
            }
          },
          {
            "start": {},
            "end": {}
          }
        ],
        "line": 33
      },
      "4": {
        "loc": {
          "start": {
            "line": 57,
            "column": 0
          },
          "end": {
            "line": 73,
            "column": 1
          }
        },
        "type": "if",
        "locations": [
          {
            "start": {
              "line": 57,
              "column": 0
            },
            "end": {
              "line": 73,
              "column": 1
            }
          },
          {
            "start": {},
            "end": {}
          }
        ],
        "line": 57
      },
      "5": {
        "loc": {
          "start": {
            "line": 66,
            "column": 6
          },
          "end": {
            "line": 67,
            "column": 15
          }
        },
        "type": "if",
        "locations": [
          {
            "start": {
              "line": 66,
              "column": 6
            },
            "end": {
              "line": 67,
              "column": 15
            }
          },
          {
            "start": {},
            "end": {}
          }
        ],
        "line": 66
      },
      "6": {
        "loc": {
          "start": {
            "line": 69,
            "column": 6
          },
          "end": {
            "line": 70,
            "column": 54
          }
        },
        "type": "if",
        "locations": [
          {
            "start": {
              "line": 69,
              "column": 6
            },
            "end": {
              "line": 70,
              "column": 54
            }
          },
          {
            "start": {},
            "end": {}
          }
        ],
        "line": 69
      }
    },
    "s": {
      "0": 10,
      "1": 10,
      "2": 0,
      "3": 10,
      "4": 10,
      "5": 10,
      "6": 10,
      "7": 10,
      "8": 10,
      "9": 10,
      "10": 348,
      "11": 348,
      "12": 348,
      "13": 348,
      "14": 220,
      "15": 220,
      "16": 8,
      "17": 12,
      "18": 220,
      "19": 198,
      "20": 348,
      "21": 0,
      "22": 348,
      "23": 10,
      "24": 10,
      "25": 10,
      "26": 10,
      "27": 10,
      "28": 10,
      "29": 10,
      "30": 10,
      "31": 10,
      "32": 0,
      "33": 0,
      "34": 0,
      "35": 0,
      "36": 0
    },
    "f": {
      "0": 10,
      "1": 348,
      "2": 220,
      "3": 8,
      "4": 12,
      "5": 198,
      "6": 10,
      "7": 0
    },
    "b": {
      "0": [
        10,
        0
      ],
      "1": [
        0,
        10
      ],
      "2": [
        220,
        0
      ],
      "3": [
        0,
        348
      ],
      "4": [
        10,
        0
      ],
      "5": [
        0,
        0
      ],
      "6": [
        0,
        0
      ]
    },
    "inputSourceMap": {
      "version": 3,
      "mappings": "AA2BM;;;;;;;;;;;;;;;;AA3BN,SAAgBA,WAAWC,gBAAgB;AAC3C,OAAO;AAMA,aAAMC,SAASA,CAACC,UAAiB;AAAAC;AACtC,QAAM;AAAA,IAAEC;AAAAA,EAAM,IAAIF;AAClB,QAAM,CAACG,cAAcC,eAAe,IAAIN,SAAS,CAAC;AAElDD,YAAU,MAAM;AACd,QAAIQ,MAAMC,QAAQJ,KAAK,GAAG;AACxB,YAAMK,UAAUC,YAAY,MAAM;AAChCJ,wBAAiBK,gBAAeA,YAAY,KAAKP,MAAMQ,MAAM;AAAA,MAC/D,GAAG,GAAI;AAEP,aAAO,MAAMC,cAAcJ,OAAO;AAAA,IACpC;AAAA,EACF,GAAG,CAACL,KAAK,CAAC;AAEV,MAAI,CAACG,MAAMC,QAAQJ,KAAK,GAAG;AACzB,WAAO;AAAA,EACT;AAEA,SACE,uBAAC,SAAI,WAAU,UACb;AAAA,2BAAC,SACC,KAAKA,MAAMC,YAAY,GACvB,KAAI,eACJ,WAAU,6BACV,eAAY,iBAJd;AAAA;AAAA;AAAA;AAAA,WAI2B;AAAA,IAE3B,uBAAC,SACC,KAAKD,OAAOC,eAAe,KAAKD,MAAMQ,MAAM,GAC5C,KAAI,eACJ,WAAU,2BACV,eAAY,iBAJd;AAAA;AAAA;AAAA;AAAA,WAI2B;AAAA,OAX7B;AAAA;AAAA;AAAA;AAAA,SAaA;AAEJ;AAAET,GAlCWF,QAAM;AAAAa,KAANb;AAAM;AAAAc",
      "names": [
        "useEffect",
        "useState",
        "Slider",
        "props",
        "_s",
        "image",
        "currentIndex",
        "setCurrentIndex",
        "Array",
        "isArray",
        "timerID",
        "setInterval",
        "prevIndex",
        "length",
        "clearInterval",
        "_c",
        "$RefreshReg$"
      ],
      "sources": [
        "D:/D/_learning_frontend/_Narnia/2022/_RSS/st3-react-ssr/src/components/slider/Slider.tsx"
      ],
      "file": "D:/D/_learning_frontend/_Narnia/2022/_RSS/st3-react-ssr/src/components/slider/Slider.tsx"
    },
    "_coverageSchema": "1a1c01bbd47fc00a2c39e90264f33305004495a9",
    "hash": "24cb92c5b2b95107bc4338cdca267151e56c7c78"
  },
  "D:/D/_learning_frontend/_Narnia/2022/_RSS/st3-react-ssr/src/components/card/Card.tsx": {
    "path": "D:/D/_learning_frontend/_Narnia/2022/_RSS/st3-react-ssr/src/components/card/Card.tsx",
    "statementMap": {
      "0": {
        "start": {
          "line": 5,
          "column": 0
        },
        "end": {
          "line": 15,
          "column": 1
        }
      },
      "1": {
        "start": {
          "line": 6,
          "column": 2
        },
        "end": {
          "line": 8,
          "column": 3
        }
      },
      "2": {
        "start": {
          "line": 7,
          "column": 4
        },
        "end": {
          "line": 7,
          "column": 165
        }
      },
      "3": {
        "start": {
          "line": 9,
          "column": 2
        },
        "end": {
          "line": 9,
          "column": 39
        }
      },
      "4": {
        "start": {
          "line": 10,
          "column": 2
        },
        "end": {
          "line": 10,
          "column": 39
        }
      },
      "5": {
        "start": {
          "line": 11,
          "column": 2
        },
        "end": {
          "line": 13,
          "column": 4
        }
      },
      "6": {
        "start": {
          "line": 12,
          "column": 4
        },
        "end": {
          "line": 12,
          "column": 128
        }
      },
      "7": {
        "start": {
          "line": 14,
          "column": 2
        },
        "end": {
          "line": 14,
          "column": 75
        }
      },
      "8": {
        "start": {
          "line": 16,
          "column": 9
        },
        "end": {
          "line": 16,
          "column": 23
        }
      },
      "9": {
        "start": {
          "line": 23,
          "column": 20
        },
        "end": {
          "line": 68,
          "column": 1
        }
      },
      "10": {
        "start": {
          "line": 24,
          "column": 2
        },
        "end": {
          "line": 24,
          "column": 7
        }
      },
      "11": {
        "start": {
          "line": 31,
          "column": 6
        },
        "end": {
          "line": 31,
          "column": 11
        }
      },
      "12": {
        "start": {
          "line": 32,
          "column": 19
        },
        "end": {
          "line": 32,
          "column": 32
        }
      },
      "13": {
        "start": {
[...]
          "start": {
            "line": 6,
            "column": 2
          },
          "end": {
            "line": 8,
            "column": 3
          }
        },
        "type": "if",
        "locations": [
          {
            "start": {
              "line": 6,
              "column": 2
            },
            "end": {
              "line": 8,
              "column": 3
            }
          },
          {
            "start": {},
            "end": {}
          }
        ],
        "line": 6
      },
      "2": {
        "loc": {
          "start": {
            "line": 86,
            "column": 0
          },
          "end": {
            "line": 102,
            "column": 1
          }
        },
        "type": "if",
        "locations": [
          {
            "start": {
              "line": 86,
              "column": 0
            },
            "end": {
              "line": 102,
              "column": 1
            }
          },
          {
            "start": {},
            "end": {}
          }
        ],
        "line": 86
      },
      "3": {
        "loc": {
          "start": {
            "line": 95,
            "column": 6
          },
          "end": {
            "line": 96,
            "column": 15
          }
        },
        "type": "if",
        "locations": [
          {
            "start": {
              "line": 95,
              "column": 6
            },
            "end": {
              "line": 96,
              "column": 15
            }
          },
          {
            "start": {},
            "end": {}
          }
        ],
        "line": 95
      },
      "4": {
        "loc": {
          "start": {
            "line": 98,
            "column": 6
          },
          "end": {
            "line": 99,
            "column": 54
          }
        },
        "type": "if",
        "locations": [
          {
            "start": {
              "line": 98,
              "column": 6
            },
            "end": {
              "line": 99,
              "column": 54
            }
          },
          {
            "start": {},
            "end": {}
          }
        ],
        "line": 98
      }
    },
    "s": {
      "0": 10,
      "1": 10,
      "2": 0,
      "3": 10,
      "4": 10,
      "5": 10,
      "6": 10,
      "7": 10,
      "8": 10,
      "9": 20,
      "10": 10,
      "11": 10,
      "12": 10,
      "13": 10,
      "14": 10,
      "15": 10,
      "16": 10,
      "17": 10,
      "18": 0,
      "19": 0,
      "20": 0,
      "21": 0,
      "22": 0
    },
    "f": {
      "0": 10,
      "1": 20,
      "2": 10,
      "3": 0
    },
    "b": {
      "0": [
        10,
        0
      ],
      "1": [
        0,
        10
      ],
      "2": [
        10,
        0
      ],
      "3": [
        0,
        0
      ],
      "4": [
        0,
        0
      ]
    },
    "inputSourceMap": {
      "version": 3,
      "mappings": "AAW6D;AAX7D,OAAOA,oBAAkB;AAAA;AAAA;AAAA;AAAA;AAAA;AAAA;AAAA;AAAA;AAAA;AAAA;AAAA;AAAA;AAAA;AACzB,SAASC,QAAQC,aAAa;AAC9B,SAASC,cAAc;AACvB,SAASC,gBAAgB;AACzB,SAASC,aAAa;AACtB,SAASC,gBAAgB;AACzB,SAASC,gBAAgB;AAEzB,MAAMC,YAAsBA,MAAM;AAChC,SACE,uBAAC,UACC;AAAA,2BAAC,SAAM,MAAK,KAAI,SAAS,uBAAC,UAAO,OAAM,QAAO,SAAS,uBAAC,cAAD;AAAA;AAAA;AAAA;AAAA,WAAS,KAAvC;AAAA;AAAA;AAAA;AAAA,WAA2C,KAApE;AAAA;AAAA;AAAA;AAAA,WAAwE;AAAA,IACxE,uBAAC,SAAM,MAAK,aAAY,SAAS,uBAAC,UAAO,OAAM,YAAW,SAAS,uBAAC,WAAD;AAAA;AAAA;AAAA;AAAA,WAAM,KAAxC;AAAA;AAAA;AAAA;AAAA,WAA4C,KAA7E;AAAA;AAAA;AAAA;AAAA,WAAiF;AAAA,IACjF,uBAAC,SAAM,MAAK,SAAQ,SAAS,uBAAC,UAAO,OAAM,QAAO,SAAS,uBAAC,cAAD;AAAA;AAAA;AAAA;AAAA,WAAS,KAAvC;AAAA;AAAA;AAAA;AAAA,WAA2C,KAAxE;AAAA;AAAA;AAAA;AAAA,WAA4E;AAAA,IAC5E,uBAAC,SAAM,MAAK,KAAI,SAAS,uBAAC,UAAO,OAAM,kBAAiB,SAAS,uBAAC,cAAD;AAAA;AAAA;AAAA;AAAA,WAAS,KAAjD;AAAA;AAAA;AAAA;AAAA,WAAqD,KAA9E;AAAA;AAAA;AAAA;AAAA,WAAkF;AAAA,OAJpF;AAAA;AAAA;AAAA;AAAA,SAKA;AAEJ;AAAEC,KATID;AAWN,eAAeA;AAAU;AAAAE",
      "names": [
        "React",
        "Routes",
        "Route",
        "Layout",
        "MainPage",
        "About",
        "NotFound",
        "FormPage",
        "AppRouter",
        "_c",
        "$RefreshReg$"
      ],
      "sources": [
        "D:/D/_learning_frontend/_Narnia/2022/_RSS/st3-react-ssr/src/router.tsx"
      ],
      "file": "D:/D/_learning_frontend/_Narnia/2022/_RSS/st3-react-ssr/src/router.tsx"
    },
    "_coverageSchema": "1a1c01bbd47fc00a2c39e90264f33305004495a9",
    "hash": "7e4a2ce43cded5274e0bc89d037fd5a47d5e7bc4"
  },
  "D:/D/_learning_frontend/_Narnia/2022/_RSS/st3-react-ssr/src/App.tsx": {
    "path": "D:/D/_learning_frontend/_Narnia/2022/_RSS/st3-react-ssr/src/App.tsx",
    "statementMap": {
      "0": {
        "start": {
          "line": 5,
          "column": 0
        },
        "end": {
          "line": 15,
          "column": 1
        }
      },
      "1": {
        "start": {
          "line": 6,
          "column": 2
        },
        "end": {
          "line": 8,
          "column": 3
        }
      },
      "2": {
        "start": {
          "line": 7,
          "column": 4
        },
        "end": {
          "line": 7,
          "column": 165
        }
      },
      "3": {
        "start": {
          "line": 9,
          "column": 2
        },
        "end": {
          "line": 9,
          "column": 39
        }
      },
      "4": {
        "start": {
          "line": 10,
          "column": 2
        },
        "end": {
          "line": 10,
          "column": 39
        }
      },
      "5": {
        "start": {
          "line": 11,
          "column": 2
        },
        "end": {
          "line": 13,
          "column": 4
        }
      },
      "6": {
        "start": {
          "line": 12,
          "column": 4
        },
        "end": {
          "line": 12,
          "column": 111
        }
      },
      "7": {
        "start": {
          "line": 14,
          "column": 2
        },
        "end": {
          "line": 14,
          "column": 75
        }
      },
      "8": {
        "start": {
          "line": 17,
          "column": 12
        },
        "end": {
          "line": 27,
          "column": 1
        }
      },
      "9": {
        "start": {
          "line": 18,
          "column": 2
        },
        "end": {
          "line": 26,
          "column": 11
        }
      },
      "10": {
        "start": {
          "line": 28,
          "column": 0
        },
        "end": {
          "line": 28,
          "column": 9
        }
      },
      "11": {
        "start": {
          "line": 31,
          "column": 0
        },
        "end": {
          "line": 31,
          "column": 24
        }
      },
      "12": {
        "start": {
          "line": 32,
          "column": 0
        },
        "end": {
          "line": 48,
          "column": 1
        }
      },
      "13": {
        "start": {
          "line": 33,
          "column": 2
        },
        "end": {
          "line": 33,
          "column": 39
        }
      },
      "14": {
        "start": {
          "line": 34,
          "column": 2
        },
        "end": {
          "line": 34,
          "column": 39
        }
      },
      "15": {
        "start": {
          "line": 35,
          "column": 2
        },
        "end": {
          "line": 47,
          "column": 5
        }
      },
      "16": {
        "start": {
          "line": 39,
          "column": 4
        },
        "end": {
          "line": 39,
          "column": 137
        }
      },
      "17": {
        "start": {
          "line": 40,
          "column": 4
        },
        "end": {
          "line": 46,
          "column": 7
        }
      },
      "18": {
        "start": {
          "line": 41,
          "column": 6
        },
        "end": {
          "line": 42,
          "column": 15
        }
      },
      "19": {
        "start": {
          "line": 42,
          "column": 8
        },
        "end": {
          "line": 42,
          "column": 15
        }
      },
      "20": {
        "start": {
          "line": 43,
          "column": 32
        },
        "end": {
          "line": 43,
          "column": 115
        }
      },
      "21": {
        "start": {
          "line": 44,
          "column": 6
        },
        "end": {
          "line": 45,
          "column": 54
        }
      },
      "22": {
        "start": {
          "line": 45,
          "column": 8
        },
        "end": {
          "line": 45,
          "column": 54
        }
      }
    },
    "fnMap": {
      "0": {
        "name": "(anonymous_0)",
        "decl": {
          "start": {
            "line": 11,
            "column": 24
          },
          "end": {
            "line": 11,
            "column": 25
          }
        },
        "loc": {
          "start": {
            "line": 11,
            "column": 38
          },
          "end": {
            "line": 13,
            "column": 3
          }
        },
        "line": 11
      },
      "1": {
        "name": "(anonymous_1)",
        "decl": {
          "start": {
            "line": 17,
            "column": 12
          },
          "end": {
            "line": 17,
            "column": 13
          }
        },
        "loc": {
          "start": {
            "line": 17,
            "column": 18
          },
          "end": {
            "line": 27,
            "column": 1
          }
        },
        "line": 17
      },
      "2": {
        "name": "(anonymous_2)",
        "decl": {
          "start": {
            "line": 38,
            "column": 9
          },
          "end": {
            "line": 38,
            "column": 10
          }
        },
        "loc": {
          "start": {
            "line": 38,
            "column": 29
          },
          "end": {
            "line": 47,
            "column": 3
          }
        },
        "line": 38
      },
      "3": {
        "name": "(anonymous_3)",
        "decl": {
          "start": {
            "line": 40,
            "column": 27
          },
          "end": {
            "line": 40,
            "column": 28
          }
        },
        "loc": {
          "start": {
            "line": 40,
            "column": 44
          },
          "end": {
            "line": 46,
            "column": 5
          }
        },
        "line": 40
      }
    },
    "branchMap": {
      "0": {
        "loc": {
          "start": {
            "line": 5,
            "column": 0
          },
          "end": {
            "line": 15,
            "column": 1
          }
        },
        "type": "if",
        "locations": [
          {
            "start": {
              "line": 5,
              "column": 0
            },
            "end": {
              "line": 15,
              "column": 1
            }
          },
          {
            "start": {},
            "end": {}
          }
        ],
        "line": 5
      },
      "1": {
        "loc": {
          "start": {
            "line": 6,
            "column": 2
          },
          "end": {
            "line": 8,
            "column": 3
          }
        },
        "type": "if",
        "locations": [
          {
            "start": {
              "line": 6,
              "column": 2
            },
            "end": {
              "line": 8,
              "column": 3
            }
          },
          {
            "start": {},
            "end": {}
          }
        ],
        "line": 6
      },
      "2": {
        "loc": {
          "start": {
            "line": 32,
            "column": 0
          },
          "end": {
            "line": 48,
            "column": 1
          }
        },
        "type": "if",
        "locations": [
          {
            "start": {
              "line": 32,
              "column": 0
            },
            "end": {
              "line": 48,
              "column": 1
            }
          },
          {
            "start": {},
            "end": {}
          }
        ],
        "line": 32
      },
      "3": {
        "loc": {
          "start": {
            "line": 41,
            "column": 6
          },
          "end": {
            "line": 42,
            "column": 15
          }
        },
        "type": "if",
        "locations": [
          {
            "start": {
              "line": 41,
              "column": 6
            },
            "end": {
              "line": 42,
              "column": 15
            }
          },
          {
            "start": {},
            "end": {}
          }
        ],
        "line": 41
      },
      "4": {
        "loc": {
          "start": {
            "line": 44,
            "column": 6
          },
          "end": {
            "line": 45,
            "column": 54
          }
        },
        "type": "if",
        "locations": [
          {
            "start": {
              "line": 44,
              "column": 6
            },
            "end": {
              "line": 45,
              "column": 54
            }
          },
          {
            "start": {},
            "end": {}
          }
        ],
        "line": 44
      }
    },
    "s": {
      "0": 10,
      "1": 10,
      "2": 0,
      "3": 10,
      "4": 10,
      "5": 10,
      "6": 10,
      "7": 10,
      "8": 10,
      "9": 20,
      "10": 10,
      "11": 10,
      "12": 10,
      "13": 10,
      "14": 10,
      "15": 10,
      "16": 8,
      "17": 8,
      "18": 0,
      "19": 0,
      "20": 0,
      "21": 0,
      "22": 0
    },
    "f": {
      "0": 10,
      "1": 20,
      "2": 8,
      "3": 0
    },
    "b": {
      "0": [
        10,
        0
      ],
      "1": [
        0,
        10
      ],
      "2": [
        10,
        0
      ],
      "3": [
        0,
        0
      ],
      "4": [
        0,
        0
      ]
    },
    "inputSourceMap": {
      "version": 3,
      "mappings": "AAKI,mBACE,cADF;AALJ,OAAOA,oBAAkB;AAAA;AAAA;AAAA;AAAA;AAAA;AAAA;AAAA;AAAA;AAAA;AAAA;AAAA;AAAA;AAAA;AACzB,OAAOC,eAAe;AAEtB,MAAMC,MAAMA,MAAM;AAChB,SACE,mCACE,iCAAC,aAAU,eAAY,gBAAvB;AAAA;AAAA;AAAA;AAAA,SAAmC,KADrC;AAAA;AAAA;AAAA;AAAA,SAEA;AAEJ;AAAEC,KANID;AAQN,eAAeA;AAAI;AAAAE",
      "names": [
        "React",
        "AppRouter",
        "App",
        "_c",
        "$RefreshReg$"
      ],
      "sources": [
        "D:/D/_learning_frontend/_Narnia/2022/_RSS/st3-react-ssr/src/App.tsx"
      ],
      "file": "D:/D/_learning_frontend/_Narnia/2022/_RSS/st3-react-ssr/src/App.tsx"
    },
    "_coverageSchema": "1a1c01bbd47fc00a2c39e90264f33305004495a9",
    "hash": "68f42e195f5f275b0db64b4970baa730d49504e0"
  },
  "D:/D/_learning_frontend/_Narnia/2022/_RSS/st3-react-ssr/src/store.tsx": {
    "path": "D:/D/_learning_frontend/_Narnia/2022/_RSS/st3-react-ssr/src/store.tsx",
    "statementMap": {
      "0": {
        "start": {
          "line": 5,
          "column": 21
        },
        "end": {
          "line": 18,
          "column": 2
        }
      },
      "1": {
        "start": {
          "line": 12,
          "column": 4
        },
        "end": {
          "line": 16,
          "column": 7
        }
      }
    },
    "fnMap": {
      "0": {
        "name": "(anonymous_0)",
        "decl": {
          "start": {
            "line": 11,
            "column": 14
          },
          "end": {
            "line": 11,
            "column": 15
          }
        },
        "loc": {
          "start": {
            "line": 11,
            "column": 40
          },
          "end": {
            "line": 17,
            "column": 3
          }
        },
        "line": 11
      }
    },
    "branchMap": {},
    "s": {
      "0": 10,
      "1": 10
    },
    "f": {
      "0": 10
    },
    "b": {},
    "inputSourceMap": {
      "version": 3,
      "mappings": "AAAA,SAASA,iBAAiBC,sBAAsB;AAChD,SAASC,mBAAmB;AAC5B,SAASC,kBAAkB;AAC3B,SAASC,kBAAkB;AAIpB,aAAMC,QAAQJ,eAAe;AAAA,EAClCK,SAASN,gBAAgB;AAAA,IACvBO,MAAML;AAAAA,IACNM,OAAOL,WAAWG;AAAAA,IAClBG,MAAML,WAAWE;AAAAA,EACnB,CAAC;AAAA,EACDI,YAAaC,0BAAyB;AACpC,WAAOA,qBAAqB;AAAA,MAC1BC,mBAAmB;AAAA,QACjBC,cAAc,CAAC,kBAAkB;AAAA,MACnC;AAAA,IACF,CAAC;AAAA,EACH;AACF,CAAC",
      "names": [
        "combineReducers",
        "configureStore",
        "rootReducer",
        "cardsSlice",
        "plantSlice",
        "store",
        "reducer",
        "root",
        "cards",
        "card",
        "middleware",
        "getDefaultMiddleware",
        "serializableCheck",
        "ignoredPaths"
      ],
      "sources": [
        "D:/D/_learning_frontend/_Narnia/2022/_RSS/st3-react-ssr/src/store.tsx"
      ],
      "file": "D:/D/_learning_frontend/_Narnia/2022/_RSS/st3-react-ssr/src/store.tsx"
    },
    "_coverageSchema": "1a1c01bbd47fc00a2c39e90264f33305004495a9",
    "hash": "7b6d4dd81ec0291e1f2d4904422a1090de696f25"
  },
  "D:/D/_learning_frontend/_Narnia/2022/_RSS/st3-react-ssr/src/main.tsx": {
    "path": "D:/D/_learning_frontend/_Narnia/2022/_RSS/st3-react-ssr/src/main.tsx",
    "statementMap": {
      "0": {
        "start": {
          "line": 9,
          "column": 20
        },
        "end": {
          "line": 9,
          "column": 51
        }
      },
      "1": {
        "start": {
          "line": 10,
          "column": 0
        },
        "end": {
          "line": 30,
          "column": 1
        }
      },
      "2": {
        "start": {
          "line": 11,
          "column": 2
        },
        "end": {
          "line": 27,
          "column": 12
        }
      },
      "3": {
        "start": {
          "line": 29,
          "column": 2
        },
        "end": {
          "line": 29,
          "column": 62
        }
      }
    },
    "fnMap": {},
    "branchMap": {
      "0": {
        "loc": {
          "start": {
            "line": 10,
            "column": 0
          },
          "end": {
            "line": 30,
            "column": 1
          }
        },
        "type": "if",
        "locations": [
          {
            "start": {
              "line": 10,
              "column": 0
            },
            "end": {
              "line": 30,
              "column": 1
            }
          },
          {
            "start": {
              "line": 28,
              "column": 7
            },
            "end": {
              "line": 30,
              "column": 1
            }
          }
        ],
        "line": 10
      }
    },
    "s": {
      "0": 10,
      "1": 10,
      "2": 10,
      "3": 0
    },
    "f": {},
    "b": {
      "0": [
        10,
        0
      ]
    },
    "inputSourceMap": {
      "version": 3,
      "mappings": "AAgBU;AAhBV,OAAOA,WAAW;AAClB,SAASC,kBAAkB;AAC3B,SAASC,gBAAgB;AACzB,SAASC,qBAAqB;AAE9B,OAAOC,SAAS;AAChB,SAASC,aAAa;AACtB,OAAO;AAEP,MAAMC,cAAcC,SAASC,eAAe,MAAM;AAElD,IAAIF,aAAa;AACfL,aAAWK,WAAW,EAAEG,OACtB,uBAAC,MAAM,YAAN,EACC,iCAAC,YAAS,OACR,iCAAC,iBACC,iCAAC,SAAD;AAAA;AAAA;AAAA;AAAA,SAAI,KADN;AAAA;AAAA;AAAA;AAAA,SAEA,KAHF;AAAA;AAAA;AAAA;AAAA,SAIA,KALF;AAAA;AAAA;AAAA;AAAA,SAMA,CAAmB;AAEvB,OAAO;AACLC,UAAQC,MAAM,4CAA4C;AAC5D",
      "names": [
        "React",
        "createRoot",
        "Provider",
        "BrowserRouter",
        "App",
        "store",
        "rootElement",
        "document",
        "getElementById",
        "render",
        "console",
        "error"
      ],
      "sources": [
        "D:/D/_learning_frontend/_Narnia/2022/_RSS/st3-react-ssr/src/main.tsx"
      ],
      "file": "D:/D/_learning_frontend/_Narnia/2022/_RSS/st3-react-ssr/src/main.tsx"
    },
    "_coverageSchema": "1a1c01bbd47fc00a2c39e90264f33305004495a9",
    "hash": "b90113251e725972ef99c4c22defa83eb477929a"
  },
  "D:/D/_learning_frontend/_Narnia/2022/_RSS/st3-react-ssr/src/pages/page-form/form-type.tsx": {
    "path": "D:/D/_learning_frontend/_Narnia/2022/_RSS/st3-react-ssr/src/pages/page-form/form-type.tsx",
    "statementMap": {},
    "fnMap": {},
    "branchMap": {},
    "s": {},
    "f": {},
    "b": {}
  }
}
